[0.009s] Invoking command in '/home/luchino/RT_first_assignment/build/assignment1_rt': CMAKE_PREFIX_PATH=${CMAKE_PREFIX_PATH}:/home/luchino/ros_ws/install/first_package_py:/opt/ros/jazzy /usr/bin/cmake --build /home/luchino/RT_first_assignment/build/assignment1_rt -- -j8 -l8
[0.057s] [ 50%] Built target distance
[0.061s] [ 75%] [32mBuilding CXX object CMakeFiles/ui.dir/src/ui_node.cpp.o[0m
[2.063s] [01m[K/home/luchino/RT_first_assignment/src/assignment1_rt/src/ui_node.cpp:58:9:[m[K [01;31m[Kerror: [m[Kâ€˜[01m[Kstop_turtle[m[Kâ€™ does not name a type
[2.063s]    58 |         [01;31m[Kstop_turtle[m[K.linear.x = 0.0;
[2.063s]       |         [01;31m[K^~~~~~~~~~~[m[K
[2.064s] [01m[K/home/luchino/RT_first_assignment/src/assignment1_rt/src/ui_node.cpp:59:9:[m[K [01;31m[Kerror: [m[Kâ€˜[01m[Kstop_turtle[m[Kâ€™ does not name a type
[2.064s]    59 |         [01;31m[Kstop_turtle[m[K.linear.y = 0.0;
[2.065s]       |         [01;31m[K^~~~~~~~~~~[m[K
[2.067s] [01m[K/home/luchino/RT_first_assignment/src/assignment1_rt/src/ui_node.cpp:60:9:[m[K [01;31m[Kerror: [m[Kâ€˜[01m[Kstop_turtle[m[Kâ€™ does not name a type
[2.067s]    60 |         [01;31m[Kstop_turtle[m[K.linear.z = 0.0;
[2.067s]       |         [01;31m[K^~~~~~~~~~~[m[K
[2.069s] [01m[K/home/luchino/RT_first_assignment/src/assignment1_rt/src/ui_node.cpp:62:9:[m[K [01;31m[Kerror: [m[Kâ€˜[01m[Kstop_turtle[m[Kâ€™ does not name a type
[2.069s]    62 |         [01;31m[Kstop_turtle[m[K.angular.x = 0.0;
[2.069s]       |         [01;31m[K^~~~~~~~~~~[m[K
[2.070s] [01m[K/home/luchino/RT_first_assignment/src/assignment1_rt/src/ui_node.cpp:63:9:[m[K [01;31m[Kerror: [m[Kâ€˜[01m[Kstop_turtle[m[Kâ€™ does not name a type
[2.070s]    63 |         [01;31m[Kstop_turtle[m[K.angular.y = 0.0;
[2.070s]       |         [01;31m[K^~~~~~~~~~~[m[K
[2.072s] [01m[K/home/luchino/RT_first_assignment/src/assignment1_rt/src/ui_node.cpp:64:9:[m[K [01;31m[Kerror: [m[Kâ€˜[01m[Kstop_turtle[m[Kâ€™ does not name a type
[2.072s]    64 |         [01;31m[Kstop_turtle[m[K.angular.z = 0.0;
[2.072s]       |         [01;31m[K^~~~~~~~~~~[m[K
[2.085s] [01m[K/home/luchino/RT_first_assignment/src/assignment1_rt/src/ui_node.cpp:[m[K In member function â€˜[01m[Kvoid Input_Controller::[01;32m[Ktimer_callback[m[K()[m[Kâ€™:
[2.085s] [01m[K/home/luchino/RT_first_assignment/src/assignment1_rt/src/ui_node.cpp:49:13:[m[K [01;31m[Kerror: [m[Kâ€˜[01m[Kdistance[m[Kâ€™ was not declared in this scope; did you mean â€˜[01m[Kstd::distance[m[Kâ€™?
[2.085s]    49 |             [01;31m[Kdistance[m[K.data = sqrt(pow((pos_t2.x-pos_t1.x),2) + pow((pos_t2.y-pos_t1.y),2));
[2.085s]       |             [01;31m[K^~~~~~~~[m[K
[2.085s]       |             [32m[Kstd::distance[m[K
[2.085s] In file included from [01m[K/usr/include/c++/13/bits/stl_construct.h:62[m[K,
[2.085s]                  from [01m[K/usr/include/c++/13/bits/stl_tempbuf.h:61[m[K,
[2.085s]                  from [01m[K/usr/include/c++/13/memory:66[m[K,
[2.085s]                  from [01m[K/opt/ros/jazzy/include/rclcpp/rclcpp/rclcpp.hpp:169[m[K,
[2.085s]                  from [01m[K/home/luchino/RT_first_assignment/src/assignment1_rt/src/ui_node.cpp:1[m[K:
[2.085s] [01m[K/usr/include/c++/13/bits/stl_iterator_base_funcs.h:148:5:[m[K [01;36m[Knote: [m[Kâ€˜[01m[Kstd::distance[m[Kâ€™ declared here
[2.085s]   148 |     [01;36m[Kdistance[m[K(_InputIterator __first, _InputIterator __last)
[2.085s]       |     [01;36m[K^~~~~~~~[m[K
[2.090s] [01m[K/home/luchino/RT_first_assignment/src/assignment1_rt/src/ui_node.cpp:49:39:[m[K [01;31m[Kerror: [m[Kâ€˜[01m[Kpos_t2[m[Kâ€™ was not declared in this scope; did you mean â€˜[01m[Kfpos_t[m[Kâ€™?
[2.091s]    49 |             distance.data = sqrt(pow(([01;31m[Kpos_t2[m[K.x-pos_t1.x),2) + pow((pos_t2.y-pos_t1.y),2));
[2.091s]       |                                       [01;31m[K^~~~~~[m[K
[2.091s]       |                                       [32m[Kfpos_t[m[K
[2.095s] [01m[K/home/luchino/RT_first_assignment/src/assignment1_rt/src/ui_node.cpp:49:48:[m[K [01;31m[Kerror: [m[Kâ€˜[01m[Kpos_t1[m[Kâ€™ was not declared in this scope; did you mean â€˜[01m[Kfpos_t[m[Kâ€™?
[2.096s]    49 |             distance.data = sqrt(pow((pos_t2.x-[01;31m[Kpos_t1[m[K.x),2) + pow((pos_t2.y-pos_t1.y),2));
[2.096s]       |                                                [01;31m[K^~~~~~[m[K
[2.096s]       |                                                [32m[Kfpos_t[m[K
[2.102s] [01m[K/home/luchino/RT_first_assignment/src/assignment1_rt/src/ui_node.cpp:50:13:[m[K [01;31m[Kerror: [m[Kâ€˜[01m[Kpublisher_[m[Kâ€™ was not declared in this scope; did you mean â€˜[01m[Kt1_publisher_[m[Kâ€™?
[2.102s]    50 |             [01;31m[Kpublisher_[m[K->publish(distance);
[2.102s]       |             [01;31m[K^~~~~~~~~~[m[K
[2.102s]       |             [32m[Kt1_publisher_[m[K
[3.202s] gmake[2]: *** [CMakeFiles/ui.dir/build.make:76: CMakeFiles/ui.dir/src/ui_node.cpp.o] Error 1
[3.202s] gmake[1]: *** [CMakeFiles/Makefile2:139: CMakeFiles/ui.dir/all] Error 2
[3.202s] gmake: *** [Makefile:146: all] Error 2
[3.206s] Invoked command in '/home/luchino/RT_first_assignment/build/assignment1_rt' returned '2': CMAKE_PREFIX_PATH=${CMAKE_PREFIX_PATH}:/home/luchino/ros_ws/install/first_package_py:/opt/ros/jazzy /usr/bin/cmake --build /home/luchino/RT_first_assignment/build/assignment1_rt -- -j8 -l8
