[0.009s] Invoking command in '/home/luchino/RT_first_assignment/build/assignment1_rt': CMAKE_PREFIX_PATH=${CMAKE_PREFIX_PATH}:/home/luchino/ros_ws/install/first_package_py:/opt/ros/jazzy /usr/bin/cmake --build /home/luchino/RT_first_assignment/build/assignment1_rt -- -j8 -l8
[0.070s] [ 25%] [32mBuilding CXX object CMakeFiles/distance.dir/src/distance_node.cpp.o[0m
[0.071s] [ 50%] [32mBuilding CXX object CMakeFiles/ui.dir/src/ui_node.cpp.o[0m
[2.759s] [01m[K/home/luchino/RT_first_assignment/src/assignment1_rt/src/ui_node.cpp:[m[K In constructor â€˜[01m[KInput_Controller::[01;32m[KInput_Controller[m[K()[m[Kâ€™:
[2.759s] [01m[K/home/luchino/RT_first_assignment/src/assignment1_rt/src/ui_node.cpp:13:13:[m[K [01;31m[Kerror: [m[Kâ€˜[01m[Kdistance_sub_[m[Kâ€™ was not declared in this scope
[2.759s]    13 |             [01;31m[Kdistance_sub_[m[K = this->create_subscription<std_msgs::msg::Float32>("distance", 10, std::bind(&Distance_Check::turtle1_pose, this, _1));
[2.759s]       |             [01;31m[K^~~~~~~~~~~~~[m[K
[2.759s] [01m[K/home/luchino/RT_first_assignment/src/assignment1_rt/src/ui_node.cpp:13:106:[m[K [01;31m[Kerror: [m[Kâ€˜[01m[KDistance_Check[m[Kâ€™ has not been declared
[2.759s]    13 | iption<std_msgs::msg::Float32>("distance", 10, std::bind(&[01;31m[KDistance_Check[m[K::turtle1_pose, this, _1));
[2.759s]       |                                                           [01;31m[K^~~~~~~~~~~~~~[m[K
[2.760s] 
[3.896s] gmake[2]: *** [CMakeFiles/ui.dir/build.make:76: CMakeFiles/ui.dir/src/ui_node.cpp.o] Error 1
[3.896s] gmake[1]: *** [CMakeFiles/Makefile2:139: CMakeFiles/ui.dir/all] Error 2
[3.896s] gmake[1]: *** Waiting for unfinished jobs....
[8.667s] [ 75%] [32m[1mLinking CXX executable distance[0m
[9.067s] [ 75%] Built target distance
[9.069s] gmake: *** [Makefile:146: all] Error 2
[9.072s] Invoked command in '/home/luchino/RT_first_assignment/build/assignment1_rt' returned '2': CMAKE_PREFIX_PATH=${CMAKE_PREFIX_PATH}:/home/luchino/ros_ws/install/first_package_py:/opt/ros/jazzy /usr/bin/cmake --build /home/luchino/RT_first_assignment/build/assignment1_rt -- -j8 -l8
