[0.018s] Invoking command in '/home/luchino/RT_first_assignment/build/assignment1_rt': CMAKE_PREFIX_PATH=${CMAKE_PREFIX_PATH}:/home/luchino/ros_ws/install/first_package_py:/opt/ros/jazzy /usr/bin/cmake --build /home/luchino/RT_first_assignment/build/assignment1_rt -- -j8 -l8
[0.129s] [ 25%] [32mBuilding CXX object CMakeFiles/ui.dir/src/ui_node.cpp.o[0m
[0.129s] [ 50%] [32mBuilding CXX object CMakeFiles/distance.dir/src/distance_node.cpp.o[0m
[0.436s] [01m[K/home/luchino/RT_first_assignment/src/assignment1_rt/src/ui_node.cpp:20:29:[m[K [01;35m[Kwarning: [m[Kmissing terminating " character
[0.436s]    20 |                 std::cout<< [01;35m[K"[m[KInserisci VelocitÃ  Lineare\n
[0.436s]       |                             [01;35m[K^[m[K
[0.437s] [01m[K/home/luchino/RT_first_assignment/src/assignment1_rt/src/ui_node.cpp:20:29:[m[K [01;31m[Kerror: [m[Kmissing terminating " character
[0.437s]    20 |                 std::cout<< [01;31m[K"Inserisci VelocitÃ  Lineare\n[m[K
[0.437s]       |                             [01;31m[K^~~~~~~~~~~~~~~~~~~~~~~~~~~~~[m[K
[0.437s] [01m[K/home/luchino/RT_first_assignment/src/assignment1_rt/src/ui_node.cpp:21:32:[m[K [01;35m[Kwarning: [m[Kmissing terminating " character
[0.437s]    21 |                              x:[01;35m[K"[m[K
[0.438s]       |                                [01;35m[K^[m[K
[0.438s] [01m[K/home/luchino/RT_first_assignment/src/assignment1_rt/src/ui_node.cpp:21:32:[m[K [01;31m[Kerror: [m[Kmissing terminating " character
[0.438s] [01m[K/home/luchino/RT_first_assignment/src/assignment1_rt/src/ui_node.cpp:28:29:[m[K [01;35m[Kwarning: [m[Kmissing terminating " character
[0.438s]    28 |                 std::cout<< [01;35m[K"[m[KInserisci VelocitÃ  Angolare\n
[0.438s]       |                             [01;35m[K^[m[K
[0.438s] [01m[K/home/luchino/RT_first_assignment/src/assignment1_rt/src/ui_node.cpp:28:29:[m[K [01;31m[Kerror: [m[Kmissing terminating " character
[0.439s]    28 |                 std::cout<< [01;31m[K"Inserisci VelocitÃ  Angolare\n[m[K
[0.439s]       |                             [01;31m[K^~~~~~~~~~~~~~~~~~~~~~~~~~~~~~[m[K
[0.439s] [01m[K/home/luchino/RT_first_assignment/src/assignment1_rt/src/ui_node.cpp:29:32:[m[K [01;35m[Kwarning: [m[Kmissing terminating " character
[0.439s]    29 |                              x:[01;35m[K"[m[K
[0.439s]       |                                [01;35m[K^[m[K
[0.439s] [01m[K/home/luchino/RT_first_assignment/src/assignment1_rt/src/ui_node.cpp:29:32:[m[K [01;31m[Kerror: [m[Kmissing terminating " character
[2.717s] [01m[K/home/luchino/RT_first_assignment/src/assignment1_rt/src/ui_node.cpp:62:2:[m[K [01;31m[Kerror: [m[Kexpected â€˜[01m[K;[m[Kâ€™ after class definition
[2.717s]    62 | }
[2.717s]       |  [01;31m[K^[m[K
[2.717s]       |  [32m[K;[m[K
[2.717s] [01m[K/home/luchino/RT_first_assignment/src/assignment1_rt/src/ui_node.cpp:59:50:[m[K [01;31m[Kerror: [m[Kexpected â€˜[01m[K}[m[Kâ€™ before numeric constant
[2.717s]    59 |                                                  [01;31m[K0.0[m[K , 0.0 , 0.0};
[2.717s]       |                                                  [01;31m[K^~~[m[K
[2.717s] [01m[K/home/luchino/RT_first_assignment/src/assignment1_rt/src/ui_node.cpp:58:49:[m[K [01;36m[Knote: [m[Kto match this â€˜[01m[K{[m[Kâ€™
[2.717s]    58 |         geometry_msgs::msg::Twist stop_turtle = [01;36m[K{[m[K0.0 , 0.0 , 0.0
[2.718s]       |                                                 [01;36m[K^[m[K
[2.718s] [01m[K/home/luchino/RT_first_assignment/src/assignment1_rt/src/ui_node.cpp:59:50:[m[K [01;31m[Kerror: [m[Kcould not convert â€˜[01m[K{0.0, 0.0, 0.0}[m[Kâ€™ from â€˜[01m[K<brace-enclosed initializer list>[m[Kâ€™ to â€˜[01m[Kgeometry_msgs::msg::Twist[m[Kâ€™ {aka â€˜[01m[Kgeometry_msgs::msg::Twist_<std::allocator<void> >[m[Kâ€™}
[2.718s]    59 |                                                  [01;31m[K0.0[m[K , 0.0 , 0.0};
[2.718s]       |                                                  [01;31m[K^~~[m[K
[2.718s]       |                                                  [01;31m[K|[m[K
[2.718s]       |                                                  [01;31m[K<brace-enclosed initializer list>[m[K
[2.718s] [01m[K/home/luchino/RT_first_assignment/src/assignment1_rt/src/ui_node.cpp:59:50:[m[K [01;31m[Kerror: [m[Kexpected â€˜[01m[K;[m[Kâ€™ before numeric constant
[2.726s] [01m[K/home/luchino/RT_first_assignment/src/assignment1_rt/src/ui_node.cpp:[m[K In constructor â€˜[01m[KInput_Controller::[01;32m[KInput_Controller[m[K()[m[Kâ€™:
[2.726s] [01m[K/home/luchino/RT_first_assignment/src/assignment1_rt/src/ui_node.cpp:11:13:[m[K [01;31m[Kerror: [m[Kâ€˜[01m[Ktimer_[m[Kâ€™ was not declared in this scope; did you mean â€˜[01m[Ktimer_t[m[Kâ€™?
[2.726s]    11 |             [01;31m[Ktimer_[m[K = this->create_wall_timer(std::chrono::milliseconds(1000), std::bind(&Distance_Check::input_loop, this));
[2.727s]       |             [01;31m[K^~~~~~[m[K
[2.727s]       |             [32m[Ktimer_t[m[K
[2.727s] [01m[K/home/luchino/RT_first_assignment/src/assignment1_rt/src/ui_node.cpp:11:90:[m[K [01;31m[Kerror: [m[Kâ€˜[01m[KDistance_Check[m[Kâ€™ has not been declared
[2.727s]    11 |             timer_ = this->create_wall_timer(std::chrono::milliseconds(1000), std::bind(&[01;31m[KDistance_Check[m[K::input_loop, this));
[2.728s]       |                                                                                          [01;31m[K^~~~~~~~~~~~~~[m[K
[2.728s] [01m[K/home/luchino/RT_first_assignment/src/assignment1_rt/src/ui_node.cpp:[m[K In member function â€˜[01m[Kvoid Input_Controller::[01;32m[Kinput_loop[m[K()[m[Kâ€™:
[2.728s] [01m[K/home/luchino/RT_first_assignment/src/assignment1_rt/src/ui_node.cpp:21:31:[m[K [01;31m[Kerror: [m[Kfound â€˜[01m[K:[m[Kâ€™ in nested-name-specifier, expected â€˜[01m[K::[m[Kâ€™
[2.728s]    21 |                              x[01;31m[K:[m[K"
[2.728s]       |                               [01;31m[K^[m[K
[2.728s]       |                               [32m[K::[m[K
[2.728s] [01m[K/home/luchino/RT_first_assignment/src/assignment1_rt/src/ui_node.cpp:21:30:[m[K [01;31m[Kerror: [m[Kâ€˜[01m[Kx[m[Kâ€™ has not been declared
[2.728s]    21 |                              [01;31m[Kx[m[K:"
[2.729s]       |                              [01;31m[K^[m[K
[2.729s] [01m[K/home/luchino/RT_first_assignment/src/assignment1_rt/src/ui_node.cpp:24:17:[m[K [01;31m[Kerror: [m[Kexpected â€˜[01m[K;[m[Kâ€™ before â€˜[01m[Kstd[m[Kâ€™
[2.729s]    24 |                 [01;31m[Kstd[m[K::cin >> vel_input.linear.y;
[2.729s]       |                 [01;31m[K^~~[m[K
[2.729s] [01m[K/home/luchino/RT_first_assignment/src/assignment1_rt/src/ui_node.cpp:26:17:[m[K [01;31m[Kerror: [m[Kexpected â€˜[01m[K;[m[Kâ€™ before â€˜[01m[Kstd[m[Kâ€™
[2.729s]    26 |                 [01;31m[Kstd[m[K::cin >> vel_input.linear.z;
[2.729s]       |                 [01;31m[K^~~[m[K
[2.730s] [01m[K/home/luchino/RT_first_assignment/src/assignment1_rt/src/ui_node.cpp:29:31:[m[K [01;31m[Kerror: [m[Kfound â€˜[01m[K:[m[Kâ€™ in nested-name-specifier, expected â€˜[01m[K::[m[Kâ€™
[2.730s]    29 |                              x[01;31m[K:[m[K"
[2.730s]       |                               [01;31m[K^[m[K
[2.730s]       |                               [32m[K::[m[K
[2.730s] [01m[K/home/luchino/RT_first_assignment/src/assignment1_rt/src/ui_node.cpp:29:30:[m[K [01;31m[Kerror: [m[Kâ€˜[01m[Kx[m[Kâ€™ has not been declared
[2.731s]    29 |                              [01;31m[Kx[m[K:"
[2.731s]       |                              [01;31m[K^[m[K
[2.731s] [01m[K/home/luchino/RT_first_assignment/src/assignment1_rt/src/ui_node.cpp:32:17:[m[K [01;31m[Kerror: [m[Kexpected â€˜[01m[K;[m[Kâ€™ before â€˜[01m[Kstd[m[Kâ€™
[2.731s]    32 |                 [01;31m[Kstd[m[K::cin >> vel_input.angular.y;
[2.731s]       |                 [01;31m[K^~~[m[K
[2.731s] [01m[K/home/luchino/RT_first_assignment/src/assignment1_rt/src/ui_node.cpp:34:17:[m[K [01;31m[Kerror: [m[Kexpected â€˜[01m[K;[m[Kâ€™ before â€˜[01m[Kstd[m[Kâ€™
[2.731s]    34 |                 [01;31m[Kstd[m[K::cin >> vel_input.angular.z;
[2.731s]       |                 [01;31m[K^~~[m[K
[2.732s] [01m[K/home/luchino/RT_first_assignment/src/assignment1_rt/src/ui_node.cpp:[m[K In member function â€˜[01m[Kvoid Input_Controller::[01;32m[Ktimer_callback[m[K()[m[Kâ€™:
[2.732s] [01m[K/home/luchino/RT_first_assignment/src/assignment1_rt/src/ui_node.cpp:51:13:[m[K [01;31m[Kerror: [m[Kâ€˜[01m[Kdistance[m[Kâ€™ was not declared in this scope; did you mean â€˜[01m[Kstd::distance[m[Kâ€™?
[2.732s]    51 |             [01;31m[Kdistance[m[K = sqrt((pos_t2.x-pos_t1.x)^2 + (pos_t2.y-pos_t1.y)^2);
[2.732s]       |             [01;31m[K^~~~~~~~[m[K
[2.732s]       |             [32m[Kstd::distance[m[K
[2.732s] In file included from [01m[K/usr/include/c++/13/bits/stl_construct.h:62[m[K,
[2.732s]                  from [01m[K/usr/include/c++/13/bits/stl_tempbuf.h:61[m[K,
[2.732s]                  from [01m[K/usr/include/c++/13/memory:66[m[K,
[2.732s]                  from [01m[K/opt/ros/jazzy/include/rclcpp/rclcpp/rclcpp.hpp:169[m[K,
[2.732s]                  from [01m[K/home/luchino/RT_first_assignment/src/assignment1_rt/src/ui_node.cpp:1[m[K:
[2.732s] [01m[K/usr/include/c++/13/bits/stl_iterator_base_funcs.h:148:5:[m[K [01;36m[Knote: [m[Kâ€˜[01m[Kstd::distance[m[Kâ€™ declared here
[2.733s]   148 |     [01;36m[Kdistance[m[K(_InputIterator __first, _InputIterator __last)
[2.733s]       |     [01;36m[K^~~~~~~~[m[K
[2.742s] [01m[K/home/luchino/RT_first_assignment/src/assignment1_rt/src/ui_node.cpp:51:30:[m[K [01;31m[Kerror: [m[Kâ€˜[01m[Kpos_t2[m[Kâ€™ was not declared in this scope; did you mean â€˜[01m[Kfpos_t[m[Kâ€™?
[2.742s]    51 |             distance = sqrt(([01;31m[Kpos_t2[m[K.x-pos_t1.x)^2 + (pos_t2.y-pos_t1.y)^2);
[2.742s]       |                              [01;31m[K^~~~~~[m[K
[2.743s]       |                              [32m[Kfpos_t[m[K
[2.751s] [01m[K/home/luchino/RT_first_assignment/src/assignment1_rt/src/ui_node.cpp:51:39:[m[K [01;31m[Kerror: [m[Kâ€˜[01m[Kpos_t1[m[Kâ€™ was not declared in this scope; did you mean â€˜[01m[Kfpos_t[m[Kâ€™?
[2.751s]    51 |             distance = sqrt((pos_t2.x-[01;31m[Kpos_t1[m[K.x)^2 + (pos_t2.y-pos_t1.y)^2);
[2.751s]       |                                       [01;31m[K^~~~~~[m[K
[2.751s]       |                                       [32m[Kfpos_t[m[K
[2.759s] [01m[K/home/luchino/RT_first_assignment/src/assignment1_rt/src/ui_node.cpp:52:13:[m[K [01;31m[Kerror: [m[Kâ€˜[01m[Kpublisher_[m[Kâ€™ was not declared in this scope; did you mean â€˜[01m[Kt1_publisher_[m[Kâ€™?
[2.759s]    52 |             [01;31m[Kpublisher_[m[K->publish(distance);
[2.759s]       |             [01;31m[K^~~~~~~~~~[m[K
[2.759s]       |             [32m[Kt1_publisher_[m[K
[2.836s] [01m[K/home/luchino/RT_first_assignment/src/assignment1_rt/src/distance_node.cpp:[m[K In constructor â€˜[01m[KDistance_Check::[01;32m[KDistance_Check[m[K()[m[Kâ€™:
[2.836s] [01m[K/home/luchino/RT_first_assignment/src/assignment1_rt/src/distance_node.cpp:11:109:[m[K [01;31m[Kerror: [m[Kâ€˜[01m[KTurtlesimController[m[Kâ€™ has not been declared
[2.836s]    11 |             turtle1_pose_ = this->create_subscription<turtlesim::msg::Pose>("/turtle2/pose", 10, std::bind(&[01;31m[KTurtlesimController[m[K::turtle1_pose, this, _1));
[2.836s]       |                                                                                                             [01;31m[K^~~~~~~~~~~~~~~~~~~[m[K
[2.837s] [01m[K/home/luchino/RT_first_assignment/src/assignment1_rt/src/distance_node.cpp:11:150:[m[K [01;31m[Kerror: [m[Kâ€˜[01m[K_1[m[Kâ€™ was not declared in this scope; did you mean â€˜[01m[Kstd::placeholders::_1[m[Kâ€™?
[2.837s]    11 |             turtle1_pose_ = this->create_subscription<turtlesim::msg::Pose>("/turtle2/pose", 10, std::bind(&TurtlesimController::turtle1_pose, this, [01;31m[K_1[m[K));
[2.837s]       |                                                                                                                                                      [01;31m[K^~[m[K
[2.837s]       |                                                                                                                                                      [32m[Kstd::placeholders::_1[m[K
[2.837s] In file included from [01m[K/opt/ros/jazzy/include/rclcpp/rclcpp/utilities.hpp:19[m[K,
[2.838s]                  from [01m[K/opt/ros/jazzy/include/rclcpp/rclcpp/logging.hpp:25[m[K,
[2.838s]                  from [01m[K/opt/ros/jazzy/include/rclcpp/rclcpp/copy_all_parameter_values.hpp:27[m[K,
[2.838s]                  from [01m[K/opt/ros/jazzy/include/rclcpp/rclcpp/rclcpp.hpp:171[m[K,
[2.838s]                  from [01m[K/home/luchino/RT_first_assignment/src/assignment1_rt/src/distance_node.cpp:1[m[K:
[2.838s] [01m[K/usr/include/c++/13/functional:294:48:[m[K [01;36m[Knote: [m[Kâ€˜[01m[Kstd::placeholders::_1[m[Kâ€™ declared here
[2.838s]   294 |     _GLIBCXX_PLACEHOLDER const _Placeholder<1> [01;36m[K_1[m[K;
[2.838s]       |                                                [01;36m[K^~[m[K
[2.838s] [01m[K/home/luchino/RT_first_assignment/src/assignment1_rt/src/distance_node.cpp:12:109:[m[K [01;31m[Kerror: [m[Kâ€˜[01m[KTurtlesimController[m[Kâ€™ has not been declared
[2.838s]    12 |             turtle2_pose_ = this->create_subscription<turtlesim::msg::Pose>("/turtle2/pose", 10, std::bind(&[01;31m[KTurtlesimController[m[K::turtle2_pose, this, _1));
[2.838s]       |                                                                                                             [01;31m[K^~~~~~~~~~~~~~~~~~~[m[K
[2.844s] [01m[K/home/luchino/RT_first_assignment/src/assignment1_rt/src/distance_node.cpp:13:13:[m[K [01;31m[Kerror: [m[Kâ€˜[01m[Ktimer_[m[Kâ€™ was not declared in this scope; did you mean â€˜[01m[Ktimer_t[m[Kâ€™?
[2.844s]    13 |             [01;31m[Ktimer_[m[K = this->create_wall_timer(std::chrono::milliseconds(1000), std::bind(&Distance_Check::timer_callback, this));
[2.844s]       |             [01;31m[K^~~~~~[m[K
[2.844s]       |             [32m[Ktimer_t[m[K
[2.854s] [01m[K/home/luchino/RT_first_assignment/src/assignment1_rt/src/distance_node.cpp:[m[K In member function â€˜[01m[Kvoid Distance_Check::[01;32m[Ktimer_callback[m[K()[m[Kâ€™:
[2.854s] [01m[K/home/luchino/RT_first_assignment/src/assignment1_rt/src/distance_node.cpp:17:48:[m[K [01;31m[Kerror: [m[Kinvalid operands of types â€˜[01m[Kturtlesim::msg::Pose_<std::allocator<void> >::_x_type[m[Kâ€™ {aka â€˜[01m[Kfloat[m[Kâ€™} and â€˜[01m[Kturtlesim::msg::Pose_<std::allocator<void> >::_y_type[m[Kâ€™ {aka â€˜[01m[Kfloat[m[Kâ€™} to binary â€˜[01m[Koperator^[m[Kâ€™
[2.854s]    17 |             distance = sqrt([32m[K(pos_t2.x-pos_t1.x)[m[K[01;31m[K^[m[K[34m[K2 + (pos_t2.y-pos_t1.y)[m[K^2);
[2.854s]       |                             [32m[K~~~~~~~~~~~~~~~~~~~[m[K[01;31m[K^[m[K[34m[K~~~~~~~~~~~~~~~~~~~~~~~[m[K
[2.855s]       |                                      [32m[K|[m[K            [34m[K|[m[K
[2.855s]       |                                      [32m[K|[m[K            [34m[Kturtlesim::msg::Pose_<std::allocator<void> >::_y_type {aka float}[m[K
[2.855s]       |                                      [32m[Kturtlesim::msg::Pose_<std::allocator<void> >::_x_type {aka float}[m[K
[2.855s] [01m[K/home/luchino/RT_first_assignment/src/assignment1_rt/src/distance_node.cpp:17:51:[m[K [01;35m[Kwarning: [m[Ksuggest parentheses around arithmetic in operand of â€˜[01m[K^[m[Kâ€™ [[01;35m[K]8;;https://gcc.gnu.org/onlinedocs/gcc/Warning-Options.html#index-Wparentheses-Wparentheses]8;;[m[K]
[2.855s]    17 |             distance = sqrt((pos_t2.x-pos_t1.x)^[01;35m[K2 + (pos_t2.y-pos_t1.y)[m[K^2);
[2.855s]       |                                                 [01;35m[K~~^~~~~~~~~~~~~~~~~~~~~[m[K
[3.973s] gmake[2]: *** [CMakeFiles/ui.dir/build.make:76: CMakeFiles/ui.dir/src/ui_node.cpp.o] Error 1
[3.973s] gmake[1]: *** [CMakeFiles/Makefile2:139: CMakeFiles/ui.dir/all] Error 2
[3.973s] gmake[1]: *** Waiting for unfinished jobs....
[4.020s] gmake[2]: *** [CMakeFiles/distance.dir/build.make:76: CMakeFiles/distance.dir/src/distance_node.cpp.o] Error 1
[4.020s] gmake[1]: *** [CMakeFiles/Makefile2:165: CMakeFiles/distance.dir/all] Error 2
[4.021s] gmake: *** [Makefile:146: all] Error 2
[4.024s] Invoked command in '/home/luchino/RT_first_assignment/build/assignment1_rt' returned '2': CMAKE_PREFIX_PATH=${CMAKE_PREFIX_PATH}:/home/luchino/ros_ws/install/first_package_py:/opt/ros/jazzy /usr/bin/cmake --build /home/luchino/RT_first_assignment/build/assignment1_rt -- -j8 -l8
