[0.008s] Invoking command in '/home/luchino/RT_first_assignment/build/assignment1_rt': CMAKE_PREFIX_PATH=${CMAKE_PREFIX_PATH}:/home/luchino/ros_ws/install/first_package_py:/opt/ros/jazzy /usr/bin/cmake --build /home/luchino/RT_first_assignment/build/assignment1_rt -- -j8 -l8
[0.063s] [ 25%] [32mBuilding CXX object CMakeFiles/ui.dir/src/ui_node.cpp.o[0m
[0.063s] [ 50%] [32mBuilding CXX object CMakeFiles/distance.dir/src/distance_node.cpp.o[0m
[2.294s] [01m[K/home/luchino/RT_first_assignment/src/assignment1_rt/src/ui_node.cpp:52:50:[m[K [01;35m[Kwarning: [m[KISO C++ does not allow GNU designated initializers [[01;35m[K]8;;https://gcc.gnu.org/onlinedocs/gcc/Warning-Options.html#index-Wpedantic-Wpedantic]8;;[m[K]
[2.294s]    52 |         geometry_msgs::msg::Twist stop_turtle = {[01;35m[Klinear[m[K:{0.0, 0.0, 0.0},angular:{0.0, 0.0, 0.0}};
[2.295s]       |                                                  [01;35m[K^~~~~~[m[K
[2.295s] [01m[K/home/luchino/RT_first_assignment/src/assignment1_rt/src/ui_node.cpp:52:73:[m[K [01;35m[Kwarning: [m[KISO C++ does not allow GNU designated initializers [[01;35m[K]8;;https://gcc.gnu.org/onlinedocs/gcc/Warning-Options.html#index-Wpedantic-Wpedantic]8;;[m[K]
[2.295s]    52 |         geometry_msgs::msg::Twist stop_turtle = {linear:{0.0, 0.0, 0.0},[01;35m[Kangular[m[K:{0.0, 0.0, 0.0}};
[2.295s]       |                                                                         [01;35m[K^~~~~~~[m[K
[2.295s] [01m[K/home/luchino/RT_first_assignment/src/assignment1_rt/src/ui_node.cpp:52:96:[m[K [01;31m[Kerror: [m[Kdesignated initializers cannot be used with a non-aggregate type â€˜[01m[Kgeometry_msgs::msg::Twist[m[Kâ€™ {aka â€˜[01m[Kgeometry_msgs::msg::Twist_<std::allocator<void> >[m[Kâ€™}
[2.295s]    52 |         geometry_msgs::msg::Twist stop_turtle = {linear:{0.0, 0.0, 0.0},angular:{0.0, 0.0, 0.0}[01;31m[K}[m[K;
[2.295s]       |                                                                                                [01;31m[K^[m[K
[2.342s] [01m[K/home/luchino/RT_first_assignment/src/assignment1_rt/src/distance_node.cpp:[m[K In member function â€˜[01m[Kvoid Distance_Check::[01;32m[Ktimer_callback[m[K()[m[Kâ€™:
[2.342s] [01m[K/home/luchino/RT_first_assignment/src/assignment1_rt/src/distance_node.cpp:18:84:[m[K [01;31m[Kerror: [m[Kno match for â€˜[01m[Koperator=[m[Kâ€™ (operand types are â€˜[01m[Kstd_msgs::msg::Float32[m[Kâ€™ {aka â€˜[01m[Kstd_msgs::msg::Float32_<std::allocator<void> >[m[Kâ€™} and â€˜[01m[Kdouble[m[Kâ€™)
[2.342s]    18 |             distance = sqrt(pow((pos_t2.x-pos_t1.x),2) + pow((pos_t2.y-pos_t1.y),2)[01;31m[K)[m[K;
[2.343s]       |                                                                                    [01;31m[K^[m[K
[2.343s] In file included from [01m[K/opt/ros/jazzy/include/std_msgs/std_msgs/msg/float32.hpp:7[m[K,
[2.343s]                  from [01m[K/home/luchino/RT_first_assignment/src/assignment1_rt/src/distance_node.cpp:3[m[K:
[2.343s] [01m[K/opt/ros/jazzy/include/std_msgs/std_msgs/msg/detail/float32__struct.hpp:35:8:[m[K [01;36m[Knote: [m[Kcandidate: â€˜[01m[Kconstexpr std_msgs::msg::Float32_<std::allocator<void> >& std_msgs::msg::Float32_<std::allocator<void> >::[01;32m[Koperator=[m[K(const std_msgs::msg::Float32_<std::allocator<void> >&)[m[Kâ€™
[2.343s]    35 | struct [01;36m[KFloat32_[m[K
[2.343s]       |        [01;36m[K^~~~~~~~[m[K
[2.343s] [01m[K/opt/ros/jazzy/include/std_msgs/std_msgs/msg/detail/float32__struct.hpp:35:8:[m[K [01;36m[Knote: [m[K  no known conversion for argument 1 from â€˜[01m[Kdouble[m[Kâ€™ to â€˜[01m[Kconst std_msgs::msg::Float32_<std::allocator<void> >&[m[Kâ€™
[2.343s] [01m[K/opt/ros/jazzy/include/std_msgs/std_msgs/msg/detail/float32__struct.hpp:35:8:[m[K [01;36m[Knote: [m[Kcandidate: â€˜[01m[Kconstexpr std_msgs::msg::Float32_<std::allocator<void> >& std_msgs::msg::Float32_<std::allocator<void> >::[01;32m[Koperator=[m[K(std_msgs::msg::Float32_<std::allocator<void> >&&)[m[Kâ€™
[2.343s] [01m[K/opt/ros/jazzy/include/std_msgs/std_msgs/msg/detail/float32__struct.hpp:35:8:[m[K [01;36m[Knote: [m[K  no known conversion for argument 1 from â€˜[01m[Kdouble[m[Kâ€™ to â€˜[01m[Kstd_msgs::msg::Float32_<std::allocator<void> >&&[m[Kâ€™
[3.278s] gmake[2]: *** [CMakeFiles/ui.dir/build.make:76: CMakeFiles/ui.dir/src/ui_node.cpp.o] Error 1
[3.278s] gmake[1]: *** [CMakeFiles/Makefile2:139: CMakeFiles/ui.dir/all] Error 2
[3.278s] gmake[1]: *** Waiting for unfinished jobs....
[4.387s] gmake[2]: *** [CMakeFiles/distance.dir/build.make:76: CMakeFiles/distance.dir/src/distance_node.cpp.o] Error 1
[4.387s] gmake[1]: *** [CMakeFiles/Makefile2:165: CMakeFiles/distance.dir/all] Error 2
[4.387s] gmake: *** [Makefile:146: all] Error 2
[4.390s] Invoked command in '/home/luchino/RT_first_assignment/build/assignment1_rt' returned '2': CMAKE_PREFIX_PATH=${CMAKE_PREFIX_PATH}:/home/luchino/ros_ws/install/first_package_py:/opt/ros/jazzy /usr/bin/cmake --build /home/luchino/RT_first_assignment/build/assignment1_rt -- -j8 -l8
