-- Found ament_cmake: 2.5.4 (/opt/ros/jazzy/share/ament_cmake/cmake)
-- Found rclcpp: 28.1.12 (/opt/ros/jazzy/share/rclcpp/cmake)
-- Found rosidl_generator_c: 4.6.6 (/opt/ros/jazzy/share/rosidl_generator_c/cmake)
-- Found rosidl_generator_cpp: 4.6.6 (/opt/ros/jazzy/share/rosidl_generator_cpp/cmake)
-- Using all available rosidl_typesupport_c: rosidl_typesupport_fastrtps_c;rosidl_typesupport_introspection_c
-- Using all available rosidl_typesupport_cpp: rosidl_typesupport_fastrtps_cpp;rosidl_typesupport_introspection_cpp
-- Found rmw_implementation_cmake: 7.3.2 (/opt/ros/jazzy/share/rmw_implementation_cmake/cmake)
-- Found rmw_fastrtps_cpp: 8.4.3 (/opt/ros/jazzy/share/rmw_fastrtps_cpp/cmake)
-- Using RMW implementation 'rmw_fastrtps_cpp' as default
-- Found turtlesim: 1.8.3 (/opt/ros/jazzy/share/turtlesim/cmake)
-- Found geometry_msgs: 5.3.6 (/opt/ros/jazzy/share/geometry_msgs/cmake)
-- Found ament_lint_auto: 0.17.3 (/opt/ros/jazzy/share/ament_lint_auto/cmake)
-- Added test 'cppcheck' to perform static code analysis on C / C++ code
-- Configured cppcheck include dirs: 
-- Configured cppcheck exclude dirs and/or files: 
-- Added test 'flake8' to check Python code syntax and style conventions
-- Configured 'flake8' exclude dirs and/or files: 
-- Added test 'lint_cmake' to check CMake code style
-- Added test 'pep257' to check Python code against some of the docstring style conventions in PEP 257
-- Added test 'uncrustify' to check C / C++ code style
-- Configured uncrustify additional arguments: 
-- Added test 'xmllint' to check XML markup files
-- Configuring done (1.2s)
-- Generating done (0.0s)
-- Build files have been written to: /home/luchino/RT_first_assignment/build/assignment1_rt
[ 25%] [32mBuilding CXX object CMakeFiles/distance.dir/src/distance_node.cpp.o[0m
[ 50%] [32mBuilding CXX object CMakeFiles/ui.dir/src/ui_node.cpp.o[0m
[01m[K/home/luchino/RT_first_assignment/src/assignment1_rt/src/ui_node.cpp:17:29:[m[K [01;35m[Kwarning: [m[Kmissing terminating " character
   17 |                 std::cout<< [01;35m[K"[m[KQuale tartaruga vuoi muovere?\n
      |                             [01;35m[K^[m[K
[01m[K/home/luchino/RT_first_assignment/src/assignment1_rt/src/ui_node.cpp:17:29:[m[K [01;31m[Kerror: [m[Kmissing terminating " character
   17 |                 std::cout<< [01;31m[K"Quale tartaruga vuoi muovere?\n[m[K
      |                             [01;31m[K^~~~~~~~~~~~~~~~~~~~~~~~~~~~~~~~[m[K
[01m[K/home/luchino/RT_first_assignment/src/assignment1_rt/src/ui_node.cpp:18:41:[m[K [01;31m[Kerror: [m[Kstray â€˜[01m[K\[m[Kâ€™ in program
   18 |                              1) Turtle 1[01;31m[K\[m[Kn
      |                                         [01;31m[K^[m[K
[01m[K/home/luchino/RT_first_assignment/src/assignment1_rt/src/ui_node.cpp:19:41:[m[K [01;31m[Kerror: [m[Kstray â€˜[01m[K\[m[Kâ€™ in program
   19 |                              2) Turtle 2[01;31m[K\[m[Kn
      |                                         [01;31m[K^[m[K
[01m[K/home/luchino/RT_first_assignment/src/assignment1_rt/src/ui_node.cpp:20:31:[m[K [01;35m[Kwarning: [m[Kmissing terminating " character
   20 |                              :[01;35m[K"[m[K;
      |                               [01;35m[K^[m[K
[01m[K/home/luchino/RT_first_assignment/src/assignment1_rt/src/ui_node.cpp:20:31:[m[K [01;31m[Kerror: [m[Kmissing terminating " character
   20 |                              :[01;31m[K";[m[K
      |                               [01;31m[K^~[m[K
[01m[K/home/luchino/RT_first_assignment/src/assignment1_rt/src/ui_node.cpp:23:29:[m[K [01;35m[Kwarning: [m[Kmissing terminating " character
   23 |                 std::cout<< [01;35m[K"[m[KInserisci VelocitÃ  Lineare\n
      |                             [01;35m[K^[m[K
[01m[K/home/luchino/RT_first_assignment/src/assignment1_rt/src/ui_node.cpp:23:29:[m[K [01;31m[Kerror: [m[Kmissing terminating " character
   23 |                 std::cout<< [01;31m[K"Inserisci VelocitÃ  Lineare\n[m[K
      |                             [01;31m[K^~~~~~~~~~~~~~~~~~~~~~~~~~~~~[m[K
[01m[K/home/luchino/RT_first_assignment/src/assignment1_rt/src/ui_node.cpp:24:32:[m[K [01;35m[Kwarning: [m[Kmissing terminating " character
   24 |                              x:[01;35m[K"[m[K
      |                                [01;35m[K^[m[K
[01m[K/home/luchino/RT_first_assignment/src/assignment1_rt/src/ui_node.cpp:24:32:[m[K [01;31m[Kerror: [m[Kmissing terminating " character
[01m[K/home/luchino/RT_first_assignment/src/assignment1_rt/src/ui_node.cpp:31:29:[m[K [01;35m[Kwarning: [m[Kmissing terminating " character
   31 |                 std::cout<< [01;35m[K"[m[KInserisci VelocitÃ  Angolare\n
      |                             [01;35m[K^[m[K
[01m[K/home/luchino/RT_first_assignment/src/assignment1_rt/src/ui_node.cpp:31:29:[m[K [01;31m[Kerror: [m[Kmissing terminating " character
   31 |                 std::cout<< [01;31m[K"Inserisci VelocitÃ  Angolare\n[m[K
      |                             [01;31m[K^~~~~~~~~~~~~~~~~~~~~~~~~~~~~~[m[K
[01m[K/home/luchino/RT_first_assignment/src/assignment1_rt/src/ui_node.cpp:32:32:[m[K [01;35m[Kwarning: [m[Kmissing terminating " character
   32 |                              x:[01;35m[K"[m[K
      |                                [01;35m[K^[m[K
[01m[K/home/luchino/RT_first_assignment/src/assignment1_rt/src/ui_node.cpp:32:32:[m[K [01;31m[Kerror: [m[Kmissing terminating " character
[01m[K/home/luchino/RT_first_assignment/src/assignment1_rt/src/distance_node.cpp:[m[K In constructor â€˜[01m[KDistance_Check::[01;32m[KDistance_Check[m[K()[m[Kâ€™:
[01m[K/home/luchino/RT_first_assignment/src/assignment1_rt/src/distance_node.cpp:11:109:[m[K [01;31m[Kerror: [m[Kâ€˜[01m[KTurtlesimController[m[Kâ€™ has not been declared
   11 |             turtle1_pose_ = this->create_subscription<turtlesim::msg::Pose>("/turtle2/pose", 10, std::bind(&[01;31m[KTurtlesimController[m[K::turtle1_pose, this, _1));
      |                                                                                                             [01;31m[K^~~~~~~~~~~~~~~~~~~[m[K
[01m[K/home/luchino/RT_first_assignment/src/assignment1_rt/src/distance_node.cpp:11:150:[m[K [01;31m[Kerror: [m[Kâ€˜[01m[K_1[m[Kâ€™ was not declared in this scope; did you mean â€˜[01m[Kstd::placeholders::_1[m[Kâ€™?
   11 |             turtle1_pose_ = this->create_subscription<turtlesim::msg::Pose>("/turtle2/pose", 10, std::bind(&TurtlesimController::turtle1_pose, this, [01;31m[K_1[m[K));
      |                                                                                                                                                      [01;31m[K^~[m[K
      |                                                                                                                                                      [32m[Kstd::placeholders::_1[m[K
In file included from [01m[K/opt/ros/jazzy/include/rclcpp/rclcpp/utilities.hpp:19[m[K,
                 from [01m[K/opt/ros/jazzy/include/rclcpp/rclcpp/logging.hpp:25[m[K,
                 from [01m[K/opt/ros/jazzy/include/rclcpp/rclcpp/copy_all_parameter_values.hpp:27[m[K,
                 from [01m[K/opt/ros/jazzy/include/rclcpp/rclcpp/rclcpp.hpp:171[m[K,
                 from [01m[K/home/luchino/RT_first_assignment/src/assignment1_rt/src/distance_node.cpp:1[m[K:
[01m[K/usr/include/c++/13/functional:294:48:[m[K [01;36m[Knote: [m[Kâ€˜[01m[Kstd::placeholders::_1[m[Kâ€™ declared here
  294 |     _GLIBCXX_PLACEHOLDER const _Placeholder<1> [01;36m[K_1[m[K;
      |                                                [01;36m[K^~[m[K
[01m[K/home/luchino/RT_first_assignment/src/assignment1_rt/src/distance_node.cpp:12:109:[m[K [01;31m[Kerror: [m[Kâ€˜[01m[KTurtlesimController[m[Kâ€™ has not been declared
   12 |             turtle2_pose_ = this->create_subscription<turtlesim::msg::Pose>("/turtle2/pose", 10, std::bind(&[01;31m[KTurtlesimController[m[K::turtle2_pose, this, _1));
      |                                                                                                             [01;31m[K^~~~~~~~~~~~~~~~~~~[m[K
[01m[K/home/luchino/RT_first_assignment/src/assignment1_rt/src/distance_node.cpp:13:13:[m[K [01;31m[Kerror: [m[Kâ€˜[01m[Ktimer_[m[Kâ€™ was not declared in this scope; did you mean â€˜[01m[Ktimer_t[m[Kâ€™?
   13 |             [01;31m[Ktimer_[m[K = this->create_wall_timer(std::chrono::milliseconds(1000), std::bind(&Distance_Check::timer_callback, this));
      |             [01;31m[K^~~~~~[m[K
      |             [32m[Ktimer_t[m[K
[01m[K/home/luchino/RT_first_assignment/src/assignment1_rt/src/distance_node.cpp:[m[K In member function â€˜[01m[Kvoid Distance_Check::[01;32m[Ktimer_callback[m[K()[m[Kâ€™:
[01m[K/home/luchino/RT_first_assignment/src/assignment1_rt/src/distance_node.cpp:17:48:[m[K [01;31m[Kerror: [m[Kinvalid operands of types â€˜[01m[Kturtlesim::msg::Pose_<std::allocator<void> >::_x_type[m[Kâ€™ {aka â€˜[01m[Kfloat[m[Kâ€™} and â€˜[01m[Kturtlesim::msg::Pose_<std::allocator<void> >::_y_type[m[Kâ€™ {aka â€˜[01m[Kfloat[m[Kâ€™} to binary â€˜[01m[Koperator^[m[Kâ€™
   17 |             distance = sqrt([32m[K(pos_t2.x-pos_t1.x)[m[K[01;31m[K^[m[K[34m[K2 + (pos_t2.y-pos_t1.y)[m[K^2);
      |                             [32m[K~~~~~~~~~~~~~~~~~~~[m[K[01;31m[K^[m[K[34m[K~~~~~~~~~~~~~~~~~~~~~~~[m[K
      |                                      [32m[K|[m[K            [34m[K|[m[K
      |                                      [32m[K|[m[K            [34m[Kturtlesim::msg::Pose_<std::allocator<void> >::_y_type {aka float}[m[K
      |                                      [32m[Kturtlesim::msg::Pose_<std::allocator<void> >::_x_type {aka float}[m[K
[01m[K/home/luchino/RT_first_assignment/src/assignment1_rt/src/distance_node.cpp:17:51:[m[K [01;35m[Kwarning: [m[Ksuggest parentheses around arithmetic in operand of â€˜[01m[K^[m[Kâ€™ [[01;35m[K]8;;https://gcc.gnu.org/onlinedocs/gcc/Warning-Options.html#index-Wparentheses-Wparentheses]8;;[m[K]
   17 |             distance = sqrt((pos_t2.x-pos_t1.x)^[01;35m[K2 + (pos_t2.y-pos_t1.y)[m[K^2);
      |                                                 [01;35m[K~~^~~~~~~~~~~~~~~~~~~~~[m[K
[01m[K/home/luchino/RT_first_assignment/src/assignment1_rt/src/ui_node.cpp:65:2:[m[K [01;31m[Kerror: [m[Kexpected â€˜[01m[K;[m[Kâ€™ after class definition
   65 | }
      |  [01;31m[K^[m[K
      |  [32m[K;[m[K
[01m[K/home/luchino/RT_first_assignment/src/assignment1_rt/src/ui_node.cpp:62:50:[m[K [01;31m[Kerror: [m[Kexpected â€˜[01m[K}[m[Kâ€™ before numeric constant
   62 |                                                  [01;31m[K0.0[m[K , 0.0 , 0.0};
      |                                                  [01;31m[K^~~[m[K
[01m[K/home/luchino/RT_first_assignment/src/assignment1_rt/src/ui_node.cpp:61:49:[m[K [01;36m[Knote: [m[Kto match this â€˜[01m[K{[m[Kâ€™
   61 |         geometry_msgs::msg::Twist stop_turtle = [01;36m[K{[m[K0.0 , 0.0 , 0.0
      |                                                 [01;36m[K^[m[K
[01m[K/home/luchino/RT_first_assignment/src/assignment1_rt/src/ui_node.cpp:62:50:[m[K [01;31m[Kerror: [m[Kcould not convert â€˜[01m[K{0.0, 0.0, 0.0}[m[Kâ€™ from â€˜[01m[K<brace-enclosed initializer list>[m[Kâ€™ to â€˜[01m[Kgeometry_msgs::msg::Twist[m[Kâ€™ {aka â€˜[01m[Kgeometry_msgs::msg::Twist_<std::allocator<void> >[m[Kâ€™}
   62 |                                                  [01;31m[K0.0[m[K , 0.0 , 0.0};
      |                                                  [01;31m[K^~~[m[K
      |                                                  [01;31m[K|[m[K
      |                                                  [01;31m[K<brace-enclosed initializer list>[m[K
[01m[K/home/luchino/RT_first_assignment/src/assignment1_rt/src/ui_node.cpp:62:50:[m[K [01;31m[Kerror: [m[Kexpected â€˜[01m[K;[m[Kâ€™ before numeric constant
[01m[K/home/luchino/RT_first_assignment/src/assignment1_rt/src/ui_node.cpp:[m[K In constructor â€˜[01m[KInput_Controller::[01;32m[KInput_Controller[m[K()[m[Kâ€™:
[01m[K/home/luchino/RT_first_assignment/src/assignment1_rt/src/ui_node.cpp:11:13:[m[K [01;31m[Kerror: [m[Kâ€˜[01m[Ktimer_[m[Kâ€™ was not declared in this scope; did you mean â€˜[01m[Ktimer_t[m[Kâ€™?
   11 |             [01;31m[Ktimer_[m[K = this->create_wall_timer(std::chrono::milliseconds(1000), std::bind(&Distance_Check::input_loop, this));
      |             [01;31m[K^~~~~~[m[K
      |             [32m[Ktimer_t[m[K
[01m[K/home/luchino/RT_first_assignment/src/assignment1_rt/src/ui_node.cpp:11:90:[m[K [01;31m[Kerror: [m[Kâ€˜[01m[KDistance_Check[m[Kâ€™ has not been declared
   11 |             timer_ = this->create_wall_timer(std::chrono::milliseconds(1000), std::bind(&[01;31m[KDistance_Check[m[K::input_loop, this));
      |                                                                                          [01;31m[K^~~~~~~~~~~~~~[m[K
[01m[K/home/luchino/RT_first_assignment/src/assignment1_rt/src/ui_node.cpp:[m[K In member function â€˜[01m[Kvoid Input_Controller::[01;32m[Kinput_loop[m[K()[m[Kâ€™:
[01m[K/home/luchino/RT_first_assignment/src/assignment1_rt/src/ui_node.cpp:18:31:[m[K [01;31m[Kerror: [m[Kexpected â€˜[01m[K;[m[Kâ€™ before â€˜[01m[K)[m[Kâ€™ token
   18 |                              1[01;31m[K)[m[K Turtle 1\n
      |                               [01;31m[K^[m[K
[01m[K/home/luchino/RT_first_assignment/src/assignment1_rt/src/ui_node.cpp:24:31:[m[K [01;31m[Kerror: [m[Kfound â€˜[01m[K:[m[Kâ€™ in nested-name-specifier, expected â€˜[01m[K::[m[Kâ€™
   24 |                              x[01;31m[K:[m[K"
      |                               [01;31m[K^[m[K
      |                               [32m[K::[m[K
[01m[K/home/luchino/RT_first_assignment/src/assignment1_rt/src/ui_node.cpp:24:30:[m[K [01;31m[Kerror: [m[Kâ€˜[01m[Kx[m[Kâ€™ has not been declared
   24 |                              [01;31m[Kx[m[K:"
      |                              [01;31m[K^[m[K
[01m[K/home/luchino/RT_first_assignment/src/assignment1_rt/src/ui_node.cpp:27:17:[m[K [01;31m[Kerror: [m[Kexpected â€˜[01m[K;[m[Kâ€™ before â€˜[01m[Kstd[m[Kâ€™
   27 |                 [01;31m[Kstd[m[K::cin >> vel_input.linear.y;
      |                 [01;31m[K^~~[m[K
[01m[K/home/luchino/RT_first_assignment/src/assignment1_rt/src/ui_node.cpp:29:17:[m[K [01;31m[Kerror: [m[Kexpected â€˜[01m[K;[m[Kâ€™ before â€˜[01m[Kstd[m[Kâ€™
   29 |                 [01;31m[Kstd[m[K::cin >> vel_input.linear.z;
      |                 [01;31m[K^~~[m[K
[01m[K/home/luchino/RT_first_assignment/src/assignment1_rt/src/ui_node.cpp:32:31:[m[K [01;31m[Kerror: [m[Kfound â€˜[01m[K:[m[Kâ€™ in nested-name-specifier, expected â€˜[01m[K::[m[Kâ€™
   32 |                              x[01;31m[K:[m[K"
      |                               [01;31m[K^[m[K
      |                               [32m[K::[m[K
[01m[K/home/luchino/RT_first_assignment/src/assignment1_rt/src/ui_node.cpp:32:30:[m[K [01;31m[Kerror: [m[Kâ€˜[01m[Kx[m[Kâ€™ has not been declared
   32 |                              [01;31m[Kx[m[K:"
      |                              [01;31m[K^[m[K
[01m[K/home/luchino/RT_first_assignment/src/assignment1_rt/src/ui_node.cpp:35:17:[m[K [01;31m[Kerror: [m[Kexpected â€˜[01m[K;[m[Kâ€™ before â€˜[01m[Kstd[m[Kâ€™
   35 |                 [01;31m[Kstd[m[K::cin >> vel_input.angular.y;
      |                 [01;31m[K^~~[m[K
[01m[K/home/luchino/RT_first_assignment/src/assignment1_rt/src/ui_node.cpp:37:17:[m[K [01;31m[Kerror: [m[Kexpected â€˜[01m[K;[m[Kâ€™ before â€˜[01m[Kstd[m[Kâ€™
   37 |                 [01;31m[Kstd[m[K::cin >> vel_input.angular.z;
      |                 [01;31m[K^~~[m[K
[01m[K/home/luchino/RT_first_assignment/src/assignment1_rt/src/ui_node.cpp:[m[K In member function â€˜[01m[Kvoid Input_Controller::[01;32m[Ktimer_callback[m[K()[m[Kâ€™:
[01m[K/home/luchino/RT_first_assignment/src/assignment1_rt/src/ui_node.cpp:54:13:[m[K [01;31m[Kerror: [m[Kâ€˜[01m[Kdistance[m[Kâ€™ was not declared in this scope; did you mean â€˜[01m[Kstd::distance[m[Kâ€™?
   54 |             [01;31m[Kdistance[m[K = sqrt((pos_t2.x-pos_t1.x)^2 + (pos_t2.y-pos_t1.y)^2);
      |             [01;31m[K^~~~~~~~[m[K
      |             [32m[Kstd::distance[m[K
In file included from [01m[K/usr/include/c++/13/bits/stl_construct.h:62[m[K,
                 from [01m[K/usr/include/c++/13/bits/stl_tempbuf.h:61[m[K,
                 from [01m[K/usr/include/c++/13/memory:66[m[K,
                 from [01m[K/opt/ros/jazzy/include/rclcpp/rclcpp/rclcpp.hpp:169[m[K,
                 from [01m[K/home/luchino/RT_first_assignment/src/assignment1_rt/src/ui_node.cpp:1[m[K:
[01m[K/usr/include/c++/13/bits/stl_iterator_base_funcs.h:148:5:[m[K [01;36m[Knote: [m[Kâ€˜[01m[Kstd::distance[m[Kâ€™ declared here
  148 |     [01;36m[Kdistance[m[K(_InputIterator __first, _InputIterator __last)
      |     [01;36m[K^~~~~~~~[m[K
[01m[K/home/luchino/RT_first_assignment/src/assignment1_rt/src/ui_node.cpp:54:30:[m[K [01;31m[Kerror: [m[Kâ€˜[01m[Kpos_t2[m[Kâ€™ was not declared in this scope; did you mean â€˜[01m[Kfpos_t[m[Kâ€™?
   54 |             distance = sqrt(([01;31m[Kpos_t2[m[K.x-pos_t1.x)^2 + (pos_t2.y-pos_t1.y)^2);
      |                              [01;31m[K^~~~~~[m[K
      |                              [32m[Kfpos_t[m[K
[01m[K/home/luchino/RT_first_assignment/src/assignment1_rt/src/ui_node.cpp:54:39:[m[K [01;31m[Kerror: [m[Kâ€˜[01m[Kpos_t1[m[Kâ€™ was not declared in this scope; did you mean â€˜[01m[Kfpos_t[m[Kâ€™?
   54 |             distance = sqrt((pos_t2.x-[01;31m[Kpos_t1[m[K.x)^2 + (pos_t2.y-pos_t1.y)^2);
      |                                       [01;31m[K^~~~~~[m[K
      |                                       [32m[Kfpos_t[m[K
[01m[K/home/luchino/RT_first_assignment/src/assignment1_rt/src/ui_node.cpp:55:13:[m[K [01;31m[Kerror: [m[Kâ€˜[01m[Kpublisher_[m[Kâ€™ was not declared in this scope; did you mean â€˜[01m[Kt1_publisher_[m[Kâ€™?
   55 |             [01;31m[Kpublisher_[m[K->publish(distance);
      |             [01;31m[K^~~~~~~~~~[m[K
      |             [32m[Kt1_publisher_[m[K
gmake[2]: *** [CMakeFiles/distance.dir/build.make:76: CMakeFiles/distance.dir/src/distance_node.cpp.o] Error 1
gmake[1]: *** [CMakeFiles/Makefile2:165: CMakeFiles/distance.dir/all] Error 2
gmake[1]: *** Waiting for unfinished jobs....
gmake[2]: *** [CMakeFiles/ui.dir/build.make:76: CMakeFiles/ui.dir/src/ui_node.cpp.o] Error 1
gmake[1]: *** [CMakeFiles/Makefile2:139: CMakeFiles/ui.dir/all] Error 2
gmake: *** [Makefile:146: all] Error 2
