[0.016s] Invoking command in '/home/luchino/RT_first_assignment/build/assignment1_rt': CMAKE_PREFIX_PATH=${CMAKE_PREFIX_PATH}:/home/luchino/ros_ws/install/first_package_py:/opt/ros/jazzy /usr/bin/cmake --build /home/luchino/RT_first_assignment/build/assignment1_rt -- -j8 -l8
[0.106s] [ 25%] [32mBuilding CXX object CMakeFiles/distance.dir/src/distance_node.cpp.o[0m
[0.109s] [ 50%] [32mBuilding CXX object CMakeFiles/ui.dir/src/ui_node.cpp.o[0m
[3.093s] [01m[K/home/luchino/RT_first_assignment/src/assignment1_rt/src/distance_node.cpp:[m[K In member function â€˜[01m[Kvoid Distance_Check::[01;32m[Ktimer_callback[m[K()[m[Kâ€™:
[3.093s] [01m[K/home/luchino/RT_first_assignment/src/assignment1_rt/src/distance_node.cpp:36:13:[m[K [01;31m[Kerror: [m[Kâ€˜[01m[Kcout[m[Kâ€™ was not declared in this scope; did you mean â€˜[01m[Kstd::cout[m[Kâ€™?
[3.093s]    36 |             [01;31m[Kcout[m[K << "Distanza:" << distance.data <<endl;
[3.094s]       |             [01;31m[K^~~~[m[K
[3.094s]       |             [32m[Kstd::cout[m[K
[3.094s] In file included from [01m[K/opt/ros/jazzy/include/rclcpp/rclcpp/parameter.hpp:18[m[K,
[3.094s]                  from [01m[K/opt/ros/jazzy/include/rclcpp/rclcpp/copy_all_parameter_values.hpp:25[m[K,
[3.094s]                  from [01m[K/opt/ros/jazzy/include/rclcpp/rclcpp/rclcpp.hpp:171[m[K,
[3.094s]                  from [01m[K/home/luchino/RT_first_assignment/src/assignment1_rt/src/distance_node.cpp:1[m[K:
[3.094s] [01m[K/usr/include/c++/13/iostream:63:18:[m[K [01;36m[Knote: [m[Kâ€˜[01m[Kstd::cout[m[Kâ€™ declared here
[3.094s]    63 |   extern ostream [01;36m[Kcout[m[K;          ///< Linked to standard output
[3.094s]       |                  [01;36m[K^~~~[m[K
[3.094s] [01m[K/home/luchino/RT_first_assignment/src/assignment1_rt/src/distance_node.cpp:36:52:[m[K [01;31m[Kerror: [m[Kâ€˜[01m[Kendl[m[Kâ€™ was not declared in this scope; did you mean â€˜[01m[Kstd::endl[m[Kâ€™?
[3.094s]    36 |             cout << "Distanza:" << distance.data <<[01;31m[Kendl[m[K;
[3.094s]       |                                                    [01;31m[K^~~~[m[K
[3.095s]       |                                                    [32m[Kstd::endl[m[K
[3.095s] In file included from [01m[K/usr/include/c++/13/istream:41[m[K,
[3.095s]                  from [01m[K/usr/include/c++/13/sstream:40[m[K,
[3.095s]                  from [01m[K/opt/ros/jazzy/include/rcl_interfaces/rcl_interfaces/srv/detail/list_parameters__traits.hpp:13[m[K,
[3.095s]                  from [01m[K/opt/ros/jazzy/include/rcl_interfaces/rcl_interfaces/srv/list_parameters.hpp:9[m[K,
[3.095s]                  from [01m[K/opt/ros/jazzy/include/rclcpp/rclcpp/copy_all_parameter_values.hpp:21[m[K:
[3.095s] [01m[K/usr/include/c++/13/ostream:735:5:[m[K [01;36m[Knote: [m[Kâ€˜[01m[Kstd::endl[m[Kâ€™ declared here
[3.095s]   735 |     [01;36m[Kendl[m[K(basic_ostream<_CharT, _Traits>& __os)
[3.095s]       |     [01;36m[K^~~~[m[K
[3.122s] [01m[K/home/luchino/RT_first_assignment/src/assignment1_rt/src/ui_node.cpp:[m[K In member function â€˜[01m[Kvoid Input_Controller::[01;32m[Kinput_loop[m[K()[m[Kâ€™:
[3.122s] [01m[K/home/luchino/RT_first_assignment/src/assignment1_rt/src/ui_node.cpp:47:34:[m[K [01;31m[Kerror: [m[Kexpected â€˜[01m[K)[m[Kâ€™ before â€˜[01m[K![m[Kâ€™ token
[3.122s]    47 |                 if(n_turtle != 1 [01;31m[K![m[K! n_turtle !=2){
[3.122s]       |                                  [01;31m[K^[m[K
[3.122s] [01m[K/home/luchino/RT_first_assignment/src/assignment1_rt/src/ui_node.cpp:47:19:[m[K [01;36m[Knote: [m[Kto match this â€˜[01m[K([m[Kâ€™
[3.122s]    47 |                 if[01;36m[K([m[Kn_turtle != 1 !! n_turtle !=2){
[3.122s]       |                   [01;36m[K^[m[K
[3.124s] [01m[K/home/luchino/RT_first_assignment/src/assignment1_rt/src/ui_node.cpp:76:17:[m[K [01;31m[Kerror: [m[Kâ€˜[01m[Kcout[m[Kâ€™ was not declared in this scope; did you mean â€˜[01m[Kstd::cout[m[Kâ€™?
[3.124s]    76 |                 [01;31m[Kcout[m[K<<"LE TARTARUGHE SONO TROPPO VICINE!!!"<<endl;
[3.124s]       |                 [01;31m[K^~~~[m[K
[3.124s]       |                 [32m[Kstd::cout[m[K
[3.124s] In file included from [01m[K/opt/ros/jazzy/include/rclcpp/rclcpp/parameter.hpp:18[m[K,
[3.124s]                  from [01m[K/opt/ros/jazzy/include/rclcpp/rclcpp/copy_all_parameter_values.hpp:25[m[K,
[3.124s]                  from [01m[K/opt/ros/jazzy/include/rclcpp/rclcpp/rclcpp.hpp:171[m[K,
[3.124s]                  from [01m[K/home/luchino/RT_first_assignment/src/assignment1_rt/src/ui_node.cpp:1[m[K:
[3.124s] [01m[K/usr/include/c++/13/iostream:63:18:[m[K [01;36m[Knote: [m[Kâ€˜[01m[Kstd::cout[m[Kâ€™ declared here
[3.124s]    63 |   extern ostream [01;36m[Kcout[m[K;          ///< Linked to standard output
[3.124s]       |                  [01;36m[K^~~~[m[K
[3.125s] [01m[K/home/luchino/RT_first_assignment/src/assignment1_rt/src/ui_node.cpp:76:62:[m[K [01;31m[Kerror: [m[Kâ€˜[01m[Kendl[m[Kâ€™ was not declared in this scope; did you mean â€˜[01m[Kstd::endl[m[Kâ€™?
[3.125s]    76 |                 cout<<"LE TARTARUGHE SONO TROPPO VICINE!!!"<<[01;31m[Kendl[m[K;
[3.125s]       |                                                              [01;31m[K^~~~[m[K
[3.125s]       |                                                              [32m[Kstd::endl[m[K
[3.125s] In file included from [01m[K/usr/include/c++/13/istream:41[m[K,
[3.125s]                  from [01m[K/usr/include/c++/13/sstream:40[m[K,
[3.125s]                  from [01m[K/opt/ros/jazzy/include/rcl_interfaces/rcl_interfaces/srv/detail/list_parameters__traits.hpp:13[m[K,
[3.125s]                  from [01m[K/opt/ros/jazzy/include/rcl_interfaces/rcl_interfaces/srv/list_parameters.hpp:9[m[K,
[3.126s]                  from [01m[K/opt/ros/jazzy/include/rclcpp/rclcpp/copy_all_parameter_values.hpp:21[m[K:
[3.126s] [01m[K/usr/include/c++/13/ostream:735:5:[m[K [01;36m[Knote: [m[Kâ€˜[01m[Kstd::endl[m[Kâ€™ declared here
[3.126s]   735 |     [01;36m[Kendl[m[K(basic_ostream<_CharT, _Traits>& __os)
[3.126s]       |     [01;36m[K^~~~[m[K
[3.126s] [01m[K/home/luchino/RT_first_assignment/src/assignment1_rt/src/ui_node.cpp:78:17:[m[K [01;31m[Kerror: [m[Kâ€˜[01m[Kcout[m[Kâ€™ was not declared in this scope; did you mean â€˜[01m[Kstd::cout[m[Kâ€™?
[3.126s]    78 |                 [01;31m[Kcout[m[K<<"UNA DELLE DUE TARTARUGHE SI E' AVVICINATA TROPPO AD UN BORDO!!!"<<endl;
[3.126s]       |                 [01;31m[K^~~~[m[K
[3.126s]       |                 [32m[Kstd::cout[m[K
[3.126s] [01m[K/usr/include/c++/13/iostream:63:18:[m[K [01;36m[Knote: [m[Kâ€˜[01m[Kstd::cout[m[Kâ€™ declared here
[3.126s]    63 |   extern ostream [01;36m[Kcout[m[K;          ///< Linked to standard output
[3.126s]       |                  [01;36m[K^~~~[m[K
[3.127s] [01m[K/home/luchino/RT_first_assignment/src/assignment1_rt/src/ui_node.cpp:78:90:[m[K [01;31m[Kerror: [m[Kâ€˜[01m[Kendl[m[Kâ€™ was not declared in this scope; did you mean â€˜[01m[Kstd::endl[m[Kâ€™?
[3.127s]    78 |                 cout<<"UNA DELLE DUE TARTARUGHE SI E' AVVICINATA TROPPO AD UN BORDO!!!"<<[01;31m[Kendl[m[K;
[3.127s]       |                                                                                          [01;31m[K^~~~[m[K
[3.127s]       |                                                                                          [32m[Kstd::endl[m[K
[3.127s] [01m[K/usr/include/c++/13/ostream:735:5:[m[K [01;36m[Knote: [m[Kâ€˜[01m[Kstd::endl[m[Kâ€™ declared here
[3.127s]   735 |     [01;36m[Kendl[m[K(basic_ostream<_CharT, _Traits>& __os)
[3.127s]       |     [01;36m[K^~~~[m[K
[6.807s] gmake[2]: *** [CMakeFiles/distance.dir/build.make:76: CMakeFiles/distance.dir/src/distance_node.cpp.o] Error 1
[6.807s] gmake[1]: *** [CMakeFiles/Makefile2:165: CMakeFiles/distance.dir/all] Error 2
[6.807s] gmake[1]: *** Waiting for unfinished jobs....
[6.940s] gmake[2]: *** [CMakeFiles/ui.dir/build.make:76: CMakeFiles/ui.dir/src/ui_node.cpp.o] Error 1
[6.940s] gmake[1]: *** [CMakeFiles/Makefile2:139: CMakeFiles/ui.dir/all] Error 2
[6.940s] gmake: *** [Makefile:146: all] Error 2
[6.943s] Invoked command in '/home/luchino/RT_first_assignment/build/assignment1_rt' returned '2': CMAKE_PREFIX_PATH=${CMAKE_PREFIX_PATH}:/home/luchino/ros_ws/install/first_package_py:/opt/ros/jazzy /usr/bin/cmake --build /home/luchino/RT_first_assignment/build/assignment1_rt -- -j8 -l8
