[01m[K/home/luchino/RT_first_assignment/src/assignment1_rt/src/distance_node.cpp:[m[K In constructor â€˜[01m[KDistance_Check::[01;32m[KDistance_Check[m[K()[m[Kâ€™:
[01m[K/home/luchino/RT_first_assignment/src/assignment1_rt/src/distance_node.cpp:13:13:[m[K [01;31m[Kerror: [m[Kâ€˜[01m[Kt1_vel_pub_[m[Kâ€™ was not declared in this scope; did you mean â€˜[01m[Kt1_pose_pub_[m[Kâ€™?
   13 |             [01;31m[Kt1_vel_pub_[m[K = this->create_publisher<geometry_msgs::msg::Twist>("/turtle1/cmd_vel", 10);
      |             [01;31m[K^~~~~~~~~~~[m[K
      |             [32m[Kt1_pose_pub_[m[K
[01m[K/home/luchino/RT_first_assignment/src/assignment1_rt/src/distance_node.cpp:14:13:[m[K [01;31m[Kerror: [m[Kâ€˜[01m[Kt2_vel_pub_[m[Kâ€™ was not declared in this scope; did you mean â€˜[01m[Kt2_pose_pub_[m[Kâ€™?
   14 |             [01;31m[Kt2_vel_pub_[m[K = this->create_publisher<geometry_msgs::msg::Twist>("/turtle2/cmd_vel", 10);
      |             [01;31m[K^~~~~~~~~~~[m[K
      |             [32m[Kt2_pose_pub_[m[K
[01m[K/home/luchino/RT_first_assignment/src/assignment1_rt/src/ui_node.cpp:[m[K In constructor â€˜[01m[KInput_Controller::[01;32m[KInput_Controller[m[K()[m[Kâ€™:
[01m[K/home/luchino/RT_first_assignment/src/assignment1_rt/src/ui_node.cpp:13:13:[m[K [01;31m[Kerror: [m[Kâ€˜[01m[Kdistance_sub_[m[Kâ€™ was not declared in this scope
   13 |             [01;31m[Kdistance_sub_[m[K = this->create_subscription<std_msgs::msg::Float32>("distance", 10, std::bind(&Distance_Check::turtle1_pose, this, _1));
      |             [01;31m[K^~~~~~~~~~~~~[m[K
[01m[K/home/luchino/RT_first_assignment/src/assignment1_rt/src/ui_node.cpp:13:106:[m[K [01;31m[Kerror: [m[Kâ€˜[01m[KDistance_Check[m[Kâ€™ has not been declared
   13 | iption<std_msgs::msg::Float32>("distance", 10, std::bind(&[01;31m[KDistance_Check[m[K::turtle1_pose, this, _1));
      |                                                           [01;31m[K^~~~~~~~~~~~~~[m[K

[01m[K/home/luchino/RT_first_assignment/src/assignment1_rt/src/distance_node.cpp:[m[K In member function â€˜[01m[Kvoid Distance_Check::[01;32m[Ktimer_callback[m[K()[m[Kâ€™:
[01m[K/home/luchino/RT_first_assignment/src/assignment1_rt/src/distance_node.cpp:30:17:[m[K [01;31m[Kerror: [m[Kâ€˜[01m[Kt1_vel_pub_[m[Kâ€™ was not declared in this scope; did you mean â€˜[01m[Kt1_pose_pub_[m[Kâ€™?
   30 |                 [01;31m[Kt1_vel_pub_[m[K->publish(stop_turtle);
      |                 [01;31m[K^~~~~~~~~~~[m[K
      |                 [32m[Kt1_pose_pub_[m[K
[01m[K/home/luchino/RT_first_assignment/src/assignment1_rt/src/distance_node.cpp:31:17:[m[K [01;31m[Kerror: [m[Kâ€˜[01m[Kt2_vel_pub_[m[Kâ€™ was not declared in this scope; did you mean â€˜[01m[Kt2_pose_pub_[m[Kâ€™?
   31 |                 [01;31m[Kt2_vel_pub_[m[K->publish(stop_turtle);
      |                 [01;31m[K^~~~~~~~~~~[m[K
      |                 [32m[Kt2_pose_pub_[m[K
[01m[K/home/luchino/RT_first_assignment/src/assignment1_rt/src/distance_node.cpp:[m[K In member function â€˜[01m[Kvoid Distance_Check::[01;32m[Kturtle1_pose[m[K(turtlesim::msg::Pose_<std::allocator<void> >::SharedPtr)[m[Kâ€™:
[01m[K/home/luchino/RT_first_assignment/src/assignment1_rt/src/distance_node.cpp:39:17:[m[K [01;31m[Kerror: [m[Kâ€˜[01m[Kt1_vel_pub_[m[Kâ€™ was not declared in this scope; did you mean â€˜[01m[Kt1_pose_pub_[m[Kâ€™?
   39 |                 [01;31m[Kt1_vel_pub_[m[K->publish(stop_turtle);
      |                 [01;31m[K^~~~~~~~~~~[m[K
      |                 [32m[Kt1_pose_pub_[m[K
[01m[K/home/luchino/RT_first_assignment/src/assignment1_rt/src/distance_node.cpp:[m[K In member function â€˜[01m[Kvoid Distance_Check::[01;32m[Kturtle2_pose[m[K(turtlesim::msg::Pose_<std::allocator<void> >::SharedPtr)[m[Kâ€™:
[01m[K/home/luchino/RT_first_assignment/src/assignment1_rt/src/distance_node.cpp:46:17:[m[K [01;31m[Kerror: [m[Kâ€˜[01m[Kt2_vel_pub_[m[Kâ€™ was not declared in this scope; did you mean â€˜[01m[Kt2_pose_pub_[m[Kâ€™?
   46 |                 [01;31m[Kt2_vel_pub_[m[K->publish(stop_turtle);
      |                 [01;31m[K^~~~~~~~~~~[m[K
      |                 [32m[Kt2_pose_pub_[m[K
gmake[2]: *** [CMakeFiles/ui.dir/build.make:76: CMakeFiles/ui.dir/src/ui_node.cpp.o] Error 1
gmake[1]: *** [CMakeFiles/Makefile2:139: CMakeFiles/ui.dir/all] Error 2
gmake[1]: *** Waiting for unfinished jobs....
gmake[2]: *** [CMakeFiles/distance.dir/build.make:76: CMakeFiles/distance.dir/src/distance_node.cpp.o] Error 1
gmake[1]: *** [CMakeFiles/Makefile2:165: CMakeFiles/distance.dir/all] Error 2
gmake: *** [Makefile:146: all] Error 2
