[0.000000] (-) TimerEvent: {}
[0.000814] (assignment1_rt) JobQueued: {'identifier': 'assignment1_rt', 'dependencies': OrderedDict()}
[0.001423] (assignment1_rt) JobStarted: {'identifier': 'assignment1_rt'}
[0.018854] (assignment1_rt) JobProgress: {'identifier': 'assignment1_rt', 'progress': 'cmake'}
[0.021018] (assignment1_rt) JobProgress: {'identifier': 'assignment1_rt', 'progress': 'build'}
[0.021847] (assignment1_rt) Command: {'cmd': ['/usr/bin/cmake', '--build', '/home/luchino/RT_first_assignment/build/assignment1_rt', '--', '-j8', '-l8'], 'cwd': '/home/luchino/RT_first_assignment/build/assignment1_rt', 'env': OrderedDict({'PYTHON_BASIC_REPL': '1', 'LESSOPEN': '| /usr/bin/lesspipe %s', 'USER': 'luchino', 'GIT_ASKPASS': '/home/luchino/.vscode-server/bin/bf9252a2fb45be6893dd8870c0bf37e2e1766d61/extensions/git/dist/askpass.sh', 'SHLVL': '2', 'LD_LIBRARY_PATH': '/opt/ros/jazzy/lib/x86_64-linux-gnu:/opt/ros/jazzy/lib', 'HOME': '/home/luchino', 'OLDPWD': '/home/luchino/RT_first_assignment/install', 'TERM_PROGRAM_VERSION': '1.106.3', 'VSCODE_IPC_HOOK_CLI': '/run/user/1000/vscode-ipc-9a6d4856-17e7-437f-b1ab-652a6376b02d.sock', 'ROS_PYTHON_VERSION': '3', 'VSCODE_GIT_ASKPASS_MAIN': '/home/luchino/.vscode-server/bin/bf9252a2fb45be6893dd8870c0bf37e2e1766d61/extensions/git/dist/askpass-main.js', 'VSCODE_GIT_ASKPASS_NODE': '/home/luchino/.vscode-server/bin/bf9252a2fb45be6893dd8870c0bf37e2e1766d61/node', 'PYDEVD_DISABLE_FILE_VALIDATION': '1', 'BUNDLED_DEBUGPY_PATH': '/home/luchino/.vscode-server/extensions/ms-python.debugpy-2025.16.0/bundled/libs/debugpy', 'VSCODE_PYTHON_AUTOACTIVATE_GUARD': '1', 'DBUS_SESSION_BUS_ADDRESS': 'unix:path=/run/user/1000/bus', 'COLORTERM': 'truecolor', 'WSL_DISTRO_NAME': 'Ubuntu-24.04', 'WAYLAND_DISPLAY': 'wayland-0', 'COLCON_PREFIX_PATH': '/home/luchino/RT_first_assignment/install:/home/luchino/ros_ws/install', 'ROS_DISTRO': 'jazzy', 'LOGNAME': 'luchino', 'NAME': 'Code', 'WSL_INTEROP': '/run/WSL/543_interop', 'PULSE_SERVER': 'unix:/mnt/wslg/PulseServer', '_': '/usr/bin/colcon', 'ROS_VERSION': '2', 'TERM': 'xterm-256color', 'PATH': '/home/luchino/.vscode-server/data/User/globalStorage/github.copilot-chat/debugCommand:/home/luchino/.vscode-server/data/User/globalStorage/github.copilot-chat/copilotCli:/home/luchino/.vscode-server/bin/bf9252a2fb45be6893dd8870c0bf37e2e1766d61/bin/remote-cli:/opt/ros/jazzy/bin:/usr/local/sbin:/usr/local/bin:/usr/sbin:/usr/bin:/sbin:/bin:/usr/games:/usr/local/games:/usr/lib/wsl/lib:/mnt/c/Program Files/WindowsApps/MicrosoftCorporationII.WindowsSubsystemForLinux_2.6.1.0_x64__8wekyb3d8bbwe:/mnt/c/Python312/Scripts/:/mnt/c/Python312/:/mnt/c/WINDOWS/system32:/mnt/c/WINDOWS:/mnt/c/WINDOWS/System32/Wbem:/mnt/c/WINDOWS/System32/WindowsPowerShell/v1.0/:/mnt/c/WINDOWS/System32/OpenSSH/:/mnt/c/Program Files/dotnet/:/mnt/c/Program Files/nodejs/:/mnt/c/ProgramData/chocolatey/bin:/mnt/c/Program Files/HP/HP One Agent:/mnt/c/Radiance/bin:/mnt/c/Program Files/MySQL/MySQL Server 8.0/bin:/mnt/c/Program Files/MySQL/MySQL Server 9.0/bin:/mnt/c/WINDOWS/system32:/mnt/c/WINDOWS:/mnt/c/WINDOWS/System32/Wbem:/mnt/c/WINDOWS/System32/WindowsPowerShell/v1.0/:/mnt/c/WINDOWS/System32/OpenSSH/:/mnt/c/Program Files/MATLAB/R2025b/runtime/win64:/mnt/c/Program Files/MATLAB/R2025b/bin:/mnt/c/Program Files/Git/cmd:/mnt/c/Program Files/Docker/Docker/resources/bin:/mnt/c/texlive/2024/bin/windows:/mnt/c/Users/lucaa/AppData/Local/Microsoft/WindowsApps:/mnt/c/Users/lucaa/AppData/Roaming/npm:/mnt/c/Users/lucaa/AppData/Local/Programs/MiKTeX/miktex/bin/x64/:/mnt/c/Users/lucaa/AppData/Roaming/Programs/Zero Install:/mnt/c/Users/lucaa/AppData/Local/Microsoft/WindowsApps:/mnt/c/msys64/ucrt64/bin:/mnt/c/Users/lucaa/AppData/Local/Programs/Microsoft VS Code/bin:/snap/bin:/home/luchino/.vscode-server/extensions/ms-python.debugpy-2025.16.0/bundled/scripts/noConfigScripts', 'XDG_RUNTIME_DIR': '/run/user/1000/', 'DISPLAY': ':0', 'VSCODE_DEBUGPY_ADAPTER_ENDPOINTS': '/home/luchino/.vscode-server/extensions/ms-python.debugpy-2025.16.0/.noConfigDebugAdapterEndpoints/endpoint-9a94ca708d272173.txt', 'LANG': 'en_US.UTF-8', 'PYTHONSTARTUP': '/home/luchino/.vscode-server/data/User/workspaceStorage/c8a841b907075387caedaf67b70a8506/ms-python.python/pythonrc.py', 'LS_COLORS': 'rs=0:di=01;34:ln=01;36:mh=00:pi=40;33:so=01;35:do=01;35:bd=40;33;01:cd=40;33;01:or=40;31;01:mi=00:su=37;41:sg=30;43:ca=00:tw=30;42:ow=34;42:st=37;44:ex=01;32:*.tar=01;31:*.tgz=01;31:*.arc=01;31:*.arj=01;31:*.taz=01;31:*.lha=01;31:*.lz4=01;31:*.lzh=01;31:*.lzma=01;31:*.tlz=01;31:*.txz=01;31:*.tzo=01;31:*.t7z=01;31:*.zip=01;31:*.z=01;31:*.dz=01;31:*.gz=01;31:*.lrz=01;31:*.lz=01;31:*.lzo=01;31:*.xz=01;31:*.zst=01;31:*.tzst=01;31:*.bz2=01;31:*.bz=01;31:*.tbz=01;31:*.tbz2=01;31:*.tz=01;31:*.deb=01;31:*.rpm=01;31:*.jar=01;31:*.war=01;31:*.ear=01;31:*.sar=01;31:*.rar=01;31:*.alz=01;31:*.ace=01;31:*.zoo=01;31:*.cpio=01;31:*.7z=01;31:*.rz=01;31:*.cab=01;31:*.wim=01;31:*.swm=01;31:*.dwm=01;31:*.esd=01;31:*.avif=01;35:*.jpg=01;35:*.jpeg=01;35:*.mjpg=01;35:*.mjpeg=01;35:*.gif=01;35:*.bmp=01;35:*.pbm=01;35:*.pgm=01;35:*.ppm=01;35:*.tga=01;35:*.xbm=01;35:*.xpm=01;35:*.tif=01;35:*.tiff=01;35:*.png=01;35:*.svg=01;35:*.svgz=01;35:*.mng=01;35:*.pcx=01;35:*.mov=01;35:*.mpg=01;35:*.mpeg=01;35:*.m2v=01;35:*.mkv=01;35:*.webm=01;35:*.webp=01;35:*.ogm=01;35:*.mp4=01;35:*.m4v=01;35:*.mp4v=01;35:*.vob=01;35:*.qt=01;35:*.nuv=01;35:*.wmv=01;35:*.asf=01;35:*.rm=01;35:*.rmvb=01;35:*.flc=01;35:*.avi=01;35:*.fli=01;35:*.flv=01;35:*.gl=01;35:*.dl=01;35:*.xcf=01;35:*.xwd=01;35:*.yuv=01;35:*.cgm=01;35:*.emf=01;35:*.ogv=01;35:*.ogx=01;35:*.aac=00;36:*.au=00;36:*.flac=00;36:*.m4a=00;36:*.mid=00;36:*.midi=00;36:*.mka=00;36:*.mp3=00;36:*.mpc=00;36:*.ogg=00;36:*.ra=00;36:*.wav=00;36:*.oga=00;36:*.opus=00;36:*.spx=00;36:*.xspf=00;36:*~=00;90:*#=00;90:*.bak=00;90:*.crdownload=00;90:*.dpkg-dist=00;90:*.dpkg-new=00;90:*.dpkg-old=00;90:*.dpkg-tmp=00;90:*.old=00;90:*.orig=00;90:*.part=00;90:*.rej=00;90:*.rpmnew=00;90:*.rpmorig=00;90:*.rpmsave=00;90:*.swp=00;90:*.tmp=00;90:*.ucf-dist=00;90:*.ucf-new=00;90:*.ucf-old=00;90:', 'VSCODE_GIT_IPC_HANDLE': '/run/user/1000/vscode-git-4ff4c84477.sock', 'TERM_PROGRAM': 'vscode', 'AMENT_PREFIX_PATH': '/home/luchino/RT_first_assignment/install/prova_rt1:/home/luchino/RT_first_assignment/install/assignment1_rt:/home/luchino/ros_ws/install/turtlesim_controller:/home/luchino/ros_ws/install/first_package_py:/home/luchino/ros_ws/install/first_package_cpp:/opt/ros/jazzy', 'SHELL': '/bin/bash', 'LESSCLOSE': '/usr/bin/lesspipe %s %s', 'ROS_AUTOMATIC_DISCOVERY_RANGE': 'SUBNET', 'VSCODE_GIT_ASKPASS_EXTRA_ARGS': '', 'PWD': '/home/luchino/RT_first_assignment/build/assignment1_rt', 'XDG_DATA_DIRS': '/usr/local/share:/usr/share:/var/lib/snapd/desktop', 'PYTHONPATH': '/home/luchino/ros_ws/install/first_package_py/lib/python3.12/site-packages:/opt/ros/jazzy/lib/python3.12/site-packages', 'COLCON': '1', 'WSL2_GUI_APPS_ENABLED': '1', 'HOSTTYPE': 'x86_64', 'CMAKE_PREFIX_PATH': '/home/luchino/RT_first_assignment/install/prova_rt1:/home/luchino/RT_first_assignment/install/assignment1_rt:/home/luchino/ros_ws/install/turtlesim_controller:/home/luchino/ros_ws/install/first_package_cpp:/home/luchino/ros_ws/install/first_package_py:/opt/ros/jazzy', 'WSLENV': 'ELECTRON_RUN_AS_NODE/w:'}), 'shell': False}
[0.099706] (-) TimerEvent: {}
[0.200373] (-) TimerEvent: {}
[0.245831] (assignment1_rt) StdoutLine: {'line': b'[ 25%] \x1b[32mBuilding CXX object CMakeFiles/ui.dir/src/ui_node.cpp.o\x1b[0m\n'}
[0.252376] (assignment1_rt) StdoutLine: {'line': b'[ 50%] \x1b[32mBuilding CXX object CMakeFiles/distance.dir/src/distance_node.cpp.o\x1b[0m\n'}
[0.300570] (-) TimerEvent: {}
[0.401206] (-) TimerEvent: {}
[0.501534] (-) TimerEvent: {}
[0.601922] (-) TimerEvent: {}
[0.702350] (-) TimerEvent: {}
[0.802762] (-) TimerEvent: {}
[0.903161] (-) TimerEvent: {}
[1.003596] (-) TimerEvent: {}
[1.103998] (-) TimerEvent: {}
[1.204406] (-) TimerEvent: {}
[1.304859] (-) TimerEvent: {}
[1.405220] (-) TimerEvent: {}
[1.505727] (-) TimerEvent: {}
[1.606305] (-) TimerEvent: {}
[1.706901] (-) TimerEvent: {}
[1.807416] (-) TimerEvent: {}
[1.908006] (-) TimerEvent: {}
[2.008437] (-) TimerEvent: {}
[2.108890] (-) TimerEvent: {}
[2.209429] (-) TimerEvent: {}
[2.309844] (-) TimerEvent: {}
[2.410389] (-) TimerEvent: {}
[2.511173] (-) TimerEvent: {}
[2.611682] (-) TimerEvent: {}
[2.712333] (-) TimerEvent: {}
[2.812765] (-) TimerEvent: {}
[2.913288] (-) TimerEvent: {}
[3.013785] (-) TimerEvent: {}
[3.114408] (-) TimerEvent: {}
[3.214974] (-) TimerEvent: {}
[3.315405] (-) TimerEvent: {}
[3.415887] (-) TimerEvent: {}
[3.437393] (assignment1_rt) StderrLine: {'line': b'\x1b[01m\x1b[K/home/luchino/RT_first_assignment/src/assignment1_rt/src/ui_node.cpp:\x1b[m\x1b[K In constructor \xe2\x80\x98\x1b[01m\x1b[KInput_Controller::\x1b[01;32m\x1b[KInput_Controller\x1b[m\x1b[K()\x1b[m\x1b[K\xe2\x80\x99:\n'}
[3.437729] (assignment1_rt) StderrLine: {'line': b'\x1b[01m\x1b[K/home/luchino/RT_first_assignment/src/assignment1_rt/src/ui_node.cpp:20:13:\x1b[m\x1b[K \x1b[01;31m\x1b[Kerror: \x1b[m\x1b[Kexpected \xe2\x80\x98\x1b[01m\x1b[K;\x1b[m\x1b[K\xe2\x80\x99 before \xe2\x80\x98\x1b[01m\x1b[Kstop_turtle\x1b[m\x1b[K\xe2\x80\x99\n'}
[3.437832] (assignment1_rt) StderrLine: {'line': b'   20 |             \x1b[01;31m\x1b[Kstop_turtle\x1b[m\x1b[K.linear.x = 0.0;\n'}
[3.437915] (assignment1_rt) StderrLine: {'line': b'      |             \x1b[01;31m\x1b[K^~~~~~~~~~~\x1b[m\x1b[K\n'}
[3.456665] (assignment1_rt) StderrLine: {'line': b'\x1b[01m\x1b[K/home/luchino/RT_first_assignment/src/assignment1_rt/src/ui_node.cpp:\x1b[m\x1b[K In member function \xe2\x80\x98\x1b[01m\x1b[Kvoid Input_Controller::\x1b[01;32m\x1b[Kinput_timer_callback\x1b[m\x1b[K()\x1b[m\x1b[K\xe2\x80\x99:\n'}
[3.456878] (assignment1_rt) StderrLine: {'line': b'\x1b[01m\x1b[K/home/luchino/RT_first_assignment/src/assignment1_rt/src/ui_node.cpp:80:21:\x1b[m\x1b[K \x1b[01;31m\x1b[Kerror: \x1b[m\x1b[K\xe2\x80\x98\x1b[01m\x1b[Kreverse_vel\x1b[m\x1b[K\xe2\x80\x99 was not declared in this scope; did you mean \xe2\x80\x98\x1b[01m\x1b[Kreverse_timer_\x1b[m\x1b[K\xe2\x80\x99?\n'}
[3.456943] (assignment1_rt) StderrLine: {'line': b'   80 |                     \x1b[01;31m\x1b[Kreverse_vel\x1b[m\x1b[K.linear.x = -last_vel_input.linear.x;\n'}
[3.457000] (assignment1_rt) StderrLine: {'line': b'      |                     \x1b[01;31m\x1b[K^~~~~~~~~~~\x1b[m\x1b[K\n'}
[3.457053] (assignment1_rt) StderrLine: {'line': b'      |                     \x1b[32m\x1b[Kreverse_timer_\x1b[m\x1b[K\n'}
[3.457509] (assignment1_rt) StderrLine: {'line': b'\x1b[01m\x1b[K/home/luchino/RT_first_assignment/src/assignment1_rt/src/ui_node.cpp:94:54:\x1b[m\x1b[K \x1b[01;31m\x1b[Kerror: \x1b[m\x1b[K\xe2\x80\x98\x1b[01m\x1b[Kreverse_movement_callback\x1b[m\x1b[K\xe2\x80\x99 is not a member of \xe2\x80\x98\x1b[01m\x1b[KInput_Controller\x1b[m\x1b[K\xe2\x80\x99\n'}
[3.457668] (assignment1_rt) StderrLine: {'line': b'   94 |                         std::bind(&Input_Controller::\x1b[01;31m\x1b[Kreverse_movement_callback\x1b[m\x1b[K, this)\n'}
[3.457741] (assignment1_rt) StderrLine: {'line': b'      |                                                      \x1b[01;31m\x1b[K^~~~~~~~~~~~~~~~~~~~~~~~~\x1b[m\x1b[K\n'}
[3.516073] (-) TimerEvent: {}
[3.616510] (-) TimerEvent: {}
[3.716900] (-) TimerEvent: {}
[3.817281] (-) TimerEvent: {}
[3.917673] (-) TimerEvent: {}
[4.018181] (-) TimerEvent: {}
[4.118677] (-) TimerEvent: {}
[4.219191] (-) TimerEvent: {}
[4.319688] (-) TimerEvent: {}
[4.420112] (-) TimerEvent: {}
[4.520696] (-) TimerEvent: {}
[4.621099] (-) TimerEvent: {}
[4.721556] (-) TimerEvent: {}
[4.822112] (-) TimerEvent: {}
[4.922666] (-) TimerEvent: {}
[5.023099] (-) TimerEvent: {}
[5.123500] (-) TimerEvent: {}
[5.223964] (-) TimerEvent: {}
[5.324505] (-) TimerEvent: {}
[5.424927] (-) TimerEvent: {}
[5.525408] (-) TimerEvent: {}
[5.625801] (-) TimerEvent: {}
[5.726237] (-) TimerEvent: {}
[5.826768] (-) TimerEvent: {}
[5.927181] (-) TimerEvent: {}
[6.027620] (-) TimerEvent: {}
[6.128235] (-) TimerEvent: {}
[6.228745] (-) TimerEvent: {}
[6.329166] (-) TimerEvent: {}
[6.356412] (assignment1_rt) StderrLine: {'line': b'gmake[2]: *** [CMakeFiles/ui.dir/build.make:76: CMakeFiles/ui.dir/src/ui_node.cpp.o] Error 1\n'}
[6.356845] (assignment1_rt) StderrLine: {'line': b'gmake[1]: *** [CMakeFiles/Makefile2:139: CMakeFiles/ui.dir/all] Error 2\n'}
[6.357080] (assignment1_rt) StderrLine: {'line': b'gmake[1]: *** Waiting for unfinished jobs....\n'}
[6.429419] (-) TimerEvent: {}
[6.529790] (-) TimerEvent: {}
[6.630212] (-) TimerEvent: {}
[6.730695] (-) TimerEvent: {}
[6.831255] (-) TimerEvent: {}
[6.931777] (-) TimerEvent: {}
[7.032360] (-) TimerEvent: {}
[7.133030] (-) TimerEvent: {}
[7.233793] (-) TimerEvent: {}
[7.334583] (-) TimerEvent: {}
[7.435196] (-) TimerEvent: {}
[7.535777] (-) TimerEvent: {}
[7.636424] (-) TimerEvent: {}
[7.737105] (-) TimerEvent: {}
[7.837532] (-) TimerEvent: {}
[7.938127] (-) TimerEvent: {}
[8.038609] (-) TimerEvent: {}
[8.139018] (-) TimerEvent: {}
[8.239476] (-) TimerEvent: {}
[8.340112] (-) TimerEvent: {}
[8.440787] (-) TimerEvent: {}
[8.541247] (-) TimerEvent: {}
[8.641917] (-) TimerEvent: {}
[8.742403] (-) TimerEvent: {}
[8.842991] (-) TimerEvent: {}
[8.943819] (-) TimerEvent: {}
[9.044526] (-) TimerEvent: {}
[9.145131] (-) TimerEvent: {}
[9.245671] (-) TimerEvent: {}
[9.346118] (-) TimerEvent: {}
[9.446685] (-) TimerEvent: {}
[9.547375] (-) TimerEvent: {}
[9.647914] (-) TimerEvent: {}
[9.748423] (-) TimerEvent: {}
[9.848886] (-) TimerEvent: {}
[9.949542] (-) TimerEvent: {}
[10.050085] (-) TimerEvent: {}
[10.150622] (-) TimerEvent: {}
[10.251422] (-) TimerEvent: {}
[10.352451] (-) TimerEvent: {}
[10.453234] (-) TimerEvent: {}
[10.553920] (-) TimerEvent: {}
[10.654422] (-) TimerEvent: {}
[10.754844] (-) TimerEvent: {}
[10.855328] (-) TimerEvent: {}
[10.925796] (assignment1_rt) StdoutLine: {'line': b'[ 75%] \x1b[32m\x1b[1mLinking CXX executable distance\x1b[0m\n'}
[10.955506] (-) TimerEvent: {}
[11.056041] (-) TimerEvent: {}
[11.156753] (-) TimerEvent: {}
[11.257444] (-) TimerEvent: {}
[11.358163] (-) TimerEvent: {}
[11.458690] (-) TimerEvent: {}
[11.559278] (-) TimerEvent: {}
[11.659830] (-) TimerEvent: {}
[11.760419] (-) TimerEvent: {}
[11.860943] (-) TimerEvent: {}
[11.868556] (assignment1_rt) StdoutLine: {'line': b'[ 75%] Built target distance\n'}
[11.870406] (assignment1_rt) StderrLine: {'line': b'gmake: *** [Makefile:146: all] Error 2\n'}
[11.872985] (assignment1_rt) CommandEnded: {'returncode': 2}
[11.903202] (assignment1_rt) JobEnded: {'identifier': 'assignment1_rt', 'rc': 2}
[11.905467] (-) EventReactorShutdown: {}
