[01m[K/home/luchino/RT_first_assignment/src/assignment1_rt/src/ui_node.cpp:[m[K In constructor â€˜[01m[KInput_Controller::[01;32m[KInput_Controller[m[K()[m[Kâ€™:
[01m[K/home/luchino/RT_first_assignment/src/assignment1_rt/src/ui_node.cpp:13:124:[m[K [01;31m[Kerror: [m[Kâ€˜[01m[Kturtle1_pose[m[Kâ€™ is not a member of â€˜[01m[KInput_Controller[m[Kâ€™
   13 |             distance_sub_ = this->create_subscription<std_msgs::msg::Float32>("distance", 10, std::bind(&Input_Controller::[01;31m[Kturtle1_pose[m[K, this, _1));
      |                                                                                                                            [01;31m[K^~~~~~~~~~~~[m[K
gmake[2]: *** [CMakeFiles/ui.dir/build.make:76: CMakeFiles/ui.dir/src/ui_node.cpp.o] Error 1
gmake[1]: *** [CMakeFiles/Makefile2:139: CMakeFiles/ui.dir/all] Error 2
gmake[1]: *** Waiting for unfinished jobs....
gmake: *** [Makefile:146: all] Error 2
