[0.010s] Invoking command in '/home/luchino/RT_first_assignment/build/assignment1_rt': CMAKE_PREFIX_PATH=${CMAKE_PREFIX_PATH}:/home/luchino/ros_ws/install/first_package_py:/opt/ros/jazzy /usr/bin/cmake --build /home/luchino/RT_first_assignment/build/assignment1_rt -- -j8 -l8
[0.055s] [ 25%] [32mBuilding CXX object CMakeFiles/distance.dir/src/distance_node.cpp.o[0m
[0.059s] [ 50%] [32mBuilding CXX object CMakeFiles/ui.dir/src/ui_node.cpp.o[0m
[2.283s] [01m[K/home/luchino/RT_first_assignment/src/assignment1_rt/src/ui_node.cpp:[m[K In constructor â€˜[01m[KInput_Controller::[01;32m[KInput_Controller[m[K()[m[Kâ€™:
[2.283s] [01m[K/home/luchino/RT_first_assignment/src/assignment1_rt/src/ui_node.cpp:13:124:[m[K [01;31m[Kerror: [m[Kâ€˜[01m[Kturtle1_pose[m[Kâ€™ is not a member of â€˜[01m[KInput_Controller[m[Kâ€™
[2.283s]    13 |             distance_sub_ = this->create_subscription<std_msgs::msg::Float32>("distance", 10, std::bind(&Input_Controller::[01;31m[Kturtle1_pose[m[K, this, _1));
[2.283s]       |                                                                                                                            [01;31m[K^~~~~~~~~~~~[m[K
[3.309s] gmake[2]: *** [CMakeFiles/ui.dir/build.make:76: CMakeFiles/ui.dir/src/ui_node.cpp.o] Error 1
[3.309s] gmake[1]: *** [CMakeFiles/Makefile2:139: CMakeFiles/ui.dir/all] Error 2
[3.309s] gmake[1]: *** Waiting for unfinished jobs....
[8.443s] [ 75%] [32m[1mLinking CXX executable distance[0m
[8.877s] [ 75%] Built target distance
[8.878s] gmake: *** [Makefile:146: all] Error 2
[8.881s] Invoked command in '/home/luchino/RT_first_assignment/build/assignment1_rt' returned '2': CMAKE_PREFIX_PATH=${CMAKE_PREFIX_PATH}:/home/luchino/ros_ws/install/first_package_py:/opt/ros/jazzy /usr/bin/cmake --build /home/luchino/RT_first_assignment/build/assignment1_rt -- -j8 -l8
