[ 50%] Built target distance
[ 75%] [32mBuilding CXX object CMakeFiles/ui.dir/src/ui_node.cpp.o[0m
[01m[K/home/luchino/RT_first_assignment/src/assignment1_rt/src/ui_node.cpp:[m[K In constructor â€˜[01m[KInput_Controller::[01;32m[KInput_Controller[m[K()[m[Kâ€™:
[01m[K/home/luchino/RT_first_assignment/src/assignment1_rt/src/ui_node.cpp:22:30:[m[K [01;31m[Kerror: [m[Kno match for â€˜[01m[Koperator=[m[Kâ€™ (operand types are â€˜[01m[Kstd_msgs::msg::Float32[m[Kâ€™ {aka â€˜[01m[Kstd_msgs::msg::Float32_<std::allocator<void> >[m[Kâ€™} and â€˜[01m[Kdouble[m[Kâ€™)
   22 |             actual_distance =[01;31m[K11.0[m[K;
      |                              [01;31m[K^~~~[m[K
In file included from [01m[K/opt/ros/jazzy/include/std_msgs/std_msgs/msg/float32.hpp:7[m[K,
                 from [01m[K/home/luchino/RT_first_assignment/src/assignment1_rt/src/ui_node.cpp:4[m[K:
[01m[K/opt/ros/jazzy/include/std_msgs/std_msgs/msg/detail/float32__struct.hpp:35:8:[m[K [01;36m[Knote: [m[Kcandidate: â€˜[01m[Kconstexpr std_msgs::msg::Float32_<std::allocator<void> >& std_msgs::msg::Float32_<std::allocator<void> >::[01;32m[Koperator=[m[K(const std_msgs::msg::Float32_<std::allocator<void> >&)[m[Kâ€™
   35 | struct [01;36m[KFloat32_[m[K
      |        [01;36m[K^~~~~~~~[m[K
[01m[K/opt/ros/jazzy/include/std_msgs/std_msgs/msg/detail/float32__struct.hpp:35:8:[m[K [01;36m[Knote: [m[K  no known conversion for argument 1 from â€˜[01m[Kdouble[m[Kâ€™ to â€˜[01m[Kconst std_msgs::msg::Float32_<std::allocator<void> >&[m[Kâ€™
[01m[K/opt/ros/jazzy/include/std_msgs/std_msgs/msg/detail/float32__struct.hpp:35:8:[m[K [01;36m[Knote: [m[Kcandidate: â€˜[01m[Kconstexpr std_msgs::msg::Float32_<std::allocator<void> >& std_msgs::msg::Float32_<std::allocator<void> >::[01;32m[Koperator=[m[K(std_msgs::msg::Float32_<std::allocator<void> >&&)[m[Kâ€™
[01m[K/opt/ros/jazzy/include/std_msgs/std_msgs/msg/detail/float32__struct.hpp:35:8:[m[K [01;36m[Knote: [m[K  no known conversion for argument 1 from â€˜[01m[Kdouble[m[Kâ€™ to â€˜[01m[Kstd_msgs::msg::Float32_<std::allocator<void> >&&[m[Kâ€™
[01m[K/home/luchino/RT_first_assignment/src/assignment1_rt/src/ui_node.cpp:[m[K In member function â€˜[01m[Kvoid Input_Controller::[01;32m[Kinput_loop[m[K()[m[Kâ€™:
[01m[K/home/luchino/RT_first_assignment/src/assignment1_rt/src/ui_node.cpp:27:35:[m[K [01;31m[Kerror: [m[Kno match for â€˜[01m[Koperator>[m[Kâ€™ (operand types are â€˜[01m[Kstd_msgs::msg::Float32[m[Kâ€™ {aka â€˜[01m[Kstd_msgs::msg::Float32_<std::allocator<void> >[m[Kâ€™} and â€˜[01m[Kdouble[m[Kâ€™)
   27 |             while([32m[Kactual_distance[m[K [01;31m[K>[m[K [34m[K1.0[m[K){
      |                   [32m[K~~~~~~~~~~~~~~~[m[K [01;31m[K^[m[K [34m[K~~~[m[K
      |                   [32m[K|[m[K                 [34m[K|[m[K
      |                   [32m[K|[m[K                 [34m[Kdouble[m[K
      |                   [32m[Kstd_msgs::msg::Float32 {aka std_msgs::msg::Float32_<std::allocator<void> >}[m[K
In file included from [01m[K/usr/include/c++/13/bits/stl_tempbuf.h:62[m[K,
                 from [01m[K/usr/include/c++/13/memory:66[m[K,
                 from [01m[K/opt/ros/jazzy/include/rclcpp/rclcpp/rclcpp.hpp:169[m[K,
                 from [01m[K/home/luchino/RT_first_assignment/src/assignment1_rt/src/ui_node.cpp:1[m[K:
[01m[K/usr/include/c++/13/bits/stl_pair.h:848:5:[m[K [01;36m[Knote: [m[Kcandidate: â€˜[01m[Ktemplate<class _T1, class _T2> constexpr bool std::[01;32m[Koperator>[m[K(const pair<_T1, _T2>&, const pair<_T1, _T2>&)[m[Kâ€™
  848 |     [01;36m[Koperator[m[K>(const pair<_T1, _T2>& __x, const pair<_T1, _T2>& __y)
      |     [01;36m[K^~~~~~~~[m[K
[01m[K/usr/include/c++/13/bits/stl_pair.h:848:5:[m[K [01;36m[Knote: [m[K  template argument deduction/substitution failed:
[01m[K/home/luchino/RT_first_assignment/src/assignment1_rt/src/ui_node.cpp:27:37:[m[K [01;36m[Knote: [m[K  â€˜[01m[Kstd_msgs::msg::Float32[m[Kâ€™ {aka â€˜[01m[Kstd_msgs::msg::Float32_<std::allocator<void> >[m[Kâ€™} is not derived from â€˜[01m[Kconst std::pair<_T1, _T2>[m[Kâ€™
   27 |             while(actual_distance > [01;36m[K1.0[m[K){
      |                                     [01;36m[K^~~[m[K
In file included from [01m[K/usr/include/c++/13/bits/stl_algobase.h:67[m[K,
                 from [01m[K/usr/include/c++/13/bits/stl_uninitialized.h:63[m[K,
                 from [01m[K/usr/include/c++/13/memory:69[m[K:
[01m[K/usr/include/c++/13/bits/stl_iterator.h:469:5:[m[K [01;36m[Knote: [m[Kcandidate: â€˜[01m[Ktemplate<class _Iterator> constexpr bool std::[01;32m[Koperator>[m[K(const reverse_iterator<_Iterator>&, const reverse_iterator<_Iterator>&)[m[Kâ€™
  469 |     [01;36m[Koperator[m[K>(const reverse_iterator<_Iterator>& __x,
      |     [01;36m[K^~~~~~~~[m[K
[01m[K/usr/include/c++/13/bits/stl_iterator.h:469:5:[m[K [01;36m[Knote: [m[K  template argument deduction/substitution failed:
[01m[K/home/luchino/RT_first_assignment/src/assignment1_rt/src/ui_node.cpp:27:37:[m[K [01;36m[Knote: [m[K  â€˜[01m[Kstd_msgs::msg::Float32[m[Kâ€™ {aka â€˜[01m[Kstd_msgs::msg::Float32_<std::allocator<void> >[m[Kâ€™} is not derived from â€˜[01m[Kconst std::reverse_iterator<_Iterator>[m[Kâ€™
   27 |             while(actual_distance > [01;36m[K1.0[m[K){
      |                                     [01;36m[K^~~[m[K
[01m[K/usr/include/c++/13/bits/stl_iterator.h:514:5:[m[K [01;36m[Knote: [m[Kcandidate: â€˜[01m[Ktemplate<class _IteratorL, class _IteratorR> constexpr bool std::[01;32m[Koperator>[m[K(const reverse_iterator<_Iterator>&, const reverse_iterator<_IteratorR>&)[m[Kâ€™
  514 |     [01;36m[Koperator[m[K>(const reverse_iterator<_IteratorL>& __x,
      |     [01;36m[K^~~~~~~~[m[K
[01m[K/usr/include/c++/13/bits/stl_iterator.h:514:5:[m[K [01;36m[Knote: [m[K  template argument deduction/substitution failed:
[01m[K/home/luchino/RT_first_assignment/src/assignment1_rt/src/ui_node.cpp:27:37:[m[K [01;36m[Knote: [m[K  â€˜[01m[Kstd_msgs::msg::Float32[m[Kâ€™ {aka â€˜[01m[Kstd_msgs::msg::Float32_<std::allocator<void> >[m[Kâ€™} is not derived from â€˜[01m[Kconst std::reverse_iterator<_Iterator>[m[Kâ€™
   27 |             while(actual_distance > [01;36m[K1.0[m[K){
      |                                     [01;36m[K^~~[m[K
[01m[K/usr/include/c++/13/bits/stl_iterator.h:1725:5:[m[K [01;36m[Knote: [m[Kcandidate: â€˜[01m[Ktemplate<class _IteratorL, class _IteratorR> constexpr bool std::[01;32m[Koperator>[m[K(const move_iterator<_IteratorL>&, const move_iterator<_IteratorR>&)[m[Kâ€™
 1725 |     [01;36m[Koperator[m[K>(const move_iterator<_IteratorL>& __x,
      |     [01;36m[K^~~~~~~~[m[K
[01m[K/usr/include/c++/13/bits/stl_iterator.h:1725:5:[m[K [01;36m[Knote: [m[K  template argument deduction/substitution failed:
[01m[K/home/luchino/RT_first_assignment/src/assignment1_rt/src/ui_node.cpp:27:37:[m[K [01;36m[Knote: [m[K  â€˜[01m[Kstd_msgs::msg::Float32[m[Kâ€™ {aka â€˜[01m[Kstd_msgs::msg::Float32_<std::allocator<void> >[m[Kâ€™} is not derived from â€˜[01m[Kconst std::move_iterator<_IteratorL>[m[Kâ€™
   27 |             while(actual_distance > [01;36m[K1.0[m[K){
      |                                     [01;36m[K^~~[m[K
[01m[K/usr/include/c++/13/bits/stl_iterator.h:1784:5:[m[K [01;36m[Knote: [m[Kcandidate: â€˜[01m[Ktemplate<class _Iterator> constexpr bool std::[01;32m[Koperator>[m[K(const move_iterator<_IteratorL>&, const move_iterator<_IteratorL>&)[m[Kâ€™
 1784 |     [01;36m[Koperator[m[K>(const move_iterator<_Iterator>& __x,
      |     [01;36m[K^~~~~~~~[m[K
[01m[K/usr/include/c++/13/bits/stl_iterator.h:1784:5:[m[K [01;36m[Knote: [m[K  template argument deduction/substitution failed:
[01m[K/home/luchino/RT_first_assignment/src/assignment1_rt/src/ui_node.cpp:27:37:[m[K [01;36m[Knote: [m[K  â€˜[01m[Kstd_msgs::msg::Float32[m[Kâ€™ {aka â€˜[01m[Kstd_msgs::msg::Float32_<std::allocator<void> >[m[Kâ€™} is not derived from â€˜[01m[Kconst std::move_iterator<_IteratorL>[m[Kâ€™
   27 |             while(actual_distance > [01;36m[K1.0[m[K){
      |                                     [01;36m[K^~~[m[K
In file included from [01m[K/usr/include/c++/13/bits/unique_ptr.h:36[m[K,
                 from [01m[K/usr/include/c++/13/memory:78[m[K:
[01m[K/usr/include/c++/13/tuple:1980:5:[m[K [01;36m[Knote: [m[Kcandidate: â€˜[01m[Ktemplate<class ... _TElements, class ... _UElements> constexpr bool std::[01;32m[Koperator>[m[K(const tuple<_UTypes ...>&, const tuple<_UTypes ...>&)[m[Kâ€™
 1980 |     [01;36m[Koperator[m[K>(const tuple<_TElements...>& __t,
      |     [01;36m[K^~~~~~~~[m[K
[01m[K/usr/include/c++/13/tuple:1980:5:[m[K [01;36m[Knote: [m[K  template argument deduction/substitution failed:
[01m[K/home/luchino/RT_first_assignment/src/assignment1_rt/src/ui_node.cpp:27:37:[m[K [01;36m[Knote: [m[K  â€˜[01m[Kstd_msgs::msg::Float32[m[Kâ€™ {aka â€˜[01m[Kstd_msgs::msg::Float32_<std::allocator<void> >[m[Kâ€™} is not derived from â€˜[01m[Kconst std::tuple<_UTypes ...>[m[Kâ€™
   27 |             while(actual_distance > [01;36m[K1.0[m[K){
      |                                     [01;36m[K^~~[m[K
[01m[K/usr/include/c++/13/bits/unique_ptr.h:934:5:[m[K [01;36m[Knote: [m[Kcandidate: â€˜[01m[Ktemplate<class _Tp, class _Dp, class _Up, class _Ep> bool std::[01;32m[Koperator>[m[K(const unique_ptr<_Tp, _Dp>&, const unique_ptr<_Up, _Ep>&)[m[Kâ€™
  934 |     [01;36m[Koperator[m[K>(const unique_ptr<_Tp, _Dp>& __x,
      |     [01;36m[K^~~~~~~~[m[K
[01m[K/usr/include/c++/13/bits/unique_ptr.h:934:5:[m[K [01;36m[Knote: [m[K  template argument deduction/substitution failed:
[01m[K/home/luchino/RT_first_assignment/src/assignment1_rt/src/ui_node.cpp:27:37:[m[K [01;36m[Knote: [m[K  â€˜[01m[Kstd_msgs::msg::Float32[m[Kâ€™ {aka â€˜[01m[Kstd_msgs::msg::Float32_<std::allocator<void> >[m[Kâ€™} is not derived from â€˜[01m[Kconst std::unique_ptr<_Tp, _Dp>[m[Kâ€™
   27 |             while(actual_distance > [01;36m[K1.0[m[K){
      |                                     [01;36m[K^~~[m[K
[01m[K/usr/include/c++/13/bits/unique_ptr.h:942:5:[m[K [01;36m[Knote: [m[Kcandidate: â€˜[01m[Ktemplate<class _Tp, class _Dp> bool std::[01;32m[Koperator>[m[K(const unique_ptr<_Tp, _Dp>&, nullptr_t)[m[Kâ€™
  942 |     [01;36m[Koperator[m[K>(const unique_ptr<_Tp, _Dp>& __x, nullptr_t)
      |     [01;36m[K^~~~~~~~[m[K
[01m[K/usr/include/c++/13/bits/unique_ptr.h:942:5:[m[K [01;36m[Knote: [m[K  template argument deduction/substitution failed:
[01m[K/home/luchino/RT_first_assignment/src/assignment1_rt/src/ui_node.cpp:27:37:[m[K [01;36m[Knote: [m[K  â€˜[01m[Kstd_msgs::msg::Float32[m[Kâ€™ {aka â€˜[01m[Kstd_msgs::msg::Float32_<std::allocator<void> >[m[Kâ€™} is not derived from â€˜[01m[Kconst std::unique_ptr<_Tp, _Dp>[m[Kâ€™
   27 |             while(actual_distance > [01;36m[K1.0[m[K){
      |                                     [01;36m[K^~~[m[K
[01m[K/usr/include/c++/13/bits/unique_ptr.h:952:5:[m[K [01;36m[Knote: [m[Kcandidate: â€˜[01m[Ktemplate<class _Tp, class _Dp> bool std::[01;32m[Koperator>[m[K(nullptr_t, const unique_ptr<_Tp, _Dp>&)[m[Kâ€™
  952 |     [01;36m[Koperator[m[K>(nullptr_t, const unique_ptr<_Tp, _Dp>& __x)
      |     [01;36m[K^~~~~~~~[m[K
[01m[K/usr/include/c++/13/bits/unique_ptr.h:952:5:[m[K [01;36m[Knote: [m[K  template argument deduction/substitution failed:
[01m[K/home/luchino/RT_first_assignment/src/assignment1_rt/src/ui_node.cpp:27:37:[m[K [01;36m[Knote: [m[K  mismatched types â€˜[01m[Kconst std::unique_ptr<_Tp, _Dp>[m[Kâ€™ and â€˜[01m[Kdouble[m[Kâ€™
   27 |             while(actual_distance > [01;36m[K1.0[m[K){
      |                                     [01;36m[K^~~[m[K
In file included from [01m[K/usr/include/c++/13/bits/shared_ptr.h:53[m[K,
                 from [01m[K/usr/include/c++/13/memory:80[m[K:
[01m[K/usr/include/c++/13/bits/shared_ptr_base.h:1883:5:[m[K [01;36m[Knote: [m[Kcandidate: â€˜[01m[Ktemplate<class _Tp1, class _Tp2, __gnu_cxx::_Lock_policy _Lp> bool std::[01;32m[Koperator>[m[K(const __shared_ptr<_Tp1, _Lp>&, const __shared_ptr<_Tp2, _Lp>&)[m[Kâ€™
 1883 |     [01;36m[Koperator[m[K>(const __shared_ptr<_Tp1, _Lp>& __a,
      |     [01;36m[K^~~~~~~~[m[K
[01m[K/usr/include/c++/13/bits/shared_ptr_base.h:1883:5:[m[K [01;36m[Knote: [m[K  template argument deduction/substitution failed:
[01m[K/home/luchino/RT_first_assignment/src/assignment1_rt/src/ui_node.cpp:27:37:[m[K [01;36m[Knote: [m[K  â€˜[01m[Kstd_msgs::msg::Float32[m[Kâ€™ {aka â€˜[01m[Kstd_msgs::msg::Float32_<std::allocator<void> >[m[Kâ€™} is not derived from â€˜[01m[Kconst std::__shared_ptr<_Tp1, _Lp>[m[Kâ€™
   27 |             while(actual_distance > [01;36m[K1.0[m[K){
      |                                     [01;36m[K^~~[m[K
[01m[K/usr/include/c++/13/bits/shared_ptr_base.h:1889:5:[m[K [01;36m[Knote: [m[Kcandidate: â€˜[01m[Ktemplate<class _Tp, __gnu_cxx::_Lock_policy _Lp> bool std::[01;32m[Koperator>[m[K(const __shared_ptr<_Tp, _Lp>&, nullptr_t)[m[Kâ€™
 1889 |     [01;36m[Koperator[m[K>(const __shared_ptr<_Tp, _Lp>& __a, nullptr_t) noexcept
      |     [01;36m[K^~~~~~~~[m[K
[01m[K/usr/include/c++/13/bits/shared_ptr_base.h:1889:5:[m[K [01;36m[Knote: [m[K  template argument deduction/substitution failed:
[01m[K/home/luchino/RT_first_assignment/src/assignment1_rt/src/ui_node.cpp:27:37:[m[K [01;36m[Knote: [m[K  â€˜[01m[Kstd_msgs::msg::Float32[m[Kâ€™ {aka â€˜[01m[Kstd_msgs::msg::Float32_<std::allocator<void> >[m[Kâ€™} is not derived from â€˜[01m[Kconst std::__shared_ptr<_Tp, _Lp>[m[Kâ€™
   27 |             while(actual_distance > [01;36m[K1.0[m[K){
      |                                     [01;36m[K^~~[m[K
[01m[K/usr/include/c++/13/bits/shared_ptr_base.h:1894:5:[m[K [01;36m[Knote: [m[Kcandidate: â€˜[01m[Ktemplate<class _Tp, __gnu_cxx::_Lock_policy _Lp> bool std::[01;32m[Koperator>[m[K(nullptr_t, const __shared_ptr<_Tp, _Lp>&)[m[Kâ€™
 1894 |     [01;36m[Koperator[m[K>(nullptr_t, const __shared_ptr<_Tp, _Lp>& __a) noexcept
      |     [01;36m[K^~~~~~~~[m[K
[01m[K/usr/include/c++/13/bits/shared_ptr_base.h:1894:5:[m[K [01;36m[Knote: [m[K  template argument deduction/substitution failed:
[01m[K/home/luchino/RT_first_assignment/src/assignment1_rt/src/ui_node.cpp:27:37:[m[K [01;36m[Knote: [m[K  mismatched types â€˜[01m[Kconst std::__shared_ptr<_Tp, _Lp>[m[Kâ€™ and â€˜[01m[Kdouble[m[Kâ€™
   27 |             while(actual_distance > [01;36m[K1.0[m[K){
      |                                     [01;36m[K^~~[m[K
[01m[K/usr/include/c++/13/bits/shared_ptr.h:653:5:[m[K [01;36m[Knote: [m[Kcandidate: â€˜[01m[Ktemplate<class _Tp, class _Up> bool std::[01;32m[Koperator>[m[K(const shared_ptr<_Tp>&, const shared_ptr<_Tp>&)[m[Kâ€™
  653 |     [01;36m[Koperator[m[K>(const shared_ptr<_Tp>& __a, const shared_ptr<_Up>& __b) noexcept
      |     [01;36m[K^~~~~~~~[m[K
[01m[K/usr/include/c++/13/bits/shared_ptr.h:653:5:[m[K [01;36m[Knote: [m[K  template argument deduction/substitution failed:
[01m[K/home/luchino/RT_first_assignment/src/assignment1_rt/src/ui_node.cpp:27:37:[m[K [01;36m[Knote: [m[K  â€˜[01m[Kstd_msgs::msg::Float32[m[Kâ€™ {aka â€˜[01m[Kstd_msgs::msg::Float32_<std::allocator<void> >[m[Kâ€™} is not derived from â€˜[01m[Kconst std::shared_ptr<_Tp>[m[Kâ€™
   27 |             while(actual_distance > [01;36m[K1.0[m[K){
      |                                     [01;36m[K^~~[m[K
[01m[K/usr/include/c++/13/bits/shared_ptr.h:659:5:[m[K [01;36m[Knote: [m[Kcandidate: â€˜[01m[Ktemplate<class _Tp> bool std::[01;32m[Koperator>[m[K(const shared_ptr<_Tp>&, nullptr_t)[m[Kâ€™
  659 |     [01;36m[Koperator[m[K>(const shared_ptr<_Tp>& __a, nullptr_t) noexcept
      |     [01;36m[K^~~~~~~~[m[K
[01m[K/usr/include/c++/13/bits/shared_ptr.h:659:5:[m[K [01;36m[Knote: [m[K  template argument deduction/substitution failed:
[01m[K/home/luchino/RT_first_assignment/src/assignment1_rt/src/ui_node.cpp:27:37:[m[K [01;36m[Knote: [m[K  â€˜[01m[Kstd_msgs::msg::Float32[m[Kâ€™ {aka â€˜[01m[Kstd_msgs::msg::Float32_<std::allocator<void> >[m[Kâ€™} is not derived from â€˜[01m[Kconst std::shared_ptr<_Tp>[m[Kâ€™
   27 |             while(actual_distance > [01;36m[K1.0[m[K){
      |                                     [01;36m[K^~~[m[K
[01m[K/usr/include/c++/13/bits/shared_ptr.h:665:5:[m[K [01;36m[Knote: [m[Kcandidate: â€˜[01m[Ktemplate<class _Tp> bool std::[01;32m[Koperator>[m[K(nullptr_t, const shared_ptr<_Tp>&)[m[Kâ€™
  665 |     [01;36m[Koperator[m[K>(nullptr_t, const shared_ptr<_Tp>& __a) noexcept
      |     [01;36m[K^~~~~~~~[m[K
[01m[K/usr/include/c++/13/bits/shared_ptr.h:665:5:[m[K [01;36m[Knote: [m[K  template argument deduction/substitution failed:
[01m[K/home/luchino/RT_first_assignment/src/assignment1_rt/src/ui_node.cpp:27:37:[m[K [01;36m[Knote: [m[K  mismatched types â€˜[01m[Kconst std::shared_ptr<_Tp>[m[Kâ€™ and â€˜[01m[Kdouble[m[Kâ€™
   27 |             while(actual_distance > [01;36m[K1.0[m[K){
      |                                     [01;36m[K^~~[m[K
In file included from [01m[K/usr/include/c++/13/bits/basic_string.h:47[m[K,
                 from [01m[K/usr/include/c++/13/string:54[m[K,
                 from [01m[K/opt/ros/jazzy/include/rclcpp/rclcpp/copy_all_parameter_values.hpp:18[m[K,
                 from [01m[K/opt/ros/jazzy/include/rclcpp/rclcpp/rclcpp.hpp:171[m[K:
[01m[K/usr/include/c++/13/string_view:693:5:[m[K [01;36m[Knote: [m[Kcandidate: â€˜[01m[Ktemplate<class _CharT, class _Traits> constexpr bool std::[01;32m[Koperator>[m[K(basic_string_view<_CharT, _Traits>, basic_string_view<_CharT, _Traits>)[m[Kâ€™
  693 |     [01;36m[Koperator[m[K> (basic_string_view<_CharT, _Traits> __x,
      |     [01;36m[K^~~~~~~~[m[K
[01m[K/usr/include/c++/13/string_view:693:5:[m[K [01;36m[Knote: [m[K  template argument deduction/substitution failed:
[01m[K/home/luchino/RT_first_assignment/src/assignment1_rt/src/ui_node.cpp:27:37:[m[K [01;36m[Knote: [m[K  â€˜[01m[Kstd_msgs::msg::Float32_<std::allocator<void> >[m[Kâ€™ is not derived from â€˜[01m[Kstd::basic_string_view<_CharT, _Traits>[m[Kâ€™
   27 |             while(actual_distance > [01;36m[K1.0[m[K){
      |                                     [01;36m[K^~~[m[K
[01m[K/usr/include/c++/13/string_view:700:5:[m[K [01;36m[Knote: [m[Kcandidate: â€˜[01m[Ktemplate<class _CharT, class _Traits> constexpr bool std::[01;32m[Koperator>[m[K(basic_string_view<_CharT, _Traits>, __type_identity_t<basic_string_view<_CharT, _Traits> >)[m[Kâ€™
  700 |     [01;36m[Koperator[m[K> (basic_string_view<_CharT, _Traits> __x,
      |     [01;36m[K^~~~~~~~[m[K
[01m[K/usr/include/c++/13/string_view:700:5:[m[K [01;36m[Knote: [m[K  template argument deduction/substitution failed:
[01m[K/home/luchino/RT_first_assignment/src/assignment1_rt/src/ui_node.cpp:27:37:[m[K [01;36m[Knote: [m[K  â€˜[01m[Kstd_msgs::msg::Float32_<std::allocator<void> >[m[Kâ€™ is not derived from â€˜[01m[Kstd::basic_string_view<_CharT, _Traits>[m[Kâ€™
   27 |             while(actual_distance > [01;36m[K1.0[m[K){
      |                                     [01;36m[K^~~[m[K
[01m[K/usr/include/c++/13/string_view:708:5:[m[K [01;36m[Knote: [m[Kcandidate: â€˜[01m[Ktemplate<class _CharT, class _Traits> constexpr bool std::[01;32m[Koperator>[m[K(__type_identity_t<basic_string_view<_CharT, _Traits> >, basic_string_view<_CharT, _Traits>)[m[Kâ€™
  708 |     [01;36m[Koperator[m[K> (__type_identity_t<basic_string_view<_CharT, _Traits>> __x,
      |     [01;36m[K^~~~~~~~[m[K
[01m[K/usr/include/c++/13/string_view:708:5:[m[K [01;36m[Knote: [m[K  template argument deduction/substitution failed:
[01m[K/home/luchino/RT_first_assignment/src/assignment1_rt/src/ui_node.cpp:27:37:[m[K [01;36m[Knote: [m[K  mismatched types â€˜[01m[Kstd::basic_string_view<_CharT, _Traits>[m[Kâ€™ and â€˜[01m[Kdouble[m[Kâ€™
   27 |             while(actual_distance > [01;36m[K1.0[m[K){
      |                                     [01;36m[K^~~[m[K
[01m[K/usr/include/c++/13/bits/basic_string.h:3870:5:[m[K [01;36m[Knote: [m[Kcandidate: â€˜[01m[Ktemplate<class _CharT, class _Traits, class _Alloc> bool std::[01;32m[Koperator>[m[K(const __cxx11::basic_string<_CharT, _Traits, _Allocator>&, const __cxx11::basic_string<_CharT, _Traits, _Allocator>&)[m[Kâ€™
 3870 |     [01;36m[Koperator[m[K>(const basic_string<_CharT, _Traits, _Alloc>& __lhs,
      |     [01;36m[K^~~~~~~~[m[K
[01m[K/usr/include/c++/13/bits/basic_string.h:3870:5:[m[K [01;36m[Knote: [m[K  template argument deduction/substitution failed:
[01m[K/home/luchino/RT_first_assignment/src/assignment1_rt/src/ui_node.cpp:27:37:[m[K [01;36m[Knote: [m[K  â€˜[01m[Kstd_msgs::msg::Float32[m[Kâ€™ {aka â€˜[01m[Kstd_msgs::msg::Float32_<std::allocator<void> >[m[Kâ€™} is not derived from â€˜[01m[Kconst std::__cxx11::basic_string<_CharT, _Traits, _Allocator>[m[Kâ€™
   27 |             while(actual_distance > [01;36m[K1.0[m[K){
      |                                     [01;36m[K^~~[m[K
[01m[K/usr/include/c++/13/bits/basic_string.h:3884:5:[m[K [01;36m[Knote: [m[Kcandidate: â€˜[01m[Ktemplate<class _CharT, class _Traits, class _Alloc> bool std::[01;32m[Koperator>[m[K(const __cxx11::basic_string<_CharT, _Traits, _Allocator>&, const _CharT*)[m[Kâ€™
 3884 |     [01;36m[Koperator[m[K>(const basic_string<_CharT, _Traits, _Alloc>& __lhs,
      |     [01;36m[K^~~~~~~~[m[K
[01m[K/usr/include/c++/13/bits/basic_string.h:3884:5:[m[K [01;36m[Knote: [m[K  template argument deduction/substitution failed:
[01m[K/home/luchino/RT_first_assignment/src/assignment1_rt/src/ui_node.cpp:27:37:[m[K [01;36m[Knote: [m[K  â€˜[01m[Kstd_msgs::msg::Float32[m[Kâ€™ {aka â€˜[01m[Kstd_msgs::msg::Float32_<std::allocator<void> >[m[Kâ€™} is not derived from â€˜[01m[Kconst std::__cxx11::basic_string<_CharT, _Traits, _Allocator>[m[Kâ€™
   27 |             while(actual_distance > [01;36m[K1.0[m[K){
      |                                     [01;36m[K^~~[m[K
[01m[K/usr/include/c++/13/bits/basic_string.h:3897:5:[m[K [01;36m[Knote: [m[Kcandidate: â€˜[01m[Ktemplate<class _CharT, class _Traits, class _Alloc> bool std::[01;32m[Koperator>[m[K(const _CharT*, const __cxx11::basic_string<_CharT, _Traits, _Allocator>&)[m[Kâ€™
 3897 |     [01;36m[Koperator[m[K>(const _CharT* __lhs,
      |     [01;36m[K^~~~~~~~[m[K
[01m[K/usr/include/c++/13/bits/basic_string.h:3897:5:[m[K [01;36m[Knote: [m[K  template argument deduction/substitution failed:
[01m[K/home/luchino/RT_first_assignment/src/assignment1_rt/src/ui_node.cpp:27:37:[m[K [01;36m[Knote: [m[K  mismatched types â€˜[01m[Kconst _CharT*[m[Kâ€™ and â€˜[01m[Kstd_msgs::msg::Float32_<std::allocator<void> >[m[Kâ€™
   27 |             while(actual_distance > [01;36m[K1.0[m[K){
      |                                     [01;36m[K^~~[m[K
In file included from [01m[K/usr/include/c++/13/vector:66[m[K,
                 from [01m[K/opt/ros/jazzy/include/rclcpp/rclcpp/copy_all_parameter_values.hpp:19[m[K:
[01m[K/usr/include/c++/13/bits/stl_vector.h:2092:5:[m[K [01;36m[Knote: [m[Kcandidate: â€˜[01m[Ktemplate<class _Tp, class _Alloc> bool std::[01;32m[Koperator>[m[K(const vector<_Tp, _Alloc>&, const vector<_Tp, _Alloc>&)[m[Kâ€™
 2092 |     [01;36m[Koperator[m[K>(const vector<_Tp, _Alloc>& __x, const vector<_Tp, _Alloc>& __y)
      |     [01;36m[K^~~~~~~~[m[K
[01m[K/usr/include/c++/13/bits/stl_vector.h:2092:5:[m[K [01;36m[Knote: [m[K  template argument deduction/substitution failed:
[01m[K/home/luchino/RT_first_assignment/src/assignment1_rt/src/ui_node.cpp:27:37:[m[K [01;36m[Knote: [m[K  â€˜[01m[Kstd_msgs::msg::Float32[m[Kâ€™ {aka â€˜[01m[Kstd_msgs::msg::Float32_<std::allocator<void> >[m[Kâ€™} is not derived from â€˜[01m[Kconst std::vector<_Tp, _Alloc>[m[Kâ€™
   27 |             while(actual_distance > [01;36m[K1.0[m[K){
      |                                     [01;36m[K^~~[m[K
In file included from [01m[K/opt/ros/jazzy/include/rcl_interfaces/rcl_interfaces/srv/detail/list_parameters__struct.hpp:12[m[K,
                 from [01m[K/opt/ros/jazzy/include/rcl_interfaces/rcl_interfaces/srv/list_parameters.hpp:7[m[K,
                 from [01m[K/opt/ros/jazzy/include/rclcpp/rclcpp/copy_all_parameter_values.hpp:21[m[K:
[01m[K/usr/include/c++/13/array:343:5:[m[K [01;36m[Knote: [m[Kcandidate: â€˜[01m[Ktemplate<class _Tp, long unsigned int _Nm> bool std::[01;32m[Koperator>[m[K(const array<_Tp, _Nm>&, const array<_Tp, _Nm>&)[m[Kâ€™
  343 |     [01;36m[Koperator[m[K>(const array<_Tp, _Nm>& __one, const array<_Tp, _Nm>& __two)
      |     [01;36m[K^~~~~~~~[m[K
[01m[K/usr/include/c++/13/array:343:5:[m[K [01;36m[Knote: [m[K  template argument deduction/substitution failed:
[01m[K/home/luchino/RT_first_assignment/src/assignment1_rt/src/ui_node.cpp:27:37:[m[K [01;36m[Knote: [m[K  â€˜[01m[Kstd_msgs::msg::Float32[m[Kâ€™ {aka â€˜[01m[Kstd_msgs::msg::Float32_<std::allocator<void> >[m[Kâ€™} is not derived from â€˜[01m[Kconst std::array<_Tp, _Nm>[m[Kâ€™
   27 |             while(actual_distance > [01;36m[K1.0[m[K){
      |                                     [01;36m[K^~~[m[K
In file included from [01m[K/usr/include/c++/13/set:63[m[K,
                 from [01m[K/opt/ros/jazzy/include/rclcpp/rclcpp/executors/multi_threaded_executor.hpp:21[m[K,
                 from [01m[K/opt/ros/jazzy/include/rclcpp/rclcpp/executors.hpp:21[m[K,
                 from [01m[K/opt/ros/jazzy/include/rclcpp/rclcpp/rclcpp.hpp:172[m[K:
[01m[K/usr/include/c++/13/bits/stl_set.h:1039:5:[m[K [01;36m[Knote: [m[Kcandidate: â€˜[01m[Ktemplate<class _Key, class _Compare, class _Alloc> bool std::[01;32m[Koperator>[m[K(const set<_Key, _Compare, _Allocator>&, const set<_Key, _Compare, _Allocator>&)[m[Kâ€™
 1039 |     [01;36m[Koperator[m[K>(const set<_Key, _Compare, _Alloc>& __x,
      |     [01;36m[K^~~~~~~~[m[K
[01m[K/usr/include/c++/13/bits/stl_set.h:1039:5:[m[K [01;36m[Knote: [m[K  template argument deduction/substitution failed:
[01m[K/home/luchino/RT_first_assignment/src/assignment1_rt/src/ui_node.cpp:27:37:[m[K [01;36m[Knote: [m[K  â€˜[01m[Kstd_msgs::msg::Float32[m[Kâ€™ {aka â€˜[01m[Kstd_msgs::msg::Float32_<std::allocator<void> >[m[Kâ€™} is not derived from â€˜[01m[Kconst std::set<_Key, _Compare, _Allocator>[m[Kâ€™
   27 |             while(actual_distance > [01;36m[K1.0[m[K){
      |                                     [01;36m[K^~~[m[K
In file included from [01m[K/usr/include/c++/13/set:64[m[K:
[01m[K/usr/include/c++/13/bits/stl_multiset.h:1025:5:[m[K [01;36m[Knote: [m[Kcandidate: â€˜[01m[Ktemplate<class _Key, class _Compare, class _Alloc> bool std::[01;32m[Koperator>[m[K(const multiset<_Key, _Compare, _Allocator>&, const multiset<_Key, _Compare, _Allocator>&)[m[Kâ€™
 1025 |     [01;36m[Koperator[m[K>(const multiset<_Key,_Compare,_Alloc>& __x,
      |     [01;36m[K^~~~~~~~[m[K
[01m[K/usr/include/c++/13/bits/stl_multiset.h:1025:5:[m[K [01;36m[Knote: [m[K  template argument deduction/substitution failed:
[01m[K/home/luchino/RT_first_assignment/src/assignment1_rt/src/ui_node.cpp:27:37:[m[K [01;36m[Knote: [m[K  â€˜[01m[Kstd_msgs::msg::Float32[m[Kâ€™ {aka â€˜[01m[Kstd_msgs::msg::Float32_<std::allocator<void> >[m[Kâ€™} is not derived from â€˜[01m[Kconst std::multiset<_Key, _Compare, _Allocator>[m[Kâ€™
   27 |             while(actual_distance > [01;36m[K1.0[m[K){
      |                                     [01;36m[K^~~[m[K
In file included from [01m[K/usr/include/c++/13/list:65[m[K,
                 from [01m[K/opt/ros/jazzy/include/rclcpp/rclcpp/executor.hpp:23[m[K,
                 from [01m[K/opt/ros/jazzy/include/rclcpp/rclcpp/executors/multi_threaded_executor.hpp:25[m[K:
[01m[K/usr/include/c++/13/bits/stl_list.h:2195:5:[m[K [01;36m[Knote: [m[Kcandidate: â€˜[01m[Ktemplate<class _Tp, class _Alloc> bool std::[01;32m[Koperator>[m[K(const __cxx11::list<_Tp, _Alloc>&, const __cxx11::list<_Tp, _Alloc>&)[m[Kâ€™
 2195 |     [01;36m[Koperator[m[K>(const list<_Tp, _Alloc>& __x, const list<_Tp, _Alloc>& __y)
      |     [01;36m[K^~~~~~~~[m[K
[01m[K/usr/include/c++/13/bits/stl_list.h:2195:5:[m[K [01;36m[Knote: [m[K  template argument deduction/substitution failed:
[01m[K/home/luchino/RT_first_assignment/src/assignment1_rt/src/ui_node.cpp:27:37:[m[K [01;36m[Knote: [m[K  â€˜[01m[Kstd_msgs::msg::Float32[m[Kâ€™ {aka â€˜[01m[Kstd_msgs::msg::Float32_<std::allocator<void> >[m[Kâ€™} is not derived from â€˜[01m[Kconst std::__cxx11::list<_Tp, _Alloc>[m[Kâ€™
   27 |             while(actual_distance > [01;36m[K1.0[m[K){
      |                                     [01;36m[K^~~[m[K
In file included from [01m[K/usr/include/c++/13/map:63[m[K,
                 from [01m[K/opt/ros/jazzy/include/rclcpp/rclcpp/executor.hpp:24[m[K:
[01m[K/usr/include/c++/13/bits/stl_map.h:1565:5:[m[K [01;36m[Knote: [m[Kcandidate: â€˜[01m[Ktemplate<class _Key, class _Tp, class _Compare, class _Alloc> bool std::[01;32m[Koperator>[m[K(const map<_Key, _Tp, _Compare, _Allocator>&, const map<_Key, _Tp, _Compare, _Allocator>&)[m[Kâ€™
 1565 |     [01;36m[Koperator[m[K>(const map<_Key, _Tp, _Compare, _Alloc>& __x,
      |     [01;36m[K^~~~~~~~[m[K
[01m[K/usr/include/c++/13/bits/stl_map.h:1565:5:[m[K [01;36m[Knote: [m[K  template argument deduction/substitution failed:
[01m[K/home/luchino/RT_first_assignment/src/assignment1_rt/src/ui_node.cpp:27:37:[m[K [01;36m[Knote: [m[K  â€˜[01m[Kstd_msgs::msg::Float32[m[Kâ€™ {aka â€˜[01m[Kstd_msgs::msg::Float32_<std::allocator<void> >[m[Kâ€™} is not derived from â€˜[01m[Kconst std::map<_Key, _Tp, _Compare, _Allocator>[m[Kâ€™
   27 |             while(actual_distance > [01;36m[K1.0[m[K){
      |                                     [01;36m[K^~~[m[K
In file included from [01m[K/usr/include/c++/13/map:64[m[K:
[01m[K/usr/include/c++/13/bits/stl_multimap.h:1186:5:[m[K [01;36m[Knote: [m[Kcandidate: â€˜[01m[Ktemplate<class _Key, class _Tp, class _Compare, class _Alloc> bool std::[01;32m[Koperator>[m[K(const multimap<_Key, _Tp, _Compare, _Allocator>&, const multimap<_Key, _Tp, _Compare, _Allocator>&)[m[Kâ€™
 1186 |     [01;36m[Koperator[m[K>(const multimap<_Key, _Tp, _Compare, _Alloc>& __x,
      |     [01;36m[K^~~~~~~~[m[K
[01m[K/usr/include/c++/13/bits/stl_multimap.h:1186:5:[m[K [01;36m[Knote: [m[K  template argument deduction/substitution failed:
[01m[K/home/luchino/RT_first_assignment/src/assignment1_rt/src/ui_node.cpp:27:37:[m[K [01;36m[Knote: [m[K  â€˜[01m[Kstd_msgs::msg::Float32[m[Kâ€™ {aka â€˜[01m[Kstd_msgs::msg::Float32_<std::allocator<void> >[m[Kâ€™} is not derived from â€˜[01m[Kconst std::multimap<_Key, _Tp, _Compare, _Allocator>[m[Kâ€™
   27 |             while(actual_distance > [01;36m[K1.0[m[K){
      |                                     [01;36m[K^~~[m[K
In file included from [01m[K/opt/ros/jazzy/include/rclcpp/rclcpp/client.hpp:23[m[K,
                 from [01m[K/opt/ros/jazzy/include/rclcpp/rclcpp/callback_group.hpp:24[m[K,
                 from [01m[K/opt/ros/jazzy/include/rclcpp/rclcpp/any_executable.hpp:20[m[K,
                 from [01m[K/opt/ros/jazzy/include/rclcpp/rclcpp/memory_strategy.hpp:25[m[K,
                 from [01m[K/opt/ros/jazzy/include/rclcpp/rclcpp/memory_strategies.hpp:18[m[K,
                 from [01m[K/opt/ros/jazzy/include/rclcpp/rclcpp/executor_options.hpp:22[m[K,
                 from [01m[K/opt/ros/jazzy/include/rclcpp/rclcpp/executor.hpp:38[m[K:
[01m[K/usr/include/c++/13/optional:1262:5:[m[K [01;36m[Knote: [m[Kcandidate: â€˜[01m[Ktemplate<class _Tp, class _Up> constexpr std::__optional_gt_t<_Tp, _Up> std::[01;32m[Koperator>[m[K(const optional<_Tp>&, const optional<_Up>&)[m[Kâ€™
 1262 |     [01;36m[Koperator[m[K>(const optional<_Tp>& __lhs, const optional<_Up>& __rhs)
      |     [01;36m[K^~~~~~~~[m[K
[01m[K/usr/include/c++/13/optional:1262:5:[m[K [01;36m[Knote: [m[K  template argument deduction/substitution failed:
[01m[K/home/luchino/RT_first_assignment/src/assignment1_rt/src/ui_node.cpp:27:37:[m[K [01;36m[Knote: [m[K  â€˜[01m[Kstd_msgs::msg::Float32[m[Kâ€™ {aka â€˜[01m[Kstd_msgs::msg::Float32_<std::allocator<void> >[m[Kâ€™} is not derived from â€˜[01m[Kconst std::optional<_Tp>[m[Kâ€™
   27 |             while(actual_distance > [01;36m[K1.0[m[K){
      |                                     [01;36m[K^~~[m[K
[01m[K/usr/include/c++/13/optional:1332:5:[m[K [01;36m[Knote: [m[Kcandidate: â€˜[01m[Ktemplate<class _Tp> constexpr bool std::[01;32m[Koperator>[m[K(const optional<_Tp>&, nullopt_t)[m[Kâ€™
 1332 |     [01;36m[Koperator[m[K>(const optional<_Tp>& __lhs, nullopt_t) noexcept
      |     [01;36m[K^~~~~~~~[m[K
[01m[K/usr/include/c++/13/optional:1332:5:[m[K [01;36m[Knote: [m[K  template argument deduction/substitution failed:
[01m[K/home/luchino/RT_first_assignment/src/assignment1_rt/src/ui_node.cpp:27:37:[m[K [01;36m[Knote: [m[K  â€˜[01m[Kstd_msgs::msg::Float32[m[Kâ€™ {aka â€˜[01m[Kstd_msgs::msg::Float32_<std::allocator<void> >[m[Kâ€™} is not derived from â€˜[01m[Kconst std::optional<_Tp>[m[Kâ€™
   27 |             while(actual_distance > [01;36m[K1.0[m[K){
      |                                     [01;36m[K^~~[m[K
[01m[K/usr/include/c++/13/optional:1337:5:[m[K [01;36m[Knote: [m[Kcandidate: â€˜[01m[Ktemplate<class _Tp> constexpr bool std::[01;32m[Koperator>[m[K(nullopt_t, const optional<_Tp>&)[m[Kâ€™
 1337 |     [01;36m[Koperator[m[K>(nullopt_t, const optional<_Tp>& /* __rhs */) noexcept
      |     [01;36m[K^~~~~~~~[m[K
[01m[K/usr/include/c++/13/optional:1337:5:[m[K [01;36m[Knote: [m[K  template argument deduction/substitution failed:
[01m[K/home/luchino/RT_first_assignment/src/assignment1_rt/src/ui_node.cpp:27:37:[m[K [01;36m[Knote: [m[K  mismatched types â€˜[01m[Kconst std::optional<_Tp>[m[Kâ€™ and â€˜[01m[Kdouble[m[Kâ€™
   27 |             while(actual_distance > [01;36m[K1.0[m[K){
      |                                     [01;36m[K^~~[m[K
[01m[K/usr/include/c++/13/optional:1400:5:[m[K [01;36m[Knote: [m[Kcandidate: â€˜[01m[Ktemplate<class _Tp, class _Up> constexpr std::__optional_gt_t<_Tp, _Up> std::[01;32m[Koperator>[m[K(const optional<_Tp>&, const _Up&)[m[Kâ€™
 1400 |     [01;36m[Koperator[m[K>(const optional<_Tp>& __lhs, const _Up& __rhs)
      |     [01;36m[K^~~~~~~~[m[K
[01m[K/usr/include/c++/13/optional:1400:5:[m[K [01;36m[Knote: [m[K  template argument deduction/substitution failed:
[01m[K/home/luchino/RT_first_assignment/src/assignment1_rt/src/ui_node.cpp:27:37:[m[K [01;36m[Knote: [m[K  â€˜[01m[Kstd_msgs::msg::Float32[m[Kâ€™ {aka â€˜[01m[Kstd_msgs::msg::Float32_<std::allocator<void> >[m[Kâ€™} is not derived from â€˜[01m[Kconst std::optional<_Tp>[m[Kâ€™
   27 |             while(actual_distance > [01;36m[K1.0[m[K){
      |                                     [01;36m[K^~~[m[K
[01m[K/usr/include/c++/13/optional:1406:5:[m[K [01;36m[Knote: [m[Kcandidate: â€˜[01m[Ktemplate<class _Tp, class _Up> constexpr std::__optional_gt_t<_Up, _Tp> std::[01;32m[Koperator>[m[K(const _Up&, const optional<_Tp>&)[m[Kâ€™
 1406 |     [01;36m[Koperator[m[K>(const _Up& __lhs, const optional<_Tp>& __rhs)
      |     [01;36m[K^~~~~~~~[m[K
[01m[K/usr/include/c++/13/optional:1406:5:[m[K [01;36m[Knote: [m[K  template argument deduction/substitution failed:
[01m[K/home/luchino/RT_first_assignment/src/assignment1_rt/src/ui_node.cpp:27:37:[m[K [01;36m[Knote: [m[K  mismatched types â€˜[01m[Kconst std::optional<_Tp>[m[Kâ€™ and â€˜[01m[Kdouble[m[Kâ€™
   27 |             while(actual_distance > [01;36m[K1.0[m[K){
      |                                     [01;36m[K^~~[m[K
In file included from [01m[K/opt/ros/jazzy/include/rclcpp/rclcpp/client.hpp:29[m[K:
[01m[K/usr/include/c++/13/variant:1269:3:[m[K [01;36m[Knote: [m[Kcandidate: â€˜[01m[Ktemplate<class ... _Types> constexpr bool std::[01;32m[Koperator>[m[K(const variant<_Types ...>&, const variant<_Types ...>&)[m[Kâ€™
 1269 |   [01;36m[K_VARIANT_RELATION_FUNCTION_TEMPLATE[m[K(>, greater)
      |   [01;36m[K^~~~~~~~~~~~~~~~~~~~~~~~~~~~~~~~~~~[m[K
[01m[K/usr/include/c++/13/variant:1269:3:[m[K [01;36m[Knote: [m[K  template argument deduction/substitution failed:
[01m[K/home/luchino/RT_first_assignment/src/assignment1_rt/src/ui_node.cpp:27:37:[m[K [01;36m[Knote: [m[K  â€˜[01m[Kstd_msgs::msg::Float32[m[Kâ€™ {aka â€˜[01m[Kstd_msgs::msg::Float32_<std::allocator<void> >[m[Kâ€™} is not derived from â€˜[01m[Kconst std::variant<_Types ...>[m[Kâ€™
   27 |             while(actual_distance > [01;36m[K1.0[m[K){
      |                                     [01;36m[K^~~[m[K
In file included from [01m[K/usr/include/c++/13/deque:66[m[K,
                 from [01m[K/opt/ros/jazzy/include/rclcpp/rclcpp/executors/executor_entities_collection.hpp:18[m[K,
                 from [01m[K/opt/ros/jazzy/include/rclcpp/rclcpp/executor.hpp:39[m[K:
[01m[K/usr/include/c++/13/bits/stl_deque.h:2345:5:[m[K [01;36m[Knote: [m[Kcandidate: â€˜[01m[Ktemplate<class _Tp, class _Alloc> bool std::[01;32m[Koperator>[m[K(const deque<_Tp, _Alloc>&, const deque<_Tp, _Alloc>&)[m[Kâ€™
 2345 |     [01;36m[Koperator[m[K>(const deque<_Tp, _Alloc>& __x, const deque<_Tp, _Alloc>& __y)
      |     [01;36m[K^~~~~~~~[m[K
[01m[K/usr/include/c++/13/bits/stl_deque.h:2345:5:[m[K [01;36m[Knote: [m[K  template argument deduction/substitution failed:
[01m[K/home/luchino/RT_first_assignment/src/assignment1_rt/src/ui_node.cpp:27:37:[m[K [01;36m[Knote: [m[K  â€˜[01m[Kstd_msgs::msg::Float32[m[Kâ€™ {aka â€˜[01m[Kstd_msgs::msg::Float32_<std::allocator<void> >[m[Kâ€™} is not derived from â€˜[01m[Kconst std::deque<_Tp, _Alloc>[m[Kâ€™
   27 |             while(actual_distance > [01;36m[K1.0[m[K){
      |                                     [01;36m[K^~~[m[K
In file included from [01m[K/usr/include/c++/13/queue:66[m[K,
                 from [01m[K/opt/ros/jazzy/include/rclcpp/rclcpp/experimental/executors/events_executor/events_queue.hpp:18[m[K,
                 from [01m[K/opt/ros/jazzy/include/rclcpp/rclcpp/experimental/executors/events_executor/events_executor.hpp:27[m[K,
                 from [01m[K/opt/ros/jazzy/include/rclcpp/rclcpp/executors.hpp:24[m[K:
[01m[K/usr/include/c++/13/bits/stl_queue.h:413:5:[m[K [01;36m[Knote: [m[Kcandidate: â€˜[01m[Ktemplate<class _Tp, class _Seq> bool std::[01;32m[Koperator>[m[K(const queue<_Tp, _Seq>&, const queue<_Tp, _Seq>&)[m[Kâ€™
  413 |     [01;36m[Koperator[m[K>(const queue<_Tp, _Seq>& __x, const queue<_Tp, _Seq>& __y)
      |     [01;36m[K^~~~~~~~[m[K
[01m[K/usr/include/c++/13/bits/stl_queue.h:413:5:[m[K [01;36m[Knote: [m[K  template argument deduction/substitution failed:
[01m[K/home/luchino/RT_first_assignment/src/assignment1_rt/src/ui_node.cpp:27:37:[m[K [01;36m[Knote: [m[K  â€˜[01m[Kstd_msgs::msg::Float32[m[Kâ€™ {aka â€˜[01m[Kstd_msgs::msg::Float32_<std::allocator<void> >[m[Kâ€™} is not derived from â€˜[01m[Kconst std::queue<_Tp, _Seq>[m[Kâ€™
   27 |             while(actual_distance > [01;36m[K1.0[m[K){
      |                                     [01;36m[K^~~[m[K
In file included from [01m[K/opt/ros/jazzy/include/rclcpp/rclcpp/executors/multi_threaded_executor.hpp:22[m[K:
[01m[K/usr/include/c++/13/thread:87:3:[m[K [01;36m[Knote: [m[Kcandidate: â€˜[01m[Kbool std::[01;32m[Koperator>[m[K(thread::id, thread::id)[m[Kâ€™
   87 |   [01;36m[Koperator[m[K>(thread::id __x, thread::id __y) noexcept
      |   [01;36m[K^~~~~~~~[m[K
[01m[K/usr/include/c++/13/thread:87:24:[m[K [01;36m[Knote: [m[K  no known conversion for argument 1 from â€˜[01m[Kstd_msgs::msg::Float32[m[Kâ€™ {aka â€˜[01m[Kstd_msgs::msg::Float32_<std::allocator<void> >[m[Kâ€™} to â€˜[01m[Kstd::thread::id[m[Kâ€™
   87 |   operator>([01;36m[Kthread::id __x[m[K, thread::id __y) noexcept
      |             [01;36m[K~~~~~~~~~~~^~~[m[K
[01m[K/usr/include/c++/13/variant:1307:18:[m[K [01;36m[Knote: [m[Kcandidate: â€˜[01m[Kconstexpr bool std::[01;32m[Koperator>[m[K(monostate, monostate)[m[Kâ€™
 1307 |   constexpr bool [01;36m[Koperator[m[K>(monostate, monostate) noexcept { return false; }
      |                  [01;36m[K^~~~~~~~[m[K
[01m[K/usr/include/c++/13/variant:1307:28:[m[K [01;36m[Knote: [m[K  no known conversion for argument 1 from â€˜[01m[Kstd_msgs::msg::Float32[m[Kâ€™ {aka â€˜[01m[Kstd_msgs::msg::Float32_<std::allocator<void> >[m[Kâ€™} to â€˜[01m[Kstd::monostate[m[Kâ€™
 1307 |   constexpr bool operator>([01;36m[Kmonostate[m[K, monostate) noexcept { return false; }
      |                            [01;36m[K^~~~~~~~~[m[K
[01m[K/home/luchino/RT_first_assignment/src/assignment1_rt/src/ui_node.cpp:[m[K In member function â€˜[01m[Kvoid Input_Controller::[01;32m[Kcheck_distance[m[K(std_msgs::msg::Float32_<std::allocator<void> >::SharedPtr)[m[Kâ€™:
[01m[K/home/luchino/RT_first_assignment/src/assignment1_rt/src/ui_node.cpp:62:35:[m[K [01;31m[Kerror: [m[Kâ€˜[01m[Kconst std_msgs::msg::Float32_<std::allocator<void> >::SharedPtr[m[Kâ€™ {aka â€˜[01m[Kconst class std::shared_ptr<std_msgs::msg::Float32_<std::allocator<void> > >[m[Kâ€™} has no member named â€˜[01m[Kdata[m[Kâ€™
   62 |             actual_distance = msg.[01;31m[Kdata[m[K;
      |                                   [01;31m[K^~~~[m[K
gmake[2]: *** [CMakeFiles/ui.dir/build.make:76: CMakeFiles/ui.dir/src/ui_node.cpp.o] Error 1
gmake[1]: *** [CMakeFiles/Makefile2:139: CMakeFiles/ui.dir/all] Error 2
gmake: *** [Makefile:146: all] Error 2
