[0.000000] (-) TimerEvent: {}
[0.000354] (assignment1_rt) JobQueued: {'identifier': 'assignment1_rt', 'dependencies': OrderedDict()}
[0.000642] (prova_rt1) JobQueued: {'identifier': 'prova_rt1', 'dependencies': OrderedDict()}
[0.000705] (assignment1_rt) JobStarted: {'identifier': 'assignment1_rt'}
[0.004994] (prova_rt1) JobStarted: {'identifier': 'prova_rt1'}
[0.009566] (assignment1_rt) JobProgress: {'identifier': 'assignment1_rt', 'progress': 'cmake'}
[0.011052] (assignment1_rt) JobProgress: {'identifier': 'assignment1_rt', 'progress': 'build'}
[0.011808] (assignment1_rt) Command: {'cmd': ['/usr/bin/cmake', '--build', '/home/luchino/RT_first_assignment/build/assignment1_rt', '--', '-j8', '-l8'], 'cwd': '/home/luchino/RT_first_assignment/build/assignment1_rt', 'env': OrderedDict({'PYTHON_BASIC_REPL': '1', 'LESSOPEN': '| /usr/bin/lesspipe %s', 'USER': 'luchino', 'GIT_ASKPASS': '/home/luchino/.vscode-server/bin/cb1933bbc38d329b3595673a600fab5c7368f0a7/extensions/git/dist/askpass.sh', 'SHLVL': '2', 'LD_LIBRARY_PATH': '/opt/ros/jazzy/lib/x86_64-linux-gnu:/opt/ros/jazzy/lib', 'HOME': '/home/luchino', 'OLDPWD': '/home/luchino/RT_first_assignment', 'TERM_PROGRAM_VERSION': '1.106.1', 'VSCODE_IPC_HOOK_CLI': '/run/user/1000/vscode-ipc-fb168649-4305-42c4-9b6d-cabb296f2f4b.sock', 'ROS_PYTHON_VERSION': '3', 'VSCODE_GIT_ASKPASS_MAIN': '/home/luchino/.vscode-server/bin/cb1933bbc38d329b3595673a600fab5c7368f0a7/extensions/git/dist/askpass-main.js', 'VSCODE_GIT_ASKPASS_NODE': '/home/luchino/.vscode-server/bin/cb1933bbc38d329b3595673a600fab5c7368f0a7/node', 'PYDEVD_DISABLE_FILE_VALIDATION': '1', 'BUNDLED_DEBUGPY_PATH': '/home/luchino/.vscode-server/extensions/ms-python.debugpy-2025.16.0/bundled/libs/debugpy', 'VSCODE_PYTHON_AUTOACTIVATE_GUARD': '1', 'DBUS_SESSION_BUS_ADDRESS': 'unix:path=/run/user/1000/bus', 'COLORTERM': 'truecolor', 'WSL_DISTRO_NAME': 'Ubuntu-24.04', 'WAYLAND_DISPLAY': 'wayland-0', 'COLCON_PREFIX_PATH': '/home/luchino/RT_first_assignment/install:/home/luchino/ros_ws/install', 'ROS_DISTRO': 'jazzy', 'LOGNAME': 'luchino', 'NAME': 'Code', 'WSL_INTEROP': '/run/WSL/617_interop', 'PULSE_SERVER': 'unix:/mnt/wslg/PulseServer', '_': '/usr/bin/colcon', 'ROS_VERSION': '2', 'TERM': 'xterm-256color', 'PATH': '/home/luchino/.vscode-server/data/User/globalStorage/github.copilot-chat/debugCommand:/home/luchino/.vscode-server/data/User/globalStorage/github.copilot-chat/copilotCli:/home/luchino/.vscode-server/bin/cb1933bbc38d329b3595673a600fab5c7368f0a7/bin/remote-cli:/opt/ros/jazzy/bin:/usr/local/sbin:/usr/local/bin:/usr/sbin:/usr/bin:/sbin:/bin:/usr/games:/usr/local/games:/usr/lib/wsl/lib:/mnt/c/Program Files/WindowsApps/MicrosoftCorporationII.WindowsSubsystemForLinux_2.6.1.0_x64__8wekyb3d8bbwe:/mnt/c/Python312/Scripts/:/mnt/c/Python312/:/mnt/c/WINDOWS/system32:/mnt/c/WINDOWS:/mnt/c/WINDOWS/System32/Wbem:/mnt/c/WINDOWS/System32/WindowsPowerShell/v1.0/:/mnt/c/WINDOWS/System32/OpenSSH/:/mnt/c/Program Files/dotnet/:/mnt/c/Program Files/nodejs/:/mnt/c/ProgramData/chocolatey/bin:/mnt/c/Program Files/HP/HP One Agent:/mnt/c/Radiance/bin:/mnt/c/Program Files/MySQL/MySQL Server 8.0/bin:/mnt/c/Program Files/MySQL/MySQL Server 9.0/bin:/mnt/c/WINDOWS/system32:/mnt/c/WINDOWS:/mnt/c/WINDOWS/System32/Wbem:/mnt/c/WINDOWS/System32/WindowsPowerShell/v1.0/:/mnt/c/WINDOWS/System32/OpenSSH/:/mnt/c/Program Files/MATLAB/R2025b/runtime/win64:/mnt/c/Program Files/MATLAB/R2025b/bin:/mnt/c/Program Files/Git/cmd:/mnt/c/Program Files/Docker/Docker/resources/bin:/mnt/c/texlive/2024/bin/windows:/mnt/c/Users/lucaa/AppData/Local/Microsoft/WindowsApps:/mnt/c/Users/lucaa/AppData/Roaming/npm:/mnt/c/Users/lucaa/AppData/Local/Programs/MiKTeX/miktex/bin/x64/:/mnt/c/Users/lucaa/AppData/Roaming/Programs/Zero Install:/mnt/c/Users/lucaa/AppData/Local/Microsoft/WindowsApps:/mnt/c/msys64/ucrt64/bin:/mnt/c/Users/lucaa/AppData/Local/Programs/Microsoft VS Code/bin:/snap/bin:/home/luchino/.vscode-server/extensions/ms-python.debugpy-2025.16.0/bundled/scripts/noConfigScripts', 'XDG_RUNTIME_DIR': '/run/user/1000/', 'DISPLAY': ':0', 'VSCODE_DEBUGPY_ADAPTER_ENDPOINTS': '/home/luchino/.vscode-server/extensions/ms-python.debugpy-2025.16.0/.noConfigDebugAdapterEndpoints/endpoint-9a94ca708d272173.txt', 'LANG': 'en_US.UTF-8', 'PYTHONSTARTUP': '/home/luchino/.vscode-server/data/User/workspaceStorage/c8a841b907075387caedaf67b70a8506/ms-python.python/pythonrc.py', 'LS_COLORS': 'rs=0:di=01;34:ln=01;36:mh=00:pi=40;33:so=01;35:do=01;35:bd=40;33;01:cd=40;33;01:or=40;31;01:mi=00:su=37;41:sg=30;43:ca=00:tw=30;42:ow=34;42:st=37;44:ex=01;32:*.tar=01;31:*.tgz=01;31:*.arc=01;31:*.arj=01;31:*.taz=01;31:*.lha=01;31:*.lz4=01;31:*.lzh=01;31:*.lzma=01;31:*.tlz=01;31:*.txz=01;31:*.tzo=01;31:*.t7z=01;31:*.zip=01;31:*.z=01;31:*.dz=01;31:*.gz=01;31:*.lrz=01;31:*.lz=01;31:*.lzo=01;31:*.xz=01;31:*.zst=01;31:*.tzst=01;31:*.bz2=01;31:*.bz=01;31:*.tbz=01;31:*.tbz2=01;31:*.tz=01;31:*.deb=01;31:*.rpm=01;31:*.jar=01;31:*.war=01;31:*.ear=01;31:*.sar=01;31:*.rar=01;31:*.alz=01;31:*.ace=01;31:*.zoo=01;31:*.cpio=01;31:*.7z=01;31:*.rz=01;31:*.cab=01;31:*.wim=01;31:*.swm=01;31:*.dwm=01;31:*.esd=01;31:*.avif=01;35:*.jpg=01;35:*.jpeg=01;35:*.mjpg=01;35:*.mjpeg=01;35:*.gif=01;35:*.bmp=01;35:*.pbm=01;35:*.pgm=01;35:*.ppm=01;35:*.tga=01;35:*.xbm=01;35:*.xpm=01;35:*.tif=01;35:*.tiff=01;35:*.png=01;35:*.svg=01;35:*.svgz=01;35:*.mng=01;35:*.pcx=01;35:*.mov=01;35:*.mpg=01;35:*.mpeg=01;35:*.m2v=01;35:*.mkv=01;35:*.webm=01;35:*.webp=01;35:*.ogm=01;35:*.mp4=01;35:*.m4v=01;35:*.mp4v=01;35:*.vob=01;35:*.qt=01;35:*.nuv=01;35:*.wmv=01;35:*.asf=01;35:*.rm=01;35:*.rmvb=01;35:*.flc=01;35:*.avi=01;35:*.fli=01;35:*.flv=01;35:*.gl=01;35:*.dl=01;35:*.xcf=01;35:*.xwd=01;35:*.yuv=01;35:*.cgm=01;35:*.emf=01;35:*.ogv=01;35:*.ogx=01;35:*.aac=00;36:*.au=00;36:*.flac=00;36:*.m4a=00;36:*.mid=00;36:*.midi=00;36:*.mka=00;36:*.mp3=00;36:*.mpc=00;36:*.ogg=00;36:*.ra=00;36:*.wav=00;36:*.oga=00;36:*.opus=00;36:*.spx=00;36:*.xspf=00;36:*~=00;90:*#=00;90:*.bak=00;90:*.crdownload=00;90:*.dpkg-dist=00;90:*.dpkg-new=00;90:*.dpkg-old=00;90:*.dpkg-tmp=00;90:*.old=00;90:*.orig=00;90:*.part=00;90:*.rej=00;90:*.rpmnew=00;90:*.rpmorig=00;90:*.rpmsave=00;90:*.swp=00;90:*.tmp=00;90:*.ucf-dist=00;90:*.ucf-new=00;90:*.ucf-old=00;90:', 'VSCODE_GIT_IPC_HANDLE': '/run/user/1000/vscode-git-4ff4c84477.sock', 'TERM_PROGRAM': 'vscode', 'AMENT_PREFIX_PATH': '/home/luchino/RT_first_assignment/install/assignment1_rt:/home/luchino/ros_ws/install/turtlesim_controller:/home/luchino/ros_ws/install/first_package_py:/home/luchino/ros_ws/install/first_package_cpp:/opt/ros/jazzy', 'SHELL': '/bin/bash', 'LESSCLOSE': '/usr/bin/lesspipe %s %s', 'ROS_AUTOMATIC_DISCOVERY_RANGE': 'SUBNET', 'VSCODE_GIT_ASKPASS_EXTRA_ARGS': '', 'PWD': '/home/luchino/RT_first_assignment/build/assignment1_rt', 'XDG_DATA_DIRS': '/usr/local/share:/usr/share:/var/lib/snapd/desktop', 'PYTHONPATH': '/home/luchino/ros_ws/install/first_package_py/lib/python3.12/site-packages:/opt/ros/jazzy/lib/python3.12/site-packages', 'COLCON': '1', 'WSL2_GUI_APPS_ENABLED': '1', 'HOSTTYPE': 'x86_64', 'CMAKE_PREFIX_PATH': '/home/luchino/RT_first_assignment/install/assignment1_rt:/home/luchino/ros_ws/install/turtlesim_controller:/home/luchino/ros_ws/install/first_package_cpp:/home/luchino/ros_ws/install/first_package_py:/opt/ros/jazzy', 'WSLENV': 'ELECTRON_RUN_AS_NODE/w:'}), 'shell': False}
[0.019345] (prova_rt1) JobProgress: {'identifier': 'prova_rt1', 'progress': 'cmake'}
[0.022703] (prova_rt1) JobProgress: {'identifier': 'prova_rt1', 'progress': 'build'}
[0.022903] (prova_rt1) Command: {'cmd': ['/usr/bin/cmake', '--build', '/home/luchino/RT_first_assignment/build/prova_rt1', '--', '-j8', '-l8'], 'cwd': '/home/luchino/RT_first_assignment/build/prova_rt1', 'env': OrderedDict({'PYTHON_BASIC_REPL': '1', 'LESSOPEN': '| /usr/bin/lesspipe %s', 'USER': 'luchino', 'GIT_ASKPASS': '/home/luchino/.vscode-server/bin/cb1933bbc38d329b3595673a600fab5c7368f0a7/extensions/git/dist/askpass.sh', 'SHLVL': '2', 'LD_LIBRARY_PATH': '/opt/ros/jazzy/lib/x86_64-linux-gnu:/opt/ros/jazzy/lib', 'HOME': '/home/luchino', 'OLDPWD': '/home/luchino/RT_first_assignment', 'TERM_PROGRAM_VERSION': '1.106.1', 'VSCODE_IPC_HOOK_CLI': '/run/user/1000/vscode-ipc-fb168649-4305-42c4-9b6d-cabb296f2f4b.sock', 'ROS_PYTHON_VERSION': '3', 'VSCODE_GIT_ASKPASS_MAIN': '/home/luchino/.vscode-server/bin/cb1933bbc38d329b3595673a600fab5c7368f0a7/extensions/git/dist/askpass-main.js', 'VSCODE_GIT_ASKPASS_NODE': '/home/luchino/.vscode-server/bin/cb1933bbc38d329b3595673a600fab5c7368f0a7/node', 'PYDEVD_DISABLE_FILE_VALIDATION': '1', 'BUNDLED_DEBUGPY_PATH': '/home/luchino/.vscode-server/extensions/ms-python.debugpy-2025.16.0/bundled/libs/debugpy', 'VSCODE_PYTHON_AUTOACTIVATE_GUARD': '1', 'DBUS_SESSION_BUS_ADDRESS': 'unix:path=/run/user/1000/bus', 'COLORTERM': 'truecolor', 'WSL_DISTRO_NAME': 'Ubuntu-24.04', 'WAYLAND_DISPLAY': 'wayland-0', 'COLCON_PREFIX_PATH': '/home/luchino/RT_first_assignment/install:/home/luchino/ros_ws/install', 'ROS_DISTRO': 'jazzy', 'LOGNAME': 'luchino', 'NAME': 'Code', 'WSL_INTEROP': '/run/WSL/617_interop', 'PULSE_SERVER': 'unix:/mnt/wslg/PulseServer', '_': '/usr/bin/colcon', 'ROS_VERSION': '2', 'TERM': 'xterm-256color', 'PATH': '/home/luchino/.vscode-server/data/User/globalStorage/github.copilot-chat/debugCommand:/home/luchino/.vscode-server/data/User/globalStorage/github.copilot-chat/copilotCli:/home/luchino/.vscode-server/bin/cb1933bbc38d329b3595673a600fab5c7368f0a7/bin/remote-cli:/opt/ros/jazzy/bin:/usr/local/sbin:/usr/local/bin:/usr/sbin:/usr/bin:/sbin:/bin:/usr/games:/usr/local/games:/usr/lib/wsl/lib:/mnt/c/Program Files/WindowsApps/MicrosoftCorporationII.WindowsSubsystemForLinux_2.6.1.0_x64__8wekyb3d8bbwe:/mnt/c/Python312/Scripts/:/mnt/c/Python312/:/mnt/c/WINDOWS/system32:/mnt/c/WINDOWS:/mnt/c/WINDOWS/System32/Wbem:/mnt/c/WINDOWS/System32/WindowsPowerShell/v1.0/:/mnt/c/WINDOWS/System32/OpenSSH/:/mnt/c/Program Files/dotnet/:/mnt/c/Program Files/nodejs/:/mnt/c/ProgramData/chocolatey/bin:/mnt/c/Program Files/HP/HP One Agent:/mnt/c/Radiance/bin:/mnt/c/Program Files/MySQL/MySQL Server 8.0/bin:/mnt/c/Program Files/MySQL/MySQL Server 9.0/bin:/mnt/c/WINDOWS/system32:/mnt/c/WINDOWS:/mnt/c/WINDOWS/System32/Wbem:/mnt/c/WINDOWS/System32/WindowsPowerShell/v1.0/:/mnt/c/WINDOWS/System32/OpenSSH/:/mnt/c/Program Files/MATLAB/R2025b/runtime/win64:/mnt/c/Program Files/MATLAB/R2025b/bin:/mnt/c/Program Files/Git/cmd:/mnt/c/Program Files/Docker/Docker/resources/bin:/mnt/c/texlive/2024/bin/windows:/mnt/c/Users/lucaa/AppData/Local/Microsoft/WindowsApps:/mnt/c/Users/lucaa/AppData/Roaming/npm:/mnt/c/Users/lucaa/AppData/Local/Programs/MiKTeX/miktex/bin/x64/:/mnt/c/Users/lucaa/AppData/Roaming/Programs/Zero Install:/mnt/c/Users/lucaa/AppData/Local/Microsoft/WindowsApps:/mnt/c/msys64/ucrt64/bin:/mnt/c/Users/lucaa/AppData/Local/Programs/Microsoft VS Code/bin:/snap/bin:/home/luchino/.vscode-server/extensions/ms-python.debugpy-2025.16.0/bundled/scripts/noConfigScripts', 'XDG_RUNTIME_DIR': '/run/user/1000/', 'DISPLAY': ':0', 'VSCODE_DEBUGPY_ADAPTER_ENDPOINTS': '/home/luchino/.vscode-server/extensions/ms-python.debugpy-2025.16.0/.noConfigDebugAdapterEndpoints/endpoint-9a94ca708d272173.txt', 'LANG': 'en_US.UTF-8', 'PYTHONSTARTUP': '/home/luchino/.vscode-server/data/User/workspaceStorage/c8a841b907075387caedaf67b70a8506/ms-python.python/pythonrc.py', 'LS_COLORS': 'rs=0:di=01;34:ln=01;36:mh=00:pi=40;33:so=01;35:do=01;35:bd=40;33;01:cd=40;33;01:or=40;31;01:mi=00:su=37;41:sg=30;43:ca=00:tw=30;42:ow=34;42:st=37;44:ex=01;32:*.tar=01;31:*.tgz=01;31:*.arc=01;31:*.arj=01;31:*.taz=01;31:*.lha=01;31:*.lz4=01;31:*.lzh=01;31:*.lzma=01;31:*.tlz=01;31:*.txz=01;31:*.tzo=01;31:*.t7z=01;31:*.zip=01;31:*.z=01;31:*.dz=01;31:*.gz=01;31:*.lrz=01;31:*.lz=01;31:*.lzo=01;31:*.xz=01;31:*.zst=01;31:*.tzst=01;31:*.bz2=01;31:*.bz=01;31:*.tbz=01;31:*.tbz2=01;31:*.tz=01;31:*.deb=01;31:*.rpm=01;31:*.jar=01;31:*.war=01;31:*.ear=01;31:*.sar=01;31:*.rar=01;31:*.alz=01;31:*.ace=01;31:*.zoo=01;31:*.cpio=01;31:*.7z=01;31:*.rz=01;31:*.cab=01;31:*.wim=01;31:*.swm=01;31:*.dwm=01;31:*.esd=01;31:*.avif=01;35:*.jpg=01;35:*.jpeg=01;35:*.mjpg=01;35:*.mjpeg=01;35:*.gif=01;35:*.bmp=01;35:*.pbm=01;35:*.pgm=01;35:*.ppm=01;35:*.tga=01;35:*.xbm=01;35:*.xpm=01;35:*.tif=01;35:*.tiff=01;35:*.png=01;35:*.svg=01;35:*.svgz=01;35:*.mng=01;35:*.pcx=01;35:*.mov=01;35:*.mpg=01;35:*.mpeg=01;35:*.m2v=01;35:*.mkv=01;35:*.webm=01;35:*.webp=01;35:*.ogm=01;35:*.mp4=01;35:*.m4v=01;35:*.mp4v=01;35:*.vob=01;35:*.qt=01;35:*.nuv=01;35:*.wmv=01;35:*.asf=01;35:*.rm=01;35:*.rmvb=01;35:*.flc=01;35:*.avi=01;35:*.fli=01;35:*.flv=01;35:*.gl=01;35:*.dl=01;35:*.xcf=01;35:*.xwd=01;35:*.yuv=01;35:*.cgm=01;35:*.emf=01;35:*.ogv=01;35:*.ogx=01;35:*.aac=00;36:*.au=00;36:*.flac=00;36:*.m4a=00;36:*.mid=00;36:*.midi=00;36:*.mka=00;36:*.mp3=00;36:*.mpc=00;36:*.ogg=00;36:*.ra=00;36:*.wav=00;36:*.oga=00;36:*.opus=00;36:*.spx=00;36:*.xspf=00;36:*~=00;90:*#=00;90:*.bak=00;90:*.crdownload=00;90:*.dpkg-dist=00;90:*.dpkg-new=00;90:*.dpkg-old=00;90:*.dpkg-tmp=00;90:*.old=00;90:*.orig=00;90:*.part=00;90:*.rej=00;90:*.rpmnew=00;90:*.rpmorig=00;90:*.rpmsave=00;90:*.swp=00;90:*.tmp=00;90:*.ucf-dist=00;90:*.ucf-new=00;90:*.ucf-old=00;90:', 'VSCODE_GIT_IPC_HANDLE': '/run/user/1000/vscode-git-4ff4c84477.sock', 'TERM_PROGRAM': 'vscode', 'AMENT_PREFIX_PATH': '/home/luchino/RT_first_assignment/install/assignment1_rt:/home/luchino/ros_ws/install/turtlesim_controller:/home/luchino/ros_ws/install/first_package_py:/home/luchino/ros_ws/install/first_package_cpp:/opt/ros/jazzy', 'SHELL': '/bin/bash', 'LESSCLOSE': '/usr/bin/lesspipe %s %s', 'ROS_AUTOMATIC_DISCOVERY_RANGE': 'SUBNET', 'VSCODE_GIT_ASKPASS_EXTRA_ARGS': '', 'PWD': '/home/luchino/RT_first_assignment/build/prova_rt1', 'XDG_DATA_DIRS': '/usr/local/share:/usr/share:/var/lib/snapd/desktop', 'PYTHONPATH': '/home/luchino/ros_ws/install/first_package_py/lib/python3.12/site-packages:/opt/ros/jazzy/lib/python3.12/site-packages', 'COLCON': '1', 'WSL2_GUI_APPS_ENABLED': '1', 'HOSTTYPE': 'x86_64', 'CMAKE_PREFIX_PATH': '/home/luchino/RT_first_assignment/install/assignment1_rt:/home/luchino/ros_ws/install/turtlesim_controller:/home/luchino/ros_ws/install/first_package_cpp:/home/luchino/ros_ws/install/first_package_py:/opt/ros/jazzy', 'WSLENV': 'ELECTRON_RUN_AS_NODE/w:'}), 'shell': False}
[0.085342] (prova_rt1) StdoutLine: {'line': b'[ 25%] \x1b[32mBuilding CXX object CMakeFiles/ui.dir/src/ui_node.cpp.o\x1b[0m\n'}
[0.085724] (assignment1_rt) StdoutLine: {'line': b'[ 50%] Built target distance\n'}
[0.089822] (assignment1_rt) StdoutLine: {'line': b'[100%] Built target ui\n'}
[0.090305] (prova_rt1) StdoutLine: {'line': b'[ 75%] Built target distance\n'}
[0.099966] (-) TimerEvent: {}
[0.101243] (assignment1_rt) CommandEnded: {'returncode': 0}
[0.102180] (assignment1_rt) JobProgress: {'identifier': 'assignment1_rt', 'progress': 'install'}
[0.112615] (assignment1_rt) Command: {'cmd': ['/usr/bin/cmake', '--install', '/home/luchino/RT_first_assignment/build/assignment1_rt'], 'cwd': '/home/luchino/RT_first_assignment/build/assignment1_rt', 'env': OrderedDict({'PYTHON_BASIC_REPL': '1', 'LESSOPEN': '| /usr/bin/lesspipe %s', 'USER': 'luchino', 'GIT_ASKPASS': '/home/luchino/.vscode-server/bin/cb1933bbc38d329b3595673a600fab5c7368f0a7/extensions/git/dist/askpass.sh', 'SHLVL': '2', 'LD_LIBRARY_PATH': '/opt/ros/jazzy/lib/x86_64-linux-gnu:/opt/ros/jazzy/lib', 'HOME': '/home/luchino', 'OLDPWD': '/home/luchino/RT_first_assignment', 'TERM_PROGRAM_VERSION': '1.106.1', 'VSCODE_IPC_HOOK_CLI': '/run/user/1000/vscode-ipc-fb168649-4305-42c4-9b6d-cabb296f2f4b.sock', 'ROS_PYTHON_VERSION': '3', 'VSCODE_GIT_ASKPASS_MAIN': '/home/luchino/.vscode-server/bin/cb1933bbc38d329b3595673a600fab5c7368f0a7/extensions/git/dist/askpass-main.js', 'VSCODE_GIT_ASKPASS_NODE': '/home/luchino/.vscode-server/bin/cb1933bbc38d329b3595673a600fab5c7368f0a7/node', 'PYDEVD_DISABLE_FILE_VALIDATION': '1', 'BUNDLED_DEBUGPY_PATH': '/home/luchino/.vscode-server/extensions/ms-python.debugpy-2025.16.0/bundled/libs/debugpy', 'VSCODE_PYTHON_AUTOACTIVATE_GUARD': '1', 'DBUS_SESSION_BUS_ADDRESS': 'unix:path=/run/user/1000/bus', 'COLORTERM': 'truecolor', 'WSL_DISTRO_NAME': 'Ubuntu-24.04', 'WAYLAND_DISPLAY': 'wayland-0', 'COLCON_PREFIX_PATH': '/home/luchino/RT_first_assignment/install:/home/luchino/ros_ws/install', 'ROS_DISTRO': 'jazzy', 'LOGNAME': 'luchino', 'NAME': 'Code', 'WSL_INTEROP': '/run/WSL/617_interop', 'PULSE_SERVER': 'unix:/mnt/wslg/PulseServer', '_': '/usr/bin/colcon', 'ROS_VERSION': '2', 'TERM': 'xterm-256color', 'PATH': '/home/luchino/.vscode-server/data/User/globalStorage/github.copilot-chat/debugCommand:/home/luchino/.vscode-server/data/User/globalStorage/github.copilot-chat/copilotCli:/home/luchino/.vscode-server/bin/cb1933bbc38d329b3595673a600fab5c7368f0a7/bin/remote-cli:/opt/ros/jazzy/bin:/usr/local/sbin:/usr/local/bin:/usr/sbin:/usr/bin:/sbin:/bin:/usr/games:/usr/local/games:/usr/lib/wsl/lib:/mnt/c/Program Files/WindowsApps/MicrosoftCorporationII.WindowsSubsystemForLinux_2.6.1.0_x64__8wekyb3d8bbwe:/mnt/c/Python312/Scripts/:/mnt/c/Python312/:/mnt/c/WINDOWS/system32:/mnt/c/WINDOWS:/mnt/c/WINDOWS/System32/Wbem:/mnt/c/WINDOWS/System32/WindowsPowerShell/v1.0/:/mnt/c/WINDOWS/System32/OpenSSH/:/mnt/c/Program Files/dotnet/:/mnt/c/Program Files/nodejs/:/mnt/c/ProgramData/chocolatey/bin:/mnt/c/Program Files/HP/HP One Agent:/mnt/c/Radiance/bin:/mnt/c/Program Files/MySQL/MySQL Server 8.0/bin:/mnt/c/Program Files/MySQL/MySQL Server 9.0/bin:/mnt/c/WINDOWS/system32:/mnt/c/WINDOWS:/mnt/c/WINDOWS/System32/Wbem:/mnt/c/WINDOWS/System32/WindowsPowerShell/v1.0/:/mnt/c/WINDOWS/System32/OpenSSH/:/mnt/c/Program Files/MATLAB/R2025b/runtime/win64:/mnt/c/Program Files/MATLAB/R2025b/bin:/mnt/c/Program Files/Git/cmd:/mnt/c/Program Files/Docker/Docker/resources/bin:/mnt/c/texlive/2024/bin/windows:/mnt/c/Users/lucaa/AppData/Local/Microsoft/WindowsApps:/mnt/c/Users/lucaa/AppData/Roaming/npm:/mnt/c/Users/lucaa/AppData/Local/Programs/MiKTeX/miktex/bin/x64/:/mnt/c/Users/lucaa/AppData/Roaming/Programs/Zero Install:/mnt/c/Users/lucaa/AppData/Local/Microsoft/WindowsApps:/mnt/c/msys64/ucrt64/bin:/mnt/c/Users/lucaa/AppData/Local/Programs/Microsoft VS Code/bin:/snap/bin:/home/luchino/.vscode-server/extensions/ms-python.debugpy-2025.16.0/bundled/scripts/noConfigScripts', 'XDG_RUNTIME_DIR': '/run/user/1000/', 'DISPLAY': ':0', 'VSCODE_DEBUGPY_ADAPTER_ENDPOINTS': '/home/luchino/.vscode-server/extensions/ms-python.debugpy-2025.16.0/.noConfigDebugAdapterEndpoints/endpoint-9a94ca708d272173.txt', 'LANG': 'en_US.UTF-8', 'PYTHONSTARTUP': '/home/luchino/.vscode-server/data/User/workspaceStorage/c8a841b907075387caedaf67b70a8506/ms-python.python/pythonrc.py', 'LS_COLORS': 'rs=0:di=01;34:ln=01;36:mh=00:pi=40;33:so=01;35:do=01;35:bd=40;33;01:cd=40;33;01:or=40;31;01:mi=00:su=37;41:sg=30;43:ca=00:tw=30;42:ow=34;42:st=37;44:ex=01;32:*.tar=01;31:*.tgz=01;31:*.arc=01;31:*.arj=01;31:*.taz=01;31:*.lha=01;31:*.lz4=01;31:*.lzh=01;31:*.lzma=01;31:*.tlz=01;31:*.txz=01;31:*.tzo=01;31:*.t7z=01;31:*.zip=01;31:*.z=01;31:*.dz=01;31:*.gz=01;31:*.lrz=01;31:*.lz=01;31:*.lzo=01;31:*.xz=01;31:*.zst=01;31:*.tzst=01;31:*.bz2=01;31:*.bz=01;31:*.tbz=01;31:*.tbz2=01;31:*.tz=01;31:*.deb=01;31:*.rpm=01;31:*.jar=01;31:*.war=01;31:*.ear=01;31:*.sar=01;31:*.rar=01;31:*.alz=01;31:*.ace=01;31:*.zoo=01;31:*.cpio=01;31:*.7z=01;31:*.rz=01;31:*.cab=01;31:*.wim=01;31:*.swm=01;31:*.dwm=01;31:*.esd=01;31:*.avif=01;35:*.jpg=01;35:*.jpeg=01;35:*.mjpg=01;35:*.mjpeg=01;35:*.gif=01;35:*.bmp=01;35:*.pbm=01;35:*.pgm=01;35:*.ppm=01;35:*.tga=01;35:*.xbm=01;35:*.xpm=01;35:*.tif=01;35:*.tiff=01;35:*.png=01;35:*.svg=01;35:*.svgz=01;35:*.mng=01;35:*.pcx=01;35:*.mov=01;35:*.mpg=01;35:*.mpeg=01;35:*.m2v=01;35:*.mkv=01;35:*.webm=01;35:*.webp=01;35:*.ogm=01;35:*.mp4=01;35:*.m4v=01;35:*.mp4v=01;35:*.vob=01;35:*.qt=01;35:*.nuv=01;35:*.wmv=01;35:*.asf=01;35:*.rm=01;35:*.rmvb=01;35:*.flc=01;35:*.avi=01;35:*.fli=01;35:*.flv=01;35:*.gl=01;35:*.dl=01;35:*.xcf=01;35:*.xwd=01;35:*.yuv=01;35:*.cgm=01;35:*.emf=01;35:*.ogv=01;35:*.ogx=01;35:*.aac=00;36:*.au=00;36:*.flac=00;36:*.m4a=00;36:*.mid=00;36:*.midi=00;36:*.mka=00;36:*.mp3=00;36:*.mpc=00;36:*.ogg=00;36:*.ra=00;36:*.wav=00;36:*.oga=00;36:*.opus=00;36:*.spx=00;36:*.xspf=00;36:*~=00;90:*#=00;90:*.bak=00;90:*.crdownload=00;90:*.dpkg-dist=00;90:*.dpkg-new=00;90:*.dpkg-old=00;90:*.dpkg-tmp=00;90:*.old=00;90:*.orig=00;90:*.part=00;90:*.rej=00;90:*.rpmnew=00;90:*.rpmorig=00;90:*.rpmsave=00;90:*.swp=00;90:*.tmp=00;90:*.ucf-dist=00;90:*.ucf-new=00;90:*.ucf-old=00;90:', 'VSCODE_GIT_IPC_HANDLE': '/run/user/1000/vscode-git-4ff4c84477.sock', 'TERM_PROGRAM': 'vscode', 'AMENT_PREFIX_PATH': '/home/luchino/RT_first_assignment/install/assignment1_rt:/home/luchino/ros_ws/install/turtlesim_controller:/home/luchino/ros_ws/install/first_package_py:/home/luchino/ros_ws/install/first_package_cpp:/opt/ros/jazzy', 'SHELL': '/bin/bash', 'LESSCLOSE': '/usr/bin/lesspipe %s %s', 'ROS_AUTOMATIC_DISCOVERY_RANGE': 'SUBNET', 'VSCODE_GIT_ASKPASS_EXTRA_ARGS': '', 'PWD': '/home/luchino/RT_first_assignment/build/assignment1_rt', 'XDG_DATA_DIRS': '/usr/local/share:/usr/share:/var/lib/snapd/desktop', 'PYTHONPATH': '/home/luchino/ros_ws/install/first_package_py/lib/python3.12/site-packages:/opt/ros/jazzy/lib/python3.12/site-packages', 'COLCON': '1', 'WSL2_GUI_APPS_ENABLED': '1', 'HOSTTYPE': 'x86_64', 'CMAKE_PREFIX_PATH': '/home/luchino/RT_first_assignment/install/assignment1_rt:/home/luchino/ros_ws/install/turtlesim_controller:/home/luchino/ros_ws/install/first_package_cpp:/home/luchino/ros_ws/install/first_package_py:/opt/ros/jazzy', 'WSLENV': 'ELECTRON_RUN_AS_NODE/w:'}), 'shell': False}
[0.123741] (assignment1_rt) StdoutLine: {'line': b'-- Install configuration: ""\n'}
[0.124100] (assignment1_rt) StdoutLine: {'line': b'-- Up-to-date: /home/luchino/RT_first_assignment/install/assignment1_rt/lib/assignment1_rt/ui\n'}
[0.124511] (assignment1_rt) StdoutLine: {'line': b'-- Up-to-date: /home/luchino/RT_first_assignment/install/assignment1_rt/lib/assignment1_rt/distance\n'}
[0.124764] (assignment1_rt) StdoutLine: {'line': b'-- Up-to-date: /home/luchino/RT_first_assignment/install/assignment1_rt/lib/assignment1_rt/turtle_spawn.py\n'}
[0.124954] (assignment1_rt) StdoutLine: {'line': b'-- Up-to-date: /home/luchino/RT_first_assignment/install/assignment1_rt/share/ament_index/resource_index/package_run_dependencies/assignment1_rt\n'}
[0.125304] (assignment1_rt) StdoutLine: {'line': b'-- Up-to-date: /home/luchino/RT_first_assignment/install/assignment1_rt/share/ament_index/resource_index/parent_prefix_path/assignment1_rt\n'}
[0.125480] (assignment1_rt) StdoutLine: {'line': b'-- Up-to-date: /home/luchino/RT_first_assignment/install/assignment1_rt/share/assignment1_rt/environment/ament_prefix_path.sh\n'}
[0.126489] (assignment1_rt) StdoutLine: {'line': b'-- Up-to-date: /home/luchino/RT_first_assignment/install/assignment1_rt/share/assignment1_rt/environment/ament_prefix_path.dsv\n'}
[0.126732] (assignment1_rt) StdoutLine: {'line': b'-- Up-to-date: /home/luchino/RT_first_assignment/install/assignment1_rt/share/assignment1_rt/environment/path.sh\n'}
[0.126973] (assignment1_rt) StdoutLine: {'line': b'-- Up-to-date: /home/luchino/RT_first_assignment/install/assignment1_rt/share/assignment1_rt/environment/path.dsv\n'}
[0.127194] (assignment1_rt) StdoutLine: {'line': b'-- Up-to-date: /home/luchino/RT_first_assignment/install/assignment1_rt/share/assignment1_rt/local_setup.bash\n'}
[0.127876] (assignment1_rt) StdoutLine: {'line': b'-- Up-to-date: /home/luchino/RT_first_assignment/install/assignment1_rt/share/assignment1_rt/local_setup.sh\n'}
[0.128137] (assignment1_rt) StdoutLine: {'line': b'-- Up-to-date: /home/luchino/RT_first_assignment/install/assignment1_rt/share/assignment1_rt/local_setup.zsh\n'}
[0.128218] (assignment1_rt) StdoutLine: {'line': b'-- Up-to-date: /home/luchino/RT_first_assignment/install/assignment1_rt/share/assignment1_rt/local_setup.dsv\n'}
[0.128303] (assignment1_rt) StdoutLine: {'line': b'-- Installing: /home/luchino/RT_first_assignment/install/assignment1_rt/share/assignment1_rt/package.dsv\n'}
[0.128418] (assignment1_rt) StdoutLine: {'line': b'-- Up-to-date: /home/luchino/RT_first_assignment/install/assignment1_rt/share/ament_index/resource_index/packages/assignment1_rt\n'}
[0.128482] (assignment1_rt) StdoutLine: {'line': b'-- Up-to-date: /home/luchino/RT_first_assignment/install/assignment1_rt/share/assignment1_rt/cmake/assignment1_rtConfig.cmake\n'}
[0.128548] (assignment1_rt) StdoutLine: {'line': b'-- Up-to-date: /home/luchino/RT_first_assignment/install/assignment1_rt/share/assignment1_rt/cmake/assignment1_rtConfig-version.cmake\n'}
[0.128613] (assignment1_rt) StdoutLine: {'line': b'-- Up-to-date: /home/luchino/RT_first_assignment/install/assignment1_rt/share/assignment1_rt/package.xml\n'}
[0.130145] (assignment1_rt) CommandEnded: {'returncode': 0}
[0.148252] (assignment1_rt) JobEnded: {'identifier': 'assignment1_rt', 'rc': 0}
[0.200182] (-) TimerEvent: {}
[0.302059] (-) TimerEvent: {}
[0.402533] (-) TimerEvent: {}
[0.503180] (-) TimerEvent: {}
[0.603718] (-) TimerEvent: {}
[0.704383] (-) TimerEvent: {}
[0.805898] (-) TimerEvent: {}
[0.906598] (-) TimerEvent: {}
[1.007239] (-) TimerEvent: {}
[1.107707] (-) TimerEvent: {}
[1.208624] (-) TimerEvent: {}
[1.309512] (-) TimerEvent: {}
[1.410043] (-) TimerEvent: {}
[1.511351] (-) TimerEvent: {}
[1.612827] (-) TimerEvent: {}
[1.714404] (-) TimerEvent: {}
[1.815900] (-) TimerEvent: {}
[1.916601] (-) TimerEvent: {}
[2.017041] (-) TimerEvent: {}
[2.117491] (-) TimerEvent: {}
[2.217959] (-) TimerEvent: {}
[2.318366] (-) TimerEvent: {}
[2.418840] (-) TimerEvent: {}
[2.519392] (-) TimerEvent: {}
[2.620184] (-) TimerEvent: {}
[2.625039] (prova_rt1) StderrLine: {'line': b'\x1b[01m\x1b[K/home/luchino/RT_first_assignment/src/prova_rt1/src/ui_node.cpp:\x1b[m\x1b[K In constructor \xe2\x80\x98\x1b[01m\x1b[KInput_Controller::\x1b[01;32m\x1b[KInput_Controller\x1b[m\x1b[K()\x1b[m\x1b[K\xe2\x80\x99:\n'}
[2.625354] (prova_rt1) StderrLine: {'line': b'\x1b[01m\x1b[K/home/luchino/RT_first_assignment/src/prova_rt1/src/ui_node.cpp:12:13:\x1b[m\x1b[K \x1b[01;31m\x1b[Kerror: \x1b[m\x1b[K\xe2\x80\x98\x1b[01m\x1b[Kt1_publisher_\x1b[m\x1b[K\xe2\x80\x99 was not declared in this scope; did you mean \xe2\x80\x98\x1b[01m\x1b[Krmw_publisher_t\x1b[m\x1b[K\xe2\x80\x99?\n'}
[2.625556] (prova_rt1) StderrLine: {'line': b'   12 |             \x1b[01;31m\x1b[Kt1_publisher_\x1b[m\x1b[K = this->create_publisher<geometry_msgs::msg::Twist>("/turtle1/cmd_vel", 10);\n'}
[2.625647] (prova_rt1) StderrLine: {'line': b'      |             \x1b[01;31m\x1b[K^~~~~~~~~~~~~\x1b[m\x1b[K\n'}
[2.625722] (prova_rt1) StderrLine: {'line': b'      |             \x1b[32m\x1b[Krmw_publisher_t\x1b[m\x1b[K\n'}
[2.635368] (prova_rt1) StderrLine: {'line': b'\x1b[01m\x1b[K/home/luchino/RT_first_assignment/src/prova_rt1/src/ui_node.cpp:13:13:\x1b[m\x1b[K \x1b[01;31m\x1b[Kerror: \x1b[m\x1b[K\xe2\x80\x98\x1b[01m\x1b[Kt2_publisher_\x1b[m\x1b[K\xe2\x80\x99 was not declared in this scope; did you mean \xe2\x80\x98\x1b[01m\x1b[Krmw_publisher_t\x1b[m\x1b[K\xe2\x80\x99?\n'}
[2.635693] (prova_rt1) StderrLine: {'line': b'   13 |             \x1b[01;31m\x1b[Kt2_publisher_\x1b[m\x1b[K = this->create_publisher<geometry_msgs::msg::Twist>("/turtle2/cmd_vel", 10);\n'}
[2.635814] (prova_rt1) StderrLine: {'line': b'      |             \x1b[01;31m\x1b[K^~~~~~~~~~~~~\x1b[m\x1b[K\n'}
[2.635905] (prova_rt1) StderrLine: {'line': b'      |             \x1b[32m\x1b[Krmw_publisher_t\x1b[m\x1b[K\n'}
[2.644482] (prova_rt1) StderrLine: {'line': b'\x1b[01m\x1b[K/home/luchino/RT_first_assignment/src/prova_rt1/src/ui_node.cpp:14:13:\x1b[m\x1b[K \x1b[01;31m\x1b[Kerror: \x1b[m\x1b[K\xe2\x80\x98\x1b[01m\x1b[Kdistance_sub_\x1b[m\x1b[K\xe2\x80\x99 was not declared in this scope\n'}
[2.644681] (prova_rt1) StderrLine: {'line': b'   14 |             \x1b[01;31m\x1b[Kdistance_sub_\x1b[m\x1b[K = nullptr;\n'}
[2.644747] (prova_rt1) StderrLine: {'line': b'      |             \x1b[01;31m\x1b[K^~~~~~~~~~~~~\x1b[m\x1b[K\n'}
[2.653426] (prova_rt1) StderrLine: {'line': b'\x1b[01m\x1b[K/home/luchino/RT_first_assignment/src/prova_rt1/src/ui_node.cpp:15:13:\x1b[m\x1b[K \x1b[01;31m\x1b[Kerror: \x1b[m\x1b[K\xe2\x80\x98\x1b[01m\x1b[Kboundaries_sub_\x1b[m\x1b[K\xe2\x80\x99 was not declared in this scope\n'}
[2.653742] (prova_rt1) StderrLine: {'line': b'   15 |             \x1b[01;31m\x1b[Kboundaries_sub_\x1b[m\x1b[K = nullptr;\n'}
[2.653854] (prova_rt1) StderrLine: {'line': b'      |             \x1b[01;31m\x1b[K^~~~~~~~~~~~~~~\x1b[m\x1b[K\n'}
[2.661275] (prova_rt1) StderrLine: {'line': b'\x1b[01m\x1b[K/home/luchino/RT_first_assignment/src/prova_rt1/src/ui_node.cpp:16:13:\x1b[m\x1b[K \x1b[01;31m\x1b[Kerror: \x1b[m\x1b[K\xe2\x80\x98\x1b[01m\x1b[Kinput_timer_\x1b[m\x1b[K\xe2\x80\x99 was not declared in this scope\n'}
[2.661570] (prova_rt1) StderrLine: {'line': b'   16 |             \x1b[01;31m\x1b[Kinput_timer_\x1b[m\x1b[K = this->create_wall_timer(std::chrono::milliseconds(1000), std::bind(&Input_Controller::input_timer_callback, this));\n'}
[2.661661] (prova_rt1) StderrLine: {'line': b'      |             \x1b[01;31m\x1b[K^~~~~~~~~~~~\x1b[m\x1b[K\n'}
[2.675027] (prova_rt1) StderrLine: {'line': b'\x1b[01m\x1b[K/home/luchino/RT_first_assignment/src/prova_rt1/src/ui_node.cpp:17:13:\x1b[m\x1b[K \x1b[01;31m\x1b[Kerror: \x1b[m\x1b[K\xe2\x80\x98\x1b[01m\x1b[Kstop_timer_\x1b[m\x1b[K\xe2\x80\x99 was not declared in this scope\n'}
[2.675293] (prova_rt1) StderrLine: {'line': b'   17 |             \x1b[01;31m\x1b[Kstop_timer_\x1b[m\x1b[K = nullptr;\n'}
[2.675379] (prova_rt1) StderrLine: {'line': b'      |             \x1b[01;31m\x1b[K^~~~~~~~~~~\x1b[m\x1b[K\n'}
[2.681270] (prova_rt1) StderrLine: {'line': b'\x1b[01m\x1b[K/home/luchino/RT_first_assignment/src/prova_rt1/src/ui_node.cpp:19:13:\x1b[m\x1b[K \x1b[01;31m\x1b[Kerror: \x1b[m\x1b[K\xe2\x80\x98\x1b[01m\x1b[Kstop_turtle\x1b[m\x1b[K\xe2\x80\x99 was not declared in this scope\n'}
[2.681463] (prova_rt1) StderrLine: {'line': b'   19 |             \x1b[01;31m\x1b[Kstop_turtle\x1b[m\x1b[K.linear.x = 0.0;\n'}
[2.681544] (prova_rt1) StderrLine: {'line': b'      |             \x1b[01;31m\x1b[K^~~~~~~~~~~\x1b[m\x1b[K\n'}
[2.689490] (prova_rt1) StderrLine: {'line': b'\x1b[01m\x1b[K/home/luchino/RT_first_assignment/src/prova_rt1/src/ui_node.cpp:27:13:\x1b[m\x1b[K \x1b[01;31m\x1b[Kerror: \x1b[m\x1b[K\xe2\x80\x98\x1b[01m\x1b[Kactual_distance\x1b[m\x1b[K\xe2\x80\x99 was not declared in this scope; did you mean \xe2\x80\x98\x1b[01m\x1b[Kcheck_distance\x1b[m\x1b[K\xe2\x80\x99?\n'}
[2.689788] (prova_rt1) StderrLine: {'line': b'   27 |             \x1b[01;31m\x1b[Kactual_distance\x1b[m\x1b[K.data =11.0;\n'}
[2.689889] (prova_rt1) StderrLine: {'line': b'      |             \x1b[01;31m\x1b[K^~~~~~~~~~~~~~~\x1b[m\x1b[K\n'}
[2.689979] (prova_rt1) StderrLine: {'line': b'      |             \x1b[32m\x1b[Kcheck_distance\x1b[m\x1b[K\n'}
[2.695009] (prova_rt1) StderrLine: {'line': b'\x1b[01m\x1b[K/home/luchino/RT_first_assignment/src/prova_rt1/src/ui_node.cpp:29:13:\x1b[m\x1b[K \x1b[01;31m\x1b[Kerror: \x1b[m\x1b[K\xe2\x80\x98\x1b[01m\x1b[Kboundaries\x1b[m\x1b[K\xe2\x80\x99 was not declared in this scope\n'}
[2.695207] (prova_rt1) StderrLine: {'line': b'   29 |             \x1b[01;31m\x1b[Kboundaries\x1b[m\x1b[K.data = false;\n'}
[2.695291] (prova_rt1) StderrLine: {'line': b'      |             \x1b[01;31m\x1b[K^~~~~~~~~~\x1b[m\x1b[K\n'}
[2.702772] (prova_rt1) StderrLine: {'line': b'\x1b[01m\x1b[K/home/luchino/RT_first_assignment/src/prova_rt1/src/ui_node.cpp:31:13:\x1b[m\x1b[K \x1b[01;31m\x1b[Kerror: \x1b[m\x1b[K\xe2\x80\x98\x1b[01m\x1b[Kmoving_turtle_\x1b[m\x1b[K\xe2\x80\x99 was not declared in this scope\n'}
[2.703049] (prova_rt1) StderrLine: {'line': b'   31 |             \x1b[01;31m\x1b[Kmoving_turtle_\x1b[m\x1b[K = 0;\n'}
[2.703136] (prova_rt1) StderrLine: {'line': b'      |             \x1b[01;31m\x1b[K^~~~~~~~~~~~~~\x1b[m\x1b[K\n'}
[2.711705] (prova_rt1) StderrLine: {'line': b'\x1b[01m\x1b[K/home/luchino/RT_first_assignment/src/prova_rt1/src/ui_node.cpp:\x1b[m\x1b[K In member function \xe2\x80\x98\x1b[01m\x1b[Kvoid Input_Controller::\x1b[01;32m\x1b[Kcheck_distance\x1b[m\x1b[K(std_msgs::msg::Float32_<std::allocator<void> >::SharedPtr)\x1b[m\x1b[K\xe2\x80\x99:\n'}
[2.711937] (prova_rt1) StderrLine: {'line': b'\x1b[01m\x1b[K/home/luchino/RT_first_assignment/src/prova_rt1/src/ui_node.cpp:38:13:\x1b[m\x1b[K \x1b[01;31m\x1b[Kerror: \x1b[m\x1b[K\xe2\x80\x98\x1b[01m\x1b[Kactual_distance\x1b[m\x1b[K\xe2\x80\x99 was not declared in this scope; did you mean \xe2\x80\x98\x1b[01m\x1b[Kcheck_distance\x1b[m\x1b[K\xe2\x80\x99?\n'}
[2.712035] (prova_rt1) StderrLine: {'line': b'   38 |             \x1b[01;31m\x1b[Kactual_distance\x1b[m\x1b[K.data = msg->data;\n'}
[2.712119] (prova_rt1) StderrLine: {'line': b'      |             \x1b[01;31m\x1b[K^~~~~~~~~~~~~~~\x1b[m\x1b[K\n'}
[2.712190] (prova_rt1) StderrLine: {'line': b'      |             \x1b[32m\x1b[Kcheck_distance\x1b[m\x1b[K\n'}
[2.719519] (prova_rt1) StderrLine: {'line': b'\x1b[01m\x1b[K/home/luchino/RT_first_assignment/src/prova_rt1/src/ui_node.cpp:\x1b[m\x1b[K In member function \xe2\x80\x98\x1b[01m\x1b[Kvoid Input_Controller::\x1b[01;32m\x1b[Kcheck_boundaries\x1b[m\x1b[K(std_msgs::msg::Bool_<std::allocator<void> >::SharedPtr)\x1b[m\x1b[K\xe2\x80\x99:\n'}
[2.719774] (prova_rt1) StderrLine: {'line': b'\x1b[01m\x1b[K/home/luchino/RT_first_assignment/src/prova_rt1/src/ui_node.cpp:46:13:\x1b[m\x1b[K \x1b[01;31m\x1b[Kerror: \x1b[m\x1b[K\xe2\x80\x98\x1b[01m\x1b[Kboundaries\x1b[m\x1b[K\xe2\x80\x99 was not declared in this scope\n'}
[2.719905] (prova_rt1) StderrLine: {'line': b'   46 |             \x1b[01;31m\x1b[Kboundaries\x1b[m\x1b[K.data = msg->data;\n'}
[2.719992] (prova_rt1) StderrLine: {'line': b'      |             \x1b[01;31m\x1b[K^~~~~~~~~~\x1b[m\x1b[K\n'}
[2.720292] (-) TimerEvent: {}
[2.730383] (prova_rt1) StderrLine: {'line': b'\x1b[01m\x1b[K/home/luchino/RT_first_assignment/src/prova_rt1/src/ui_node.cpp:\x1b[m\x1b[K In member function \xe2\x80\x98\x1b[01m\x1b[Kvoid Input_Controller::\x1b[01;32m\x1b[Kstop_timer_callback\x1b[m\x1b[K()\x1b[m\x1b[K\xe2\x80\x99:\n'}
[2.730807] (prova_rt1) StderrLine: {'line': b'\x1b[01m\x1b[K/home/luchino/RT_first_assignment/src/prova_rt1/src/ui_node.cpp:54:16:\x1b[m\x1b[K \x1b[01;31m\x1b[Kerror: \x1b[m\x1b[K\xe2\x80\x98\x1b[01m\x1b[Kmoving_turtle_\x1b[m\x1b[K\xe2\x80\x99 was not declared in this scope\n'}
[2.730894] (prova_rt1) StderrLine: {'line': b'   54 |             if(\x1b[01;31m\x1b[Kmoving_turtle_\x1b[m\x1b[K == 1){\n'}
[2.730972] (prova_rt1) StderrLine: {'line': b'      |                \x1b[01;31m\x1b[K^~~~~~~~~~~~~~\x1b[m\x1b[K\n'}
[2.736335] (prova_rt1) StderrLine: {'line': b'\x1b[01m\x1b[K/home/luchino/RT_first_assignment/src/prova_rt1/src/ui_node.cpp:55:17:\x1b[m\x1b[K \x1b[01;31m\x1b[Kerror: \x1b[m\x1b[K\xe2\x80\x98\x1b[01m\x1b[Kt1_publisher_\x1b[m\x1b[K\xe2\x80\x99 was not declared in this scope; did you mean \xe2\x80\x98\x1b[01m\x1b[Krmw_publisher_t\x1b[m\x1b[K\xe2\x80\x99?\n'}
[2.736529] (prova_rt1) StderrLine: {'line': b'   55 |                 \x1b[01;31m\x1b[Kt1_publisher_\x1b[m\x1b[K->publish(stop_turtle);\n'}
[2.736607] (prova_rt1) StderrLine: {'line': b'      |                 \x1b[01;31m\x1b[K^~~~~~~~~~~~~\x1b[m\x1b[K\n'}
[2.736698] (prova_rt1) StderrLine: {'line': b'      |                 \x1b[32m\x1b[Krmw_publisher_t\x1b[m\x1b[K\n'}
[2.744770] (prova_rt1) StderrLine: {'line': b'\x1b[01m\x1b[K/home/luchino/RT_first_assignment/src/prova_rt1/src/ui_node.cpp:55:40:\x1b[m\x1b[K \x1b[01;31m\x1b[Kerror: \x1b[m\x1b[K\xe2\x80\x98\x1b[01m\x1b[Kstop_turtle\x1b[m\x1b[K\xe2\x80\x99 was not declared in this scope\n'}
[2.745013] (prova_rt1) StderrLine: {'line': b'   55 |                 t1_publisher_->publish(\x1b[01;31m\x1b[Kstop_turtle\x1b[m\x1b[K);\n'}
[2.745098] (prova_rt1) StderrLine: {'line': b'      |                                        \x1b[01;31m\x1b[K^~~~~~~~~~~\x1b[m\x1b[K\n'}
[2.751446] (prova_rt1) StderrLine: {'line': b'\x1b[01m\x1b[K/home/luchino/RT_first_assignment/src/prova_rt1/src/ui_node.cpp:58:17:\x1b[m\x1b[K \x1b[01;31m\x1b[Kerror: \x1b[m\x1b[K\xe2\x80\x98\x1b[01m\x1b[Kt2_publisher_\x1b[m\x1b[K\xe2\x80\x99 was not declared in this scope; did you mean \xe2\x80\x98\x1b[01m\x1b[Krmw_publisher_t\x1b[m\x1b[K\xe2\x80\x99?\n'}
[2.751715] (prova_rt1) StderrLine: {'line': b'   58 |                 \x1b[01;31m\x1b[Kt2_publisher_\x1b[m\x1b[K->publish(stop_turtle);\n'}
[2.751792] (prova_rt1) StderrLine: {'line': b'      |                 \x1b[01;31m\x1b[K^~~~~~~~~~~~~\x1b[m\x1b[K\n'}
[2.751864] (prova_rt1) StderrLine: {'line': b'      |                 \x1b[32m\x1b[Krmw_publisher_t\x1b[m\x1b[K\n'}
[2.759178] (prova_rt1) StderrLine: {'line': b'\x1b[01m\x1b[K/home/luchino/RT_first_assignment/src/prova_rt1/src/ui_node.cpp:58:40:\x1b[m\x1b[K \x1b[01;31m\x1b[Kerror: \x1b[m\x1b[K\xe2\x80\x98\x1b[01m\x1b[Kstop_turtle\x1b[m\x1b[K\xe2\x80\x99 was not declared in this scope\n'}
[2.759472] (prova_rt1) StderrLine: {'line': b'   58 |                 t2_publisher_->publish(\x1b[01;31m\x1b[Kstop_turtle\x1b[m\x1b[K);\n'}
[2.759566] (prova_rt1) StderrLine: {'line': b'      |                                        \x1b[01;31m\x1b[K^~~~~~~~~~~\x1b[m\x1b[K\n'}
[2.766900] (prova_rt1) StderrLine: {'line': b'\x1b[01m\x1b[K/home/luchino/RT_first_assignment/src/prova_rt1/src/ui_node.cpp:61:13:\x1b[m\x1b[K \x1b[01;31m\x1b[Kerror: \x1b[m\x1b[K\xe2\x80\x98\x1b[01m\x1b[Kmoving_turtle_\x1b[m\x1b[K\xe2\x80\x99 was not declared in this scope\n'}
[2.767047] (prova_rt1) StderrLine: {'line': b'   61 |             \x1b[01;31m\x1b[Kmoving_turtle_\x1b[m\x1b[K = 0;\n'}
[2.767100] (prova_rt1) StderrLine: {'line': b'      |             \x1b[01;31m\x1b[K^~~~~~~~~~~~~~\x1b[m\x1b[K\n'}
[2.772831] (prova_rt1) StderrLine: {'line': b'\x1b[01m\x1b[K/home/luchino/RT_first_assignment/src/prova_rt1/src/ui_node.cpp:62:13:\x1b[m\x1b[K \x1b[01;31m\x1b[Kerror: \x1b[m\x1b[K\xe2\x80\x98\x1b[01m\x1b[Kstop_timer_\x1b[m\x1b[K\xe2\x80\x99 was not declared in this scope\n'}
[2.773037] (prova_rt1) StderrLine: {'line': b'   62 |             \x1b[01;31m\x1b[Kstop_timer_\x1b[m\x1b[K->cancel();\n'}
[2.773097] (prova_rt1) StderrLine: {'line': b'      |             \x1b[01;31m\x1b[K^~~~~~~~~~~\x1b[m\x1b[K\n'}
[2.779861] (prova_rt1) StderrLine: {'line': b'\x1b[01m\x1b[K/home/luchino/RT_first_assignment/src/prova_rt1/src/ui_node.cpp:\x1b[m\x1b[K In member function \xe2\x80\x98\x1b[01m\x1b[Kvoid Input_Controller::\x1b[01;32m\x1b[Kinput_timer_callback\x1b[m\x1b[K()\x1b[m\x1b[K\xe2\x80\x99:\n'}
[2.780014] (prova_rt1) StderrLine: {'line': b'\x1b[01m\x1b[K/home/luchino/RT_first_assignment/src/prova_rt1/src/ui_node.cpp:67:13:\x1b[m\x1b[K \x1b[01;31m\x1b[Kerror: \x1b[m\x1b[K\xe2\x80\x98\x1b[01m\x1b[Kdistance_sub_\x1b[m\x1b[K\xe2\x80\x99 was not declared in this scope\n'}
[2.780070] (prova_rt1) StderrLine: {'line': b'   67 |             \x1b[01;31m\x1b[Kdistance_sub_\x1b[m\x1b[K = this->create_subscription<std_msgs::msg::Float32>("distance", 10, std::bind(&Input_Controller::check_distance, this, _1));\n'}
[2.780121] (prova_rt1) StderrLine: {'line': b'      |             \x1b[01;31m\x1b[K^~~~~~~~~~~~~\x1b[m\x1b[K\n'}
[2.815883] (prova_rt1) StderrLine: {'line': b'\x1b[01m\x1b[K/home/luchino/RT_first_assignment/src/prova_rt1/src/ui_node.cpp:68:13:\x1b[m\x1b[K \x1b[01;31m\x1b[Kerror: \x1b[m\x1b[K\xe2\x80\x98\x1b[01m\x1b[Kboundaries_sub_\x1b[m\x1b[K\xe2\x80\x99 was not declared in this scope\n'}
[2.816160] (prova_rt1) StderrLine: {'line': b'   68 |             \x1b[01;31m\x1b[Kboundaries_sub_\x1b[m\x1b[K = this->create_subscription<std_msgs::msg::Bool>("boundaries", 10, std::bind(&Input_Controller::check_boundaries, this, _1));\n'}
[2.816274] (prova_rt1) StderrLine: {'line': b'      |             \x1b[01;31m\x1b[K^~~~~~~~~~~~~~~\x1b[m\x1b[K\n'}
[2.820459] (-) TimerEvent: {}
[2.850563] (prova_rt1) StderrLine: {'line': b'\x1b[01m\x1b[K/home/luchino/RT_first_assignment/src/prova_rt1/src/ui_node.cpp:69:47:\x1b[m\x1b[K \x1b[01;31m\x1b[Kerror: \x1b[m\x1b[K\xe2\x80\x98\x1b[01m\x1b[Kactual_distance\x1b[m\x1b[K\xe2\x80\x99 was not declared in this scope; did you mean \xe2\x80\x98\x1b[01m\x1b[Kcheck_distance\x1b[m\x1b[K\xe2\x80\x99?\n'}
[2.851034] (prova_rt1) StderrLine: {'line': b'   69 |             std::cout<<"actual_distance = "<< \x1b[01;31m\x1b[Kactual_distance\x1b[m\x1b[K.data <<std::endl;\n'}
[2.851126] (prova_rt1) StderrLine: {'line': b'      |                                               \x1b[01;31m\x1b[K^~~~~~~~~~~~~~~\x1b[m\x1b[K\n'}
[2.851205] (prova_rt1) StderrLine: {'line': b'      |                                               \x1b[32m\x1b[Kcheck_distance\x1b[m\x1b[K\n'}
[2.857593] (prova_rt1) StderrLine: {'line': b'\x1b[01m\x1b[K/home/luchino/RT_first_assignment/src/prova_rt1/src/ui_node.cpp:70:42:\x1b[m\x1b[K \x1b[01;31m\x1b[Kerror: \x1b[m\x1b[K\xe2\x80\x98\x1b[01m\x1b[Kboundaries\x1b[m\x1b[K\xe2\x80\x99 was not declared in this scope\n'}
[2.857878] (prova_rt1) StderrLine: {'line': b'   70 |             std::cout<<"boundaries = "<< \x1b[01;31m\x1b[Kboundaries\x1b[m\x1b[K.data <<std::endl;\n'}
[2.857987] (prova_rt1) StderrLine: {'line': b'      |                                          \x1b[01;31m\x1b[K^~~~~~~~~~\x1b[m\x1b[K\n'}
[2.863320] (prova_rt1) StderrLine: {'line': b'\x1b[01m\x1b[K/home/luchino/RT_first_assignment/src/prova_rt1/src/ui_node.cpp:73:25:\x1b[m\x1b[K \x1b[01;31m\x1b[Kerror: \x1b[m\x1b[K\xe2\x80\x98\x1b[01m\x1b[Kn_turtle\x1b[m\x1b[K\xe2\x80\x99 was not declared in this scope\n'}
[2.863516] (prova_rt1) StderrLine: {'line': b'   73 |             std::cin >> \x1b[01;31m\x1b[Kn_turtle\x1b[m\x1b[K;\n'}
[2.863596] (prova_rt1) StderrLine: {'line': b'      |                         \x1b[01;31m\x1b[K^~~~~~~~\x1b[m\x1b[K\n'}
[2.868045] (prova_rt1) StderrLine: {'line': b'\x1b[01m\x1b[K/home/luchino/RT_first_assignment/src/prova_rt1/src/ui_node.cpp:76:29:\x1b[m\x1b[K \x1b[01;31m\x1b[Kerror: \x1b[m\x1b[K\xe2\x80\x98\x1b[01m\x1b[Kvel_input\x1b[m\x1b[K\xe2\x80\x99 was not declared in this scope\n'}
[2.868300] (prova_rt1) StderrLine: {'line': b'   76 |                 std::cin >> \x1b[01;31m\x1b[Kvel_input\x1b[m\x1b[K.linear.x;\n'}
[2.868394] (prova_rt1) StderrLine: {'line': b'      |                             \x1b[01;31m\x1b[K^~~~~~~~~\x1b[m\x1b[K\n'}
[2.876466] (prova_rt1) StderrLine: {'line': b'\x1b[01m\x1b[K/home/luchino/RT_first_assignment/src/prova_rt1/src/ui_node.cpp:85:17:\x1b[m\x1b[K \x1b[01;31m\x1b[Kerror: \x1b[m\x1b[K\xe2\x80\x98\x1b[01m\x1b[Kmoving_turtle_\x1b[m\x1b[K\xe2\x80\x99 was not declared in this scope\n'}
[2.876728] (prova_rt1) StderrLine: {'line': b'   85 |                 \x1b[01;31m\x1b[Kmoving_turtle_\x1b[m\x1b[K = n_turtle;\n'}
[2.877095] (prova_rt1) StderrLine: {'line': b'      |                 \x1b[01;31m\x1b[K^~~~~~~~~~~~~~\x1b[m\x1b[K\n'}
[2.882565] (prova_rt1) StderrLine: {'line': b'\x1b[01m\x1b[K/home/luchino/RT_first_assignment/src/prova_rt1/src/ui_node.cpp:88:21:\x1b[m\x1b[K \x1b[01;31m\x1b[Kerror: \x1b[m\x1b[K\xe2\x80\x98\x1b[01m\x1b[Kt1_publisher_\x1b[m\x1b[K\xe2\x80\x99 was not declared in this scope; did you mean \xe2\x80\x98\x1b[01m\x1b[Krmw_publisher_t\x1b[m\x1b[K\xe2\x80\x99?\n'}
[2.882707] (prova_rt1) StderrLine: {'line': b'   88 |                     \x1b[01;31m\x1b[Kt1_publisher_\x1b[m\x1b[K->publish(vel_input);\n'}
[2.882759] (prova_rt1) StderrLine: {'line': b'      |                     \x1b[01;31m\x1b[K^~~~~~~~~~~~~\x1b[m\x1b[K\n'}
[2.882807] (prova_rt1) StderrLine: {'line': b'      |                     \x1b[32m\x1b[Krmw_publisher_t\x1b[m\x1b[K\n'}
[2.890335] (prova_rt1) StderrLine: {'line': b'\x1b[01m\x1b[K/home/luchino/RT_first_assignment/src/prova_rt1/src/ui_node.cpp:90:21:\x1b[m\x1b[K \x1b[01;31m\x1b[Kerror: \x1b[m\x1b[K\xe2\x80\x98\x1b[01m\x1b[Kt2_publisher_\x1b[m\x1b[K\xe2\x80\x99 was not declared in this scope; did you mean \xe2\x80\x98\x1b[01m\x1b[Krmw_publisher_t\x1b[m\x1b[K\xe2\x80\x99?\n'}
[2.890542] (prova_rt1) StderrLine: {'line': b'   90 |                     \x1b[01;31m\x1b[Kt2_publisher_\x1b[m\x1b[K->publish(vel_input);\n'}
[2.890601] (prova_rt1) StderrLine: {'line': b'      |                     \x1b[01;31m\x1b[K^~~~~~~~~~~~~\x1b[m\x1b[K\n'}
[2.890653] (prova_rt1) StderrLine: {'line': b'      |                     \x1b[32m\x1b[Krmw_publisher_t\x1b[m\x1b[K\n'}
[2.895846] (prova_rt1) StderrLine: {'line': b'\x1b[01m\x1b[K/home/luchino/RT_first_assignment/src/prova_rt1/src/ui_node.cpp:93:17:\x1b[m\x1b[K \x1b[01;31m\x1b[Kerror: \x1b[m\x1b[K\xe2\x80\x98\x1b[01m\x1b[Kstop_timer_\x1b[m\x1b[K\xe2\x80\x99 was not declared in this scope\n'}
[2.896005] (prova_rt1) StderrLine: {'line': b'   93 |                 \x1b[01;31m\x1b[Kstop_timer_\x1b[m\x1b[K = this->create_wall_timer(\n'}
[2.896074] (prova_rt1) StderrLine: {'line': b'      |                 \x1b[01;31m\x1b[K^~~~~~~~~~~\x1b[m\x1b[K\n'}
[2.899217] (prova_rt1) StderrLine: {'line': b'\x1b[01m\x1b[K/home/luchino/RT_first_assignment/src/prova_rt1/src/ui_node.cpp:\x1b[m\x1b[K At global scope:\n'}
[2.899373] (prova_rt1) StderrLine: {'line': b'\x1b[01m\x1b[K/home/luchino/RT_first_assignment/src/prova_rt1/src/ui_node.cpp:106:9:\x1b[m\x1b[K \x1b[01;31m\x1b[Kerror: \x1b[m\x1b[Kspecializing member \xe2\x80\x98\x1b[01m\x1b[Krclcpp::Publisher<geometry_msgs::msg::Twist_<std::allocator<void> >, std::allocator<void> >::SharedPtr\x1b[m\x1b[K\xe2\x80\x99 requires \xe2\x80\x98\x1b[01m\x1b[Ktemplate<>\x1b[m\x1b[K\xe2\x80\x99 syntax\n'}
[2.899444] (prova_rt1) StderrLine: {'line': b'  106 |         \x1b[01;31m\x1b[Krclcpp\x1b[m\x1b[K::Publisher<geometry_msgs::msg::Twist>::SharedPtr t1_publisher_;\n'}
[2.899498] (prova_rt1) StderrLine: {'line': b'      |         \x1b[01;31m\x1b[K^~~~~~\x1b[m\x1b[K\n'}
[2.900182] (prova_rt1) StderrLine: {'line': b'\x1b[01m\x1b[K/home/luchino/RT_first_assignment/src/prova_rt1/src/ui_node.cpp:125:1:\x1b[m\x1b[K \x1b[01;31m\x1b[Kerror: \x1b[m\x1b[Kexpected declaration before \xe2\x80\x98\x1b[01m\x1b[K}\x1b[m\x1b[K\xe2\x80\x99 token\n'}
[2.900332] (prova_rt1) StderrLine: {'line': b'  125 | \x1b[01;31m\x1b[K}\x1b[m\x1b[K;\n'}
[2.900422] (prova_rt1) StderrLine: {'line': b'      | \x1b[01;31m\x1b[K^\x1b[m\x1b[K\n'}
[2.920706] (-) TimerEvent: {}
[3.021238] (-) TimerEvent: {}
[3.121625] (-) TimerEvent: {}
[3.221991] (-) TimerEvent: {}
[3.322572] (-) TimerEvent: {}
[3.423262] (-) TimerEvent: {}
[3.524267] (-) TimerEvent: {}
[3.624940] (-) TimerEvent: {}
[3.725846] (-) TimerEvent: {}
[3.826442] (-) TimerEvent: {}
[3.927097] (-) TimerEvent: {}
[4.027614] (-) TimerEvent: {}
[4.128316] (-) TimerEvent: {}
[4.229029] (-) TimerEvent: {}
[4.329621] (-) TimerEvent: {}
[4.430549] (-) TimerEvent: {}
[4.531022] (-) TimerEvent: {}
[4.631822] (-) TimerEvent: {}
[4.733107] (-) TimerEvent: {}
[4.833702] (-) TimerEvent: {}
[4.934263] (-) TimerEvent: {}
[5.034963] (-) TimerEvent: {}
[5.135672] (-) TimerEvent: {}
[5.236503] (-) TimerEvent: {}
[5.337060] (-) TimerEvent: {}
[5.437646] (-) TimerEvent: {}
[5.538200] (-) TimerEvent: {}
[5.638796] (-) TimerEvent: {}
[5.739398] (-) TimerEvent: {}
[5.763110] (prova_rt1) StderrLine: {'line': b'gmake[2]: *** [CMakeFiles/ui.dir/build.make:76: CMakeFiles/ui.dir/src/ui_node.cpp.o] Error 1\n'}
[5.763886] (prova_rt1) StderrLine: {'line': b'gmake[1]: *** [CMakeFiles/Makefile2:139: CMakeFiles/ui.dir/all] Error 2\n'}
[5.764108] (prova_rt1) StderrLine: {'line': b'gmake: *** [Makefile:146: all] Error 2\n'}
[5.767046] (prova_rt1) CommandEnded: {'returncode': 2}
[5.775051] (prova_rt1) JobEnded: {'identifier': 'prova_rt1', 'rc': 2}
[5.786493] (-) EventReactorShutdown: {}
