[0.000000] (-) TimerEvent: {}
[0.000449] (assignment1_rt) JobQueued: {'identifier': 'assignment1_rt', 'dependencies': OrderedDict()}
[0.000520] (assignment1_rt) JobStarted: {'identifier': 'assignment1_rt'}
[0.007428] (assignment1_rt) JobProgress: {'identifier': 'assignment1_rt', 'progress': 'cmake'}
[0.007788] (assignment1_rt) JobProgress: {'identifier': 'assignment1_rt', 'progress': 'build'}
[0.008504] (assignment1_rt) Command: {'cmd': ['/usr/bin/cmake', '--build', '/home/luchino/RT_first_assignment/build/assignment1_rt', '--', '-j8', '-l8'], 'cwd': '/home/luchino/RT_first_assignment/build/assignment1_rt', 'env': OrderedDict({'PYTHON_BASIC_REPL': '1', 'LESSOPEN': '| /usr/bin/lesspipe %s', 'USER': 'luchino', 'GIT_ASKPASS': '/home/luchino/.vscode-server/bin/ac4cbdf48759c7d8c3eb91ffe6bb04316e263c57/extensions/git/dist/askpass.sh', 'SHLVL': '2', 'LD_LIBRARY_PATH': '/opt/ros/jazzy/lib/x86_64-linux-gnu:/opt/ros/jazzy/lib', 'HOME': '/home/luchino', 'TERM_PROGRAM_VERSION': '1.106.0', 'VSCODE_IPC_HOOK_CLI': '/run/user/1000/vscode-ipc-fd18567d-a40e-43c4-8d4a-a00f54d44a22.sock', 'ROS_PYTHON_VERSION': '3', 'VSCODE_GIT_ASKPASS_MAIN': '/home/luchino/.vscode-server/bin/ac4cbdf48759c7d8c3eb91ffe6bb04316e263c57/extensions/git/dist/askpass-main.js', 'VSCODE_GIT_ASKPASS_NODE': '/home/luchino/.vscode-server/bin/ac4cbdf48759c7d8c3eb91ffe6bb04316e263c57/node', 'PYDEVD_DISABLE_FILE_VALIDATION': '1', 'BUNDLED_DEBUGPY_PATH': '/home/luchino/.vscode-server/extensions/ms-python.debugpy-2025.16.0/bundled/libs/debugpy', 'VSCODE_PYTHON_AUTOACTIVATE_GUARD': '1', 'DBUS_SESSION_BUS_ADDRESS': 'unix:path=/run/user/1000/bus', 'COLORTERM': 'truecolor', 'WSL_DISTRO_NAME': 'Ubuntu-24.04', 'WAYLAND_DISPLAY': 'wayland-0', 'COLCON_PREFIX_PATH': '/home/luchino/ros_ws/install', 'ROS_DISTRO': 'jazzy', 'LOGNAME': 'luchino', 'NAME': 'Code', 'WSL_INTEROP': '/run/WSL/4679_interop', 'PULSE_SERVER': 'unix:/mnt/wslg/PulseServer', '_': '/usr/bin/colcon', 'ROS_VERSION': '2', 'TERM': 'xterm-256color', 'PATH': '/home/luchino/.vscode-server/data/User/globalStorage/github.copilot-chat/copilotCli:/home/luchino/.vscode-server/data/User/globalStorage/github.copilot-chat/debugCommand:/home/luchino/.vscode-server/bin/ac4cbdf48759c7d8c3eb91ffe6bb04316e263c57/bin/remote-cli:/opt/ros/jazzy/bin:/usr/local/sbin:/usr/local/bin:/usr/sbin:/usr/bin:/sbin:/bin:/usr/games:/usr/local/games:/usr/lib/wsl/lib:/mnt/c/Program Files/WindowsApps/MicrosoftCorporationII.WindowsSubsystemForLinux_2.6.1.0_x64__8wekyb3d8bbwe:/mnt/c/Python312/Scripts/:/mnt/c/Python312/:/mnt/c/WINDOWS/system32:/mnt/c/WINDOWS:/mnt/c/WINDOWS/System32/Wbem:/mnt/c/WINDOWS/System32/WindowsPowerShell/v1.0/:/mnt/c/WINDOWS/System32/OpenSSH/:/mnt/c/Program Files/dotnet/:/mnt/c/Program Files/nodejs/:/mnt/c/ProgramData/chocolatey/bin:/mnt/c/Program Files/HP/HP One Agent:/mnt/c/Radiance/bin:/mnt/c/Program Files/MySQL/MySQL Server 8.0/bin:/mnt/c/Program Files/MySQL/MySQL Server 9.0/bin:/mnt/c/WINDOWS/system32:/mnt/c/WINDOWS:/mnt/c/WINDOWS/System32/Wbem:/mnt/c/WINDOWS/System32/WindowsPowerShell/v1.0/:/mnt/c/WINDOWS/System32/OpenSSH/:/mnt/c/Program Files/MATLAB/R2025b/runtime/win64:/mnt/c/Program Files/MATLAB/R2025b/bin:/mnt/c/Program Files/Git/cmd:/mnt/c/Program Files/Docker/Docker/resources/bin:/mnt/c/texlive/2024/bin/windows:/mnt/c/Users/lucaa/AppData/Local/Microsoft/WindowsApps:/mnt/c/Users/lucaa/AppData/Roaming/npm:/mnt/c/Users/lucaa/AppData/Local/Programs/MiKTeX/miktex/bin/x64/:/mnt/c/Users/lucaa/AppData/Roaming/Programs/Zero Install:/mnt/c/Users/lucaa/AppData/Local/Microsoft/WindowsApps:/mnt/c/msys64/ucrt64/bin:/mnt/c/Users/lucaa/AppData/Local/Programs/Microsoft VS Code/bin:/snap/bin:/home/luchino/.vscode-server/extensions/ms-python.debugpy-2025.16.0/bundled/scripts/noConfigScripts', 'XDG_RUNTIME_DIR': '/run/user/1000/', 'DISPLAY': ':0', 'VSCODE_DEBUGPY_ADAPTER_ENDPOINTS': '/home/luchino/.vscode-server/extensions/ms-python.debugpy-2025.16.0/.noConfigDebugAdapterEndpoints/endpoint-9a94ca708d272173.txt', 'LANG': 'en_US.UTF-8', 'PYTHONSTARTUP': '/home/luchino/.vscode-server/data/User/workspaceStorage/c8a841b907075387caedaf67b70a8506/ms-python.python/pythonrc.py', 'LS_COLORS': 'rs=0:di=01;34:ln=01;36:mh=00:pi=40;33:so=01;35:do=01;35:bd=40;33;01:cd=40;33;01:or=40;31;01:mi=00:su=37;41:sg=30;43:ca=00:tw=30;42:ow=34;42:st=37;44:ex=01;32:*.tar=01;31:*.tgz=01;31:*.arc=01;31:*.arj=01;31:*.taz=01;31:*.lha=01;31:*.lz4=01;31:*.lzh=01;31:*.lzma=01;31:*.tlz=01;31:*.txz=01;31:*.tzo=01;31:*.t7z=01;31:*.zip=01;31:*.z=01;31:*.dz=01;31:*.gz=01;31:*.lrz=01;31:*.lz=01;31:*.lzo=01;31:*.xz=01;31:*.zst=01;31:*.tzst=01;31:*.bz2=01;31:*.bz=01;31:*.tbz=01;31:*.tbz2=01;31:*.tz=01;31:*.deb=01;31:*.rpm=01;31:*.jar=01;31:*.war=01;31:*.ear=01;31:*.sar=01;31:*.rar=01;31:*.alz=01;31:*.ace=01;31:*.zoo=01;31:*.cpio=01;31:*.7z=01;31:*.rz=01;31:*.cab=01;31:*.wim=01;31:*.swm=01;31:*.dwm=01;31:*.esd=01;31:*.avif=01;35:*.jpg=01;35:*.jpeg=01;35:*.mjpg=01;35:*.mjpeg=01;35:*.gif=01;35:*.bmp=01;35:*.pbm=01;35:*.pgm=01;35:*.ppm=01;35:*.tga=01;35:*.xbm=01;35:*.xpm=01;35:*.tif=01;35:*.tiff=01;35:*.png=01;35:*.svg=01;35:*.svgz=01;35:*.mng=01;35:*.pcx=01;35:*.mov=01;35:*.mpg=01;35:*.mpeg=01;35:*.m2v=01;35:*.mkv=01;35:*.webm=01;35:*.webp=01;35:*.ogm=01;35:*.mp4=01;35:*.m4v=01;35:*.mp4v=01;35:*.vob=01;35:*.qt=01;35:*.nuv=01;35:*.wmv=01;35:*.asf=01;35:*.rm=01;35:*.rmvb=01;35:*.flc=01;35:*.avi=01;35:*.fli=01;35:*.flv=01;35:*.gl=01;35:*.dl=01;35:*.xcf=01;35:*.xwd=01;35:*.yuv=01;35:*.cgm=01;35:*.emf=01;35:*.ogv=01;35:*.ogx=01;35:*.aac=00;36:*.au=00;36:*.flac=00;36:*.m4a=00;36:*.mid=00;36:*.midi=00;36:*.mka=00;36:*.mp3=00;36:*.mpc=00;36:*.ogg=00;36:*.ra=00;36:*.wav=00;36:*.oga=00;36:*.opus=00;36:*.spx=00;36:*.xspf=00;36:*~=00;90:*#=00;90:*.bak=00;90:*.crdownload=00;90:*.dpkg-dist=00;90:*.dpkg-new=00;90:*.dpkg-old=00;90:*.dpkg-tmp=00;90:*.old=00;90:*.orig=00;90:*.part=00;90:*.rej=00;90:*.rpmnew=00;90:*.rpmorig=00;90:*.rpmsave=00;90:*.swp=00;90:*.tmp=00;90:*.ucf-dist=00;90:*.ucf-new=00;90:*.ucf-old=00;90:', 'VSCODE_GIT_IPC_HANDLE': '/run/user/1000/vscode-git-4ff4c84477.sock', 'TERM_PROGRAM': 'vscode', 'AMENT_PREFIX_PATH': '/home/luchino/ros_ws/install/turtlesim_controller:/home/luchino/ros_ws/install/first_package_py:/home/luchino/ros_ws/install/first_package_cpp:/opt/ros/jazzy', 'SHELL': '/bin/bash', 'LESSCLOSE': '/usr/bin/lesspipe %s %s', 'ROS_AUTOMATIC_DISCOVERY_RANGE': 'SUBNET', 'VSCODE_GIT_ASKPASS_EXTRA_ARGS': '', 'PWD': '/home/luchino/RT_first_assignment/build/assignment1_rt', 'XDG_DATA_DIRS': '/usr/local/share:/usr/share:/var/lib/snapd/desktop', 'PYTHONPATH': '/home/luchino/ros_ws/install/first_package_py/lib/python3.12/site-packages:/opt/ros/jazzy/lib/python3.12/site-packages', 'COLCON': '1', 'WSL2_GUI_APPS_ENABLED': '1', 'HOSTTYPE': 'x86_64', 'CMAKE_PREFIX_PATH': '/home/luchino/ros_ws/install/turtlesim_controller:/home/luchino/ros_ws/install/first_package_cpp:/home/luchino/ros_ws/install/first_package_py:/opt/ros/jazzy', 'WSLENV': 'ELECTRON_RUN_AS_NODE/w:'}), 'shell': False}
[0.067083] (assignment1_rt) StdoutLine: {'line': b'[ 25%] \x1b[32mBuilding CXX object CMakeFiles/ui.dir/src/ui_node.cpp.o\x1b[0m\n'}
[0.069083] (assignment1_rt) StdoutLine: {'line': b'[ 50%] \x1b[32mBuilding CXX object CMakeFiles/distance.dir/src/distance_node.cpp.o\x1b[0m\n'}
[0.099402] (-) TimerEvent: {}
[0.199805] (-) TimerEvent: {}
[0.300361] (-) TimerEvent: {}
[0.400749] (-) TimerEvent: {}
[0.501262] (-) TimerEvent: {}
[0.601759] (-) TimerEvent: {}
[0.702269] (-) TimerEvent: {}
[0.802823] (-) TimerEvent: {}
[0.903419] (-) TimerEvent: {}
[1.003919] (-) TimerEvent: {}
[1.104371] (-) TimerEvent: {}
[1.205175] (-) TimerEvent: {}
[1.305744] (-) TimerEvent: {}
[1.406148] (-) TimerEvent: {}
[1.506540] (-) TimerEvent: {}
[1.607071] (-) TimerEvent: {}
[1.707473] (-) TimerEvent: {}
[1.808028] (-) TimerEvent: {}
[1.908674] (-) TimerEvent: {}
[2.009158] (-) TimerEvent: {}
[2.109581] (-) TimerEvent: {}
[2.210105] (-) TimerEvent: {}
[2.310637] (-) TimerEvent: {}
[2.411078] (-) TimerEvent: {}
[2.511651] (-) TimerEvent: {}
[2.612032] (-) TimerEvent: {}
[2.689200] (assignment1_rt) StderrLine: {'line': b'\x1b[01m\x1b[K/home/luchino/RT_first_assignment/src/assignment1_rt/src/ui_node.cpp:57:50:\x1b[m\x1b[K \x1b[01;35m\x1b[Kwarning: \x1b[m\x1b[KISO C++ does not allow GNU designated initializers [\x1b[01;35m\x1b[K\x1b]8;;https://gcc.gnu.org/onlinedocs/gcc/Warning-Options.html#index-Wpedantic\x07-Wpedantic\x1b]8;;\x07\x1b[m\x1b[K]\n'}
[2.689577] (assignment1_rt) StderrLine: {'line': b'   57 |         geometry_msgs::msg::Twist stop_turtle = {\x1b[01;35m\x1b[Klinear\x1b[m\x1b[K:{0.0, 0.0, 0.0},angular:{0.0, 0.0, 0.0}};\n'}
[2.689675] (assignment1_rt) StderrLine: {'line': b'      |                                                  \x1b[01;35m\x1b[K^~~~~~\x1b[m\x1b[K\n'}
[2.689755] (assignment1_rt) StderrLine: {'line': b'\x1b[01m\x1b[K/home/luchino/RT_first_assignment/src/assignment1_rt/src/ui_node.cpp:57:73:\x1b[m\x1b[K \x1b[01;35m\x1b[Kwarning: \x1b[m\x1b[KISO C++ does not allow GNU designated initializers [\x1b[01;35m\x1b[K\x1b]8;;https://gcc.gnu.org/onlinedocs/gcc/Warning-Options.html#index-Wpedantic\x07-Wpedantic\x1b]8;;\x07\x1b[m\x1b[K]\n'}
[2.689835] (assignment1_rt) StderrLine: {'line': b'   57 |         geometry_msgs::msg::Twist stop_turtle = {linear:{0.0, 0.0, 0.0},\x1b[01;35m\x1b[Kangular\x1b[m\x1b[K:{0.0, 0.0, 0.0}};\n'}
[2.689912] (assignment1_rt) StderrLine: {'line': b'      |                                                                         \x1b[01;35m\x1b[K^~~~~~~\x1b[m\x1b[K\n'}
[2.690002] (assignment1_rt) StderrLine: {'line': b'\x1b[01m\x1b[K/home/luchino/RT_first_assignment/src/assignment1_rt/src/ui_node.cpp:57:96:\x1b[m\x1b[K \x1b[01;31m\x1b[Kerror: \x1b[m\x1b[Kdesignated initializers cannot be used with a non-aggregate type \xe2\x80\x98\x1b[01m\x1b[Kgeometry_msgs::msg::Twist\x1b[m\x1b[K\xe2\x80\x99 {aka \xe2\x80\x98\x1b[01m\x1b[Kgeometry_msgs::msg::Twist_<std::allocator<void> >\x1b[m\x1b[K\xe2\x80\x99}\n'}
[2.690095] (assignment1_rt) StderrLine: {'line': b'   57 |         geometry_msgs::msg::Twist stop_turtle = {linear:{0.0, 0.0, 0.0},angular:{0.0, 0.0, 0.0}\x1b[01;31m\x1b[K}\x1b[m\x1b[K;\n'}
[2.690182] (assignment1_rt) StderrLine: {'line': b'      |                                                                                                \x1b[01;31m\x1b[K^\x1b[m\x1b[K\n'}
[2.701339] (assignment1_rt) StderrLine: {'line': b'\x1b[01m\x1b[K/home/luchino/RT_first_assignment/src/assignment1_rt/src/ui_node.cpp:\x1b[m\x1b[K In member function \xe2\x80\x98\x1b[01m\x1b[Kvoid Input_Controller::\x1b[01;32m\x1b[Ktimer_callback\x1b[m\x1b[K()\x1b[m\x1b[K\xe2\x80\x99:\n'}
[2.702041] (assignment1_rt) StderrLine: {'line': b'\x1b[01m\x1b[K/home/luchino/RT_first_assignment/src/assignment1_rt/src/ui_node.cpp:49:13:\x1b[m\x1b[K \x1b[01;31m\x1b[Kerror: \x1b[m\x1b[K\xe2\x80\x98\x1b[01m\x1b[Kdistance\x1b[m\x1b[K\xe2\x80\x99 was not declared in this scope; did you mean \xe2\x80\x98\x1b[01m\x1b[Kstd::distance\x1b[m\x1b[K\xe2\x80\x99?\n'}
[2.702265] (assignment1_rt) StderrLine: {'line': b'   49 |             \x1b[01;31m\x1b[Kdistance\x1b[m\x1b[K = sqrt((pos_t2.x-pos_t1.x)^2 + (pos_t2.y-pos_t1.y)^2);\n'}
[2.702401] (assignment1_rt) StderrLine: {'line': b'      |             \x1b[01;31m\x1b[K^~~~~~~~\x1b[m\x1b[K\n'}
[2.702482] (assignment1_rt) StderrLine: {'line': b'      |             \x1b[32m\x1b[Kstd::distance\x1b[m\x1b[K\n'}
[2.702555] (assignment1_rt) StderrLine: {'line': b'In file included from \x1b[01m\x1b[K/usr/include/c++/13/bits/stl_construct.h:62\x1b[m\x1b[K,\n'}
[2.702644] (assignment1_rt) StderrLine: {'line': b'                 from \x1b[01m\x1b[K/usr/include/c++/13/bits/stl_tempbuf.h:61\x1b[m\x1b[K,\n'}
[2.702727] (assignment1_rt) StderrLine: {'line': b'                 from \x1b[01m\x1b[K/usr/include/c++/13/memory:66\x1b[m\x1b[K,\n'}
[2.702802] (assignment1_rt) StderrLine: {'line': b'                 from \x1b[01m\x1b[K/opt/ros/jazzy/include/rclcpp/rclcpp/rclcpp.hpp:169\x1b[m\x1b[K,\n'}
[2.702874] (assignment1_rt) StderrLine: {'line': b'                 from \x1b[01m\x1b[K/home/luchino/RT_first_assignment/src/assignment1_rt/src/ui_node.cpp:1\x1b[m\x1b[K:\n'}
[2.702948] (assignment1_rt) StderrLine: {'line': b'\x1b[01m\x1b[K/usr/include/c++/13/bits/stl_iterator_base_funcs.h:148:5:\x1b[m\x1b[K \x1b[01;36m\x1b[Knote: \x1b[m\x1b[K\xe2\x80\x98\x1b[01m\x1b[Kstd::distance\x1b[m\x1b[K\xe2\x80\x99 declared here\n'}
[2.703049] (assignment1_rt) StderrLine: {'line': b'  148 |     \x1b[01;36m\x1b[Kdistance\x1b[m\x1b[K(_InputIterator __first, _InputIterator __last)\n'}
[2.703124] (assignment1_rt) StderrLine: {'line': b'      |     \x1b[01;36m\x1b[K^~~~~~~~\x1b[m\x1b[K\n'}
[2.707075] (assignment1_rt) StderrLine: {'line': b'\x1b[01m\x1b[K/home/luchino/RT_first_assignment/src/assignment1_rt/src/ui_node.cpp:49:30:\x1b[m\x1b[K \x1b[01;31m\x1b[Kerror: \x1b[m\x1b[K\xe2\x80\x98\x1b[01m\x1b[Kpos_t2\x1b[m\x1b[K\xe2\x80\x99 was not declared in this scope; did you mean \xe2\x80\x98\x1b[01m\x1b[Kfpos_t\x1b[m\x1b[K\xe2\x80\x99?\n'}
[2.707277] (assignment1_rt) StderrLine: {'line': b'   49 |             distance = sqrt((\x1b[01;31m\x1b[Kpos_t2\x1b[m\x1b[K.x-pos_t1.x)^2 + (pos_t2.y-pos_t1.y)^2);\n'}
[2.707333] (assignment1_rt) StderrLine: {'line': b'      |                              \x1b[01;31m\x1b[K^~~~~~\x1b[m\x1b[K\n'}
[2.707381] (assignment1_rt) StderrLine: {'line': b'      |                              \x1b[32m\x1b[Kfpos_t\x1b[m\x1b[K\n'}
[2.712213] (-) TimerEvent: {}
[2.712664] (assignment1_rt) StderrLine: {'line': b'\x1b[01m\x1b[K/home/luchino/RT_first_assignment/src/assignment1_rt/src/ui_node.cpp:49:39:\x1b[m\x1b[K \x1b[01;31m\x1b[Kerror: \x1b[m\x1b[K\xe2\x80\x98\x1b[01m\x1b[Kpos_t1\x1b[m\x1b[K\xe2\x80\x99 was not declared in this scope; did you mean \xe2\x80\x98\x1b[01m\x1b[Kfpos_t\x1b[m\x1b[K\xe2\x80\x99?\n'}
[2.712928] (assignment1_rt) StderrLine: {'line': b'   49 |             distance = sqrt((pos_t2.x-\x1b[01;31m\x1b[Kpos_t1\x1b[m\x1b[K.x)^2 + (pos_t2.y-pos_t1.y)^2);\n'}
[2.713052] (assignment1_rt) StderrLine: {'line': b'      |                                       \x1b[01;31m\x1b[K^~~~~~\x1b[m\x1b[K\n'}
[2.713148] (assignment1_rt) StderrLine: {'line': b'      |                                       \x1b[32m\x1b[Kfpos_t\x1b[m\x1b[K\n'}
[2.718871] (assignment1_rt) StderrLine: {'line': b'\x1b[01m\x1b[K/home/luchino/RT_first_assignment/src/assignment1_rt/src/ui_node.cpp:50:13:\x1b[m\x1b[K \x1b[01;31m\x1b[Kerror: \x1b[m\x1b[K\xe2\x80\x98\x1b[01m\x1b[Kpublisher_\x1b[m\x1b[K\xe2\x80\x99 was not declared in this scope; did you mean \xe2\x80\x98\x1b[01m\x1b[Kt1_publisher_\x1b[m\x1b[K\xe2\x80\x99?\n'}
[2.719156] (assignment1_rt) StderrLine: {'line': b'   50 |             \x1b[01;31m\x1b[Kpublisher_\x1b[m\x1b[K->publish(distance);\n'}
[2.719256] (assignment1_rt) StderrLine: {'line': b'      |             \x1b[01;31m\x1b[K^~~~~~~~~~\x1b[m\x1b[K\n'}
[2.719329] (assignment1_rt) StderrLine: {'line': b'      |             \x1b[32m\x1b[Kt1_publisher_\x1b[m\x1b[K\n'}
[2.805724] (assignment1_rt) StderrLine: {'line': b'\x1b[01m\x1b[K/home/luchino/RT_first_assignment/src/assignment1_rt/src/distance_node.cpp:\x1b[m\x1b[K In constructor \xe2\x80\x98\x1b[01m\x1b[KDistance_Check::\x1b[01;32m\x1b[KDistance_Check\x1b[m\x1b[K()\x1b[m\x1b[K\xe2\x80\x99:\n'}
[2.805984] (assignment1_rt) StderrLine: {'line': b'\x1b[01m\x1b[K/home/luchino/RT_first_assignment/src/assignment1_rt/src/distance_node.cpp:11:145:\x1b[m\x1b[K \x1b[01;31m\x1b[Kerror: \x1b[m\x1b[K\xe2\x80\x98\x1b[01m\x1b[K_1\x1b[m\x1b[K\xe2\x80\x99 was not declared in this scope; did you mean \xe2\x80\x98\x1b[01m\x1b[Kstd::placeholders::_1\x1b[m\x1b[K\xe2\x80\x99?\n'}
[2.806056] (assignment1_rt) StderrLine: {'line': b'   11 |             turtle1_pose_ = this->create_subscription<turtlesim::msg::Pose>("/turtle2/pose", 10, std::bind(&Distance_Check::turtle1_pose, this, \x1b[01;31m\x1b[K_1\x1b[m\x1b[K));\n'}
[2.806110] (assignment1_rt) StderrLine: {'line': b'      |                                                                                                                                                 \x1b[01;31m\x1b[K^~\x1b[m\x1b[K\n'}
[2.806159] (assignment1_rt) StderrLine: {'line': b'      |                                                                                                                                                 \x1b[32m\x1b[Kstd::placeholders::_1\x1b[m\x1b[K\n'}
[2.806205] (assignment1_rt) StderrLine: {'line': b'In file included from \x1b[01m\x1b[K/opt/ros/jazzy/include/rclcpp/rclcpp/utilities.hpp:19\x1b[m\x1b[K,\n'}
[2.806263] (assignment1_rt) StderrLine: {'line': b'                 from \x1b[01m\x1b[K/opt/ros/jazzy/include/rclcpp/rclcpp/logging.hpp:25\x1b[m\x1b[K,\n'}
[2.806341] (assignment1_rt) StderrLine: {'line': b'                 from \x1b[01m\x1b[K/opt/ros/jazzy/include/rclcpp/rclcpp/copy_all_parameter_values.hpp:27\x1b[m\x1b[K,\n'}
[2.806389] (assignment1_rt) StderrLine: {'line': b'                 from \x1b[01m\x1b[K/opt/ros/jazzy/include/rclcpp/rclcpp/rclcpp.hpp:171\x1b[m\x1b[K,\n'}
[2.806434] (assignment1_rt) StderrLine: {'line': b'                 from \x1b[01m\x1b[K/home/luchino/RT_first_assignment/src/assignment1_rt/src/distance_node.cpp:1\x1b[m\x1b[K:\n'}
[2.806481] (assignment1_rt) StderrLine: {'line': b'\x1b[01m\x1b[K/usr/include/c++/13/functional:294:48:\x1b[m\x1b[K \x1b[01;36m\x1b[Knote: \x1b[m\x1b[K\xe2\x80\x98\x1b[01m\x1b[Kstd::placeholders::_1\x1b[m\x1b[K\xe2\x80\x99 declared here\n'}
[2.806528] (assignment1_rt) StderrLine: {'line': b'  294 |     _GLIBCXX_PLACEHOLDER const _Placeholder<1> \x1b[01;36m\x1b[K_1\x1b[m\x1b[K;\n'}
[2.806574] (assignment1_rt) StderrLine: {'line': b'      |                                                \x1b[01;36m\x1b[K^~\x1b[m\x1b[K\n'}
[2.811405] (assignment1_rt) StderrLine: {'line': b'\x1b[01m\x1b[K/home/luchino/RT_first_assignment/src/assignment1_rt/src/distance_node.cpp:13:13:\x1b[m\x1b[K \x1b[01;31m\x1b[Kerror: \x1b[m\x1b[K\xe2\x80\x98\x1b[01m\x1b[Ktimer_\x1b[m\x1b[K\xe2\x80\x99 was not declared in this scope; did you mean \xe2\x80\x98\x1b[01m\x1b[Ktimer_t\x1b[m\x1b[K\xe2\x80\x99?\n'}
[2.811613] (assignment1_rt) StderrLine: {'line': b'   13 |             \x1b[01;31m\x1b[Ktimer_\x1b[m\x1b[K = this->create_wall_timer(std::chrono::milliseconds(1000), std::bind(&Distance_Check::timer_callback, this));\n'}
[2.811676] (assignment1_rt) StderrLine: {'line': b'      |             \x1b[01;31m\x1b[K^~~~~~\x1b[m\x1b[K\n'}
[2.811725] (assignment1_rt) StderrLine: {'line': b'      |             \x1b[32m\x1b[Ktimer_t\x1b[m\x1b[K\n'}
[2.812372] (-) TimerEvent: {}
[2.823049] (assignment1_rt) StderrLine: {'line': b'\x1b[01m\x1b[K/home/luchino/RT_first_assignment/src/assignment1_rt/src/distance_node.cpp:\x1b[m\x1b[K In member function \xe2\x80\x98\x1b[01m\x1b[Kvoid Distance_Check::\x1b[01;32m\x1b[Ktimer_callback\x1b[m\x1b[K()\x1b[m\x1b[K\xe2\x80\x99:\n'}
[2.823273] (assignment1_rt) StderrLine: {'line': b'\x1b[01m\x1b[K/home/luchino/RT_first_assignment/src/assignment1_rt/src/distance_node.cpp:17:48:\x1b[m\x1b[K \x1b[01;31m\x1b[Kerror: \x1b[m\x1b[Kinvalid operands of types \xe2\x80\x98\x1b[01m\x1b[Kturtlesim::msg::Pose_<std::allocator<void> >::_x_type\x1b[m\x1b[K\xe2\x80\x99 {aka \xe2\x80\x98\x1b[01m\x1b[Kfloat\x1b[m\x1b[K\xe2\x80\x99} and \xe2\x80\x98\x1b[01m\x1b[Kturtlesim::msg::Pose_<std::allocator<void> >::_y_type\x1b[m\x1b[K\xe2\x80\x99 {aka \xe2\x80\x98\x1b[01m\x1b[Kfloat\x1b[m\x1b[K\xe2\x80\x99} to binary \xe2\x80\x98\x1b[01m\x1b[Koperator^\x1b[m\x1b[K\xe2\x80\x99\n'}
[2.823338] (assignment1_rt) StderrLine: {'line': b'   17 |             distance = sqrt(\x1b[32m\x1b[K(pos_t2.x-pos_t1.x)\x1b[m\x1b[K\x1b[01;31m\x1b[K^\x1b[m\x1b[K\x1b[34m\x1b[K2 + (pos_t2.y-pos_t1.y)\x1b[m\x1b[K^2);\n'}
[2.823394] (assignment1_rt) StderrLine: {'line': b'      |                             \x1b[32m\x1b[K~~~~~~~~~~~~~~~~~~~\x1b[m\x1b[K\x1b[01;31m\x1b[K^\x1b[m\x1b[K\x1b[34m\x1b[K~~~~~~~~~~~~~~~~~~~~~~~\x1b[m\x1b[K\n'}
[2.823451] (assignment1_rt) StderrLine: {'line': b'      |                                      \x1b[32m\x1b[K|\x1b[m\x1b[K            \x1b[34m\x1b[K|\x1b[m\x1b[K\n'}
[2.823497] (assignment1_rt) StderrLine: {'line': b'      |                                      \x1b[32m\x1b[K|\x1b[m\x1b[K            \x1b[34m\x1b[Kturtlesim::msg::Pose_<std::allocator<void> >::_y_type {aka float}\x1b[m\x1b[K\n'}
[2.823552] (assignment1_rt) StderrLine: {'line': b'      |                                      \x1b[32m\x1b[Kturtlesim::msg::Pose_<std::allocator<void> >::_x_type {aka float}\x1b[m\x1b[K\n'}
[2.823598] (assignment1_rt) StderrLine: {'line': b'\x1b[01m\x1b[K/home/luchino/RT_first_assignment/src/assignment1_rt/src/distance_node.cpp:17:51:\x1b[m\x1b[K \x1b[01;35m\x1b[Kwarning: \x1b[m\x1b[Ksuggest parentheses around arithmetic in operand of \xe2\x80\x98\x1b[01m\x1b[K^\x1b[m\x1b[K\xe2\x80\x99 [\x1b[01;35m\x1b[K\x1b]8;;https://gcc.gnu.org/onlinedocs/gcc/Warning-Options.html#index-Wparentheses\x07-Wparentheses\x1b]8;;\x07\x1b[m\x1b[K]\n'}
[2.823649] (assignment1_rt) StderrLine: {'line': b'   17 |             distance = sqrt((pos_t2.x-pos_t1.x)^\x1b[01;35m\x1b[K2 + (pos_t2.y-pos_t1.y)\x1b[m\x1b[K^2);\n'}
[2.823704] (assignment1_rt) StderrLine: {'line': b'      |                                                 \x1b[01;35m\x1b[K~~^~~~~~~~~~~~~~~~~~~~~\x1b[m\x1b[K\n'}
[2.912628] (-) TimerEvent: {}
[3.013117] (-) TimerEvent: {}
[3.113533] (-) TimerEvent: {}
[3.213921] (-) TimerEvent: {}
[3.314253] (-) TimerEvent: {}
[3.414706] (-) TimerEvent: {}
[3.515366] (-) TimerEvent: {}
[3.615858] (-) TimerEvent: {}
[3.716385] (-) TimerEvent: {}
[3.816799] (-) TimerEvent: {}
[3.849364] (assignment1_rt) StderrLine: {'line': b'gmake[2]: *** [CMakeFiles/ui.dir/build.make:76: CMakeFiles/ui.dir/src/ui_node.cpp.o] Error 1\n'}
[3.849844] (assignment1_rt) StderrLine: {'line': b'gmake[1]: *** [CMakeFiles/Makefile2:139: CMakeFiles/ui.dir/all] Error 2\n'}
[3.849989] (assignment1_rt) StderrLine: {'line': b'gmake[1]: *** Waiting for unfinished jobs....\n'}
[3.906108] (assignment1_rt) StderrLine: {'line': b'gmake[2]: *** [CMakeFiles/distance.dir/build.make:76: CMakeFiles/distance.dir/src/distance_node.cpp.o] Error 1\n'}
[3.906319] (assignment1_rt) StderrLine: {'line': b'gmake[1]: *** [CMakeFiles/Makefile2:165: CMakeFiles/distance.dir/all] Error 2\n'}
[3.906455] (assignment1_rt) StderrLine: {'line': b'gmake: *** [Makefile:146: all] Error 2\n'}
[3.908972] (assignment1_rt) CommandEnded: {'returncode': 2}
[3.916917] (-) TimerEvent: {}
[3.918035] (assignment1_rt) JobEnded: {'identifier': 'assignment1_rt', 'rc': 2}
[3.928893] (-) EventReactorShutdown: {}
