[0.035s] Invoking command in '/home/luchino/RT_first_assignment/build/assignment1_rt': CMAKE_PREFIX_PATH=${CMAKE_PREFIX_PATH}:/home/luchino/ros_ws/install/first_package_py:/opt/ros/jazzy /usr/bin/cmake --build /home/luchino/RT_first_assignment/build/assignment1_rt -- -j8 -l8
[0.160s] [ 50%] Built target distance
[0.172s] [ 75%] [32mBuilding CXX object CMakeFiles/ui.dir/src/ui_node.cpp.o[0m
[2.326s] [01m[K/home/luchino/RT_first_assignment/src/assignment1_rt/src/ui_node.cpp:[m[K In member function â€˜[01m[Kvoid Input_Controller::[01;32m[Kinput_timer_callback[m[K()[m[Kâ€™:
[2.327s] [01m[K/home/luchino/RT_first_assignment/src/assignment1_rt/src/ui_node.cpp:81:25:[m[K [01;31m[Kerror: [m[Kâ€˜[01m[Kreverse_vel[m[Kâ€™ was not declared in this scope
[2.327s]    81 |                         [01;31m[Kreverse_vel[m[K.linear.x = -1;
[2.327s]       |                         [01;31m[K^~~~~~~~~~~[m[K
[2.335s] [01m[K/home/luchino/RT_first_assignment/src/assignment1_rt/src/ui_node.cpp:84:25:[m[K [01;31m[Kerror: [m[Kâ€˜[01m[Kreverse_vel[m[Kâ€™ was not declared in this scope
[2.335s]    84 |                         [01;31m[Kreverse_vel[m[K.linear.x = -1;
[2.335s]       |                         [01;31m[K^~~~~~~~~~~[m[K
[2.344s] [01m[K/home/luchino/RT_first_assignment/src/assignment1_rt/src/ui_node.cpp:86:25:[m[K [01;31m[Kerror: [m[Kâ€˜[01m[Kreverse_vel[m[Kâ€™ was not declared in this scope
[2.344s]    86 |                         [01;31m[Kreverse_vel[m[K.linear.x = -1;
[2.344s]       |                         [01;31m[K^~~~~~~~~~~[m[K
[2.351s] [01m[K/home/luchino/RT_first_assignment/src/assignment1_rt/src/ui_node.cpp:96:25:[m[K [01;31m[Kerror: [m[Kâ€˜[01m[Kreverse_timer_[m[Kâ€™ was not declared in this scope
[2.351s]    96 |                     if ([01;31m[Kreverse_timer_[m[K != nullptr) {
[2.351s]       |                         [01;31m[K^~~~~~~~~~~~~~[m[K
[2.357s] [01m[K/home/luchino/RT_first_assignment/src/assignment1_rt/src/ui_node.cpp:99:21:[m[K [01;31m[Kerror: [m[Kâ€˜[01m[Kreverse_timer_[m[Kâ€™ was not declared in this scope
[2.357s]    99 |                     [01;31m[Kreverse_timer_[m[K = this->create_wall_timer(
[2.357s]       |                     [01;31m[K^~~~~~~~~~~~~~[m[K
[2.358s] [01m[K/home/luchino/RT_first_assignment/src/assignment1_rt/src/ui_node.cpp:101:54:[m[K [01;31m[Kerror: [m[Kâ€˜[01m[Kreverse_movement_callback[m[Kâ€™ is not a member of â€˜[01m[KInput_Controller[m[Kâ€™
[2.358s]   101 |                         std::bind(&Input_Controller::[01;31m[Kreverse_movement_callback[m[K, this)
[2.358s]       |                                                      [01;31m[K^~~~~~~~~~~~~~~~~~~~~~~~~[m[K
[5.061s] gmake[2]: *** [CMakeFiles/ui.dir/build.make:76: CMakeFiles/ui.dir/src/ui_node.cpp.o] Error 1
[5.062s] gmake[1]: *** [CMakeFiles/Makefile2:139: CMakeFiles/ui.dir/all] Error 2
[5.062s] gmake: *** [Makefile:146: all] Error 2
[5.066s] Invoked command in '/home/luchino/RT_first_assignment/build/assignment1_rt' returned '2': CMAKE_PREFIX_PATH=${CMAKE_PREFIX_PATH}:/home/luchino/ros_ws/install/first_package_py:/opt/ros/jazzy /usr/bin/cmake --build /home/luchino/RT_first_assignment/build/assignment1_rt -- -j8 -l8
