[0.012s] Invoking command in '/home/luchino/RT_first_assignment/build/assignment1_rt': CMAKE_PREFIX_PATH=${CMAKE_PREFIX_PATH}:/home/luchino/ros_ws/install/first_package_py:/opt/ros/jazzy /usr/bin/cmake --build /home/luchino/RT_first_assignment/build/assignment1_rt -- -j8 -l8
[0.087s] [ 25%] [32mBuilding CXX object CMakeFiles/distance.dir/src/distance_node.cpp.o[0m
[0.097s] [ 50%] [32mBuilding CXX object CMakeFiles/ui.dir/src/ui_node.cpp.o[0m
[0.391s] [01m[K/home/luchino/RT_first_assignment/src/assignment1_rt/src/distance_node.cpp:3:10:[m[K [01;31m[Kfatal error: [m[Kgeometry_msgs/msg/float32.hpp: No such file or directory
[0.392s]     3 | #include [01;31m[K"geometry_msgs/msg/float32.hpp"[m[K
[0.392s]       |          [01;31m[K^~~~~~~~~~~~~~~~~~~~~~~~~~~~~~~[m[K
[0.392s] compilation terminated.
[0.396s] gmake[2]: *** [CMakeFiles/distance.dir/build.make:76: CMakeFiles/distance.dir/src/distance_node.cpp.o] Error 1
[0.396s] gmake[1]: *** [CMakeFiles/Makefile2:165: CMakeFiles/distance.dir/all] Error 2
[0.396s] gmake[1]: *** Waiting for unfinished jobs....
[0.402s] [01m[K/home/luchino/RT_first_assignment/src/assignment1_rt/src/ui_node.cpp:17:29:[m[K [01;35m[Kwarning: [m[Kmissing terminating " character
[0.402s]    17 |                 std::cout<< [01;35m[K"[m[KQuale tartaruga vuoi muovere?\n
[0.402s]       |                             [01;35m[K^[m[K
[0.403s] [01m[K/home/luchino/RT_first_assignment/src/assignment1_rt/src/ui_node.cpp:17:29:[m[K [01;31m[Kerror: [m[Kmissing terminating " character
[0.403s]    17 |                 std::cout<< [01;31m[K"Quale tartaruga vuoi muovere?\n[m[K
[0.403s]       |                             [01;31m[K^~~~~~~~~~~~~~~~~~~~~~~~~~~~~~~~[m[K
[0.403s] [01m[K/home/luchino/RT_first_assignment/src/assignment1_rt/src/ui_node.cpp:18:41:[m[K [01;31m[Kerror: [m[Kstray â€˜[01m[K\[m[Kâ€™ in program
[0.403s]    18 |                              1) Turtle 1[01;31m[K\[m[Kn
[0.403s]       |                                         [01;31m[K^[m[K
[0.403s] [01m[K/home/luchino/RT_first_assignment/src/assignment1_rt/src/ui_node.cpp:19:41:[m[K [01;31m[Kerror: [m[Kstray â€˜[01m[K\[m[Kâ€™ in program
[0.403s]    19 |                              2) Turtle 2[01;31m[K\[m[Kn
[0.403s]       |                                         [01;31m[K^[m[K
[0.403s] [01m[K/home/luchino/RT_first_assignment/src/assignment1_rt/src/ui_node.cpp:20:31:[m[K [01;35m[Kwarning: [m[Kmissing terminating " character
[0.403s]    20 |                              :[01;35m[K"[m[K;
[0.403s]       |                               [01;35m[K^[m[K
[0.403s] [01m[K/home/luchino/RT_first_assignment/src/assignment1_rt/src/ui_node.cpp:20:31:[m[K [01;31m[Kerror: [m[Kmissing terminating " character
[0.403s]    20 |                              :[01;31m[K";[m[K
[0.403s]       |                               [01;31m[K^~[m[K
[0.403s] [01m[K/home/luchino/RT_first_assignment/src/assignment1_rt/src/ui_node.cpp:23:29:[m[K [01;35m[Kwarning: [m[Kmissing terminating " character
[0.403s]    23 |                 std::cout<< [01;35m[K"[m[KInserisci VelocitÃ  Lineare\n
[0.404s]       |                             [01;35m[K^[m[K
[0.404s] [01m[K/home/luchino/RT_first_assignment/src/assignment1_rt/src/ui_node.cpp:23:29:[m[K [01;31m[Kerror: [m[Kmissing terminating " character
[0.404s]    23 |                 std::cout<< [01;31m[K"Inserisci VelocitÃ  Lineare\n[m[K
[0.404s]       |                             [01;31m[K^~~~~~~~~~~~~~~~~~~~~~~~~~~~~[m[K
[0.404s] [01m[K/home/luchino/RT_first_assignment/src/assignment1_rt/src/ui_node.cpp:24:32:[m[K [01;35m[Kwarning: [m[Kmissing terminating " character
[0.404s]    24 |                              x:[01;35m[K"[m[K
[0.404s]       |                                [01;35m[K^[m[K
[0.404s] [01m[K/home/luchino/RT_first_assignment/src/assignment1_rt/src/ui_node.cpp:24:32:[m[K [01;31m[Kerror: [m[Kmissing terminating " character
[0.404s] [01m[K/home/luchino/RT_first_assignment/src/assignment1_rt/src/ui_node.cpp:31:29:[m[K [01;35m[Kwarning: [m[Kmissing terminating " character
[0.404s]    31 |                 std::cout<< [01;35m[K"[m[KInserisci VelocitÃ  Angolare\n
[0.404s]       |                             [01;35m[K^[m[K
[0.404s] [01m[K/home/luchino/RT_first_assignment/src/assignment1_rt/src/ui_node.cpp:31:29:[m[K [01;31m[Kerror: [m[Kmissing terminating " character
[0.404s]    31 |                 std::cout<< [01;31m[K"Inserisci VelocitÃ  Angolare\n[m[K
[0.404s]       |                             [01;31m[K^~~~~~~~~~~~~~~~~~~~~~~~~~~~~~[m[K
[0.404s] [01m[K/home/luchino/RT_first_assignment/src/assignment1_rt/src/ui_node.cpp:32:32:[m[K [01;35m[Kwarning: [m[Kmissing terminating " character
[0.404s]    32 |                              x:[01;35m[K"[m[K
[0.405s]       |                                [01;35m[K^[m[K
[0.405s] [01m[K/home/luchino/RT_first_assignment/src/assignment1_rt/src/ui_node.cpp:32:32:[m[K [01;31m[Kerror: [m[Kmissing terminating " character
[2.295s] [01m[K/home/luchino/RT_first_assignment/src/assignment1_rt/src/ui_node.cpp:65:2:[m[K [01;31m[Kerror: [m[Kexpected â€˜[01m[K;[m[Kâ€™ after class definition
[2.295s]    65 | }
[2.295s]       |  [01;31m[K^[m[K
[2.295s]       |  [32m[K;[m[K
[2.295s] [01m[K/home/luchino/RT_first_assignment/src/assignment1_rt/src/ui_node.cpp:62:50:[m[K [01;31m[Kerror: [m[Kexpected â€˜[01m[K}[m[Kâ€™ before numeric constant
[2.295s]    62 |                                                  [01;31m[K0.0[m[K , 0.0 , 0.0};
[2.295s]       |                                                  [01;31m[K^~~[m[K
[2.295s] [01m[K/home/luchino/RT_first_assignment/src/assignment1_rt/src/ui_node.cpp:61:49:[m[K [01;36m[Knote: [m[Kto match this â€˜[01m[K{[m[Kâ€™
[2.295s]    61 |         geometry_msgs::msg::Twist stop_turtle = [01;36m[K{[m[K0.0 , 0.0 , 0.0
[2.295s]       |                                                 [01;36m[K^[m[K
[2.296s] [01m[K/home/luchino/RT_first_assignment/src/assignment1_rt/src/ui_node.cpp:62:50:[m[K [01;31m[Kerror: [m[Kcould not convert â€˜[01m[K{0.0, 0.0, 0.0}[m[Kâ€™ from â€˜[01m[K<brace-enclosed initializer list>[m[Kâ€™ to â€˜[01m[Kgeometry_msgs::msg::Twist[m[Kâ€™ {aka â€˜[01m[Kgeometry_msgs::msg::Twist_<std::allocator<void> >[m[Kâ€™}
[2.296s]    62 |                                                  [01;31m[K0.0[m[K , 0.0 , 0.0};
[2.296s]       |                                                  [01;31m[K^~~[m[K
[2.296s]       |                                                  [01;31m[K|[m[K
[2.296s]       |                                                  [01;31m[K<brace-enclosed initializer list>[m[K
[2.296s] [01m[K/home/luchino/RT_first_assignment/src/assignment1_rt/src/ui_node.cpp:62:50:[m[K [01;31m[Kerror: [m[Kexpected â€˜[01m[K;[m[Kâ€™ before numeric constant
[2.303s] [01m[K/home/luchino/RT_first_assignment/src/assignment1_rt/src/ui_node.cpp:[m[K In constructor â€˜[01m[KInput_Controller::[01;32m[KInput_Controller[m[K()[m[Kâ€™:
[2.303s] [01m[K/home/luchino/RT_first_assignment/src/assignment1_rt/src/ui_node.cpp:11:13:[m[K [01;31m[Kerror: [m[Kâ€˜[01m[Ktimer_[m[Kâ€™ was not declared in this scope; did you mean â€˜[01m[Ktimer_t[m[Kâ€™?
[2.303s]    11 |             [01;31m[Ktimer_[m[K = this->create_wall_timer(std::chrono::milliseconds(1000), std::bind(&Distance_Check::input_loop, this));
[2.303s]       |             [01;31m[K^~~~~~[m[K
[2.304s]       |             [32m[Ktimer_t[m[K
[2.304s] [01m[K/home/luchino/RT_first_assignment/src/assignment1_rt/src/ui_node.cpp:11:90:[m[K [01;31m[Kerror: [m[Kâ€˜[01m[KDistance_Check[m[Kâ€™ has not been declared
[2.304s]    11 | te_wall_timer(std::chrono::milliseconds(1000), std::bind(&[01;31m[KDistance_Check[m[K::input_loop, this));
[2.304s]       |                                                           [01;31m[K^~~~~~~~~~~~~~[m[K
[2.304s] 
[2.304s] [01m[K/home/luchino/RT_first_assignment/src/assignment1_rt/src/ui_node.cpp:[m[K In member function â€˜[01m[Kvoid Input_Controller::[01;32m[Kinput_loop[m[K()[m[Kâ€™:
[2.304s] [01m[K/home/luchino/RT_first_assignment/src/assignment1_rt/src/ui_node.cpp:18:31:[m[K [01;31m[Kerror: [m[Kexpected â€˜[01m[K;[m[Kâ€™ before â€˜[01m[K)[m[Kâ€™ token
[2.304s]    18 |                              1[01;31m[K)[m[K Turtle 1\n
[2.304s]       |                               [01;31m[K^[m[K
[2.305s] [01m[K/home/luchino/RT_first_assignment/src/assignment1_rt/src/ui_node.cpp:24:31:[m[K [01;31m[Kerror: [m[Kfound â€˜[01m[K:[m[Kâ€™ in nested-name-specifier, expected â€˜[01m[K::[m[Kâ€™
[2.305s]    24 |                              x[01;31m[K:[m[K"
[2.305s]       |                               [01;31m[K^[m[K
[2.305s]       |                               [32m[K::[m[K
[2.305s] [01m[K/home/luchino/RT_first_assignment/src/assignment1_rt/src/ui_node.cpp:24:30:[m[K [01;31m[Kerror: [m[Kâ€˜[01m[Kx[m[Kâ€™ has not been declared
[2.305s]    24 |                              [01;31m[Kx[m[K:"
[2.305s]       |                              [01;31m[K^[m[K
[2.305s] [01m[K/home/luchino/RT_first_assignment/src/assignment1_rt/src/ui_node.cpp:27:17:[m[K [01;31m[Kerror: [m[Kexpected â€˜[01m[K;[m[Kâ€™ before â€˜[01m[Kstd[m[Kâ€™
[2.305s]    27 |                 [01;31m[Kstd[m[K::cin >> vel_input.linear.y;
[2.306s]       |                 [01;31m[K^~~[m[K
[2.306s] [01m[K/home/luchino/RT_first_assignment/src/assignment1_rt/src/ui_node.cpp:29:17:[m[K [01;31m[Kerror: [m[Kexpected â€˜[01m[K;[m[Kâ€™ before â€˜[01m[Kstd[m[Kâ€™
[2.306s]    29 |                 [01;31m[Kstd[m[K::cin >> vel_input.linear.z;
[2.306s]       |                 [01;31m[K^~~[m[K
[2.306s] [01m[K/home/luchino/RT_first_assignment/src/assignment1_rt/src/ui_node.cpp:32:31:[m[K [01;31m[Kerror: [m[Kfound â€˜[01m[K:[m[Kâ€™ in nested-name-specifier, expected â€˜[01m[K::[m[Kâ€™
[2.306s]    32 |                              x[01;31m[K:[m[K"
[2.306s]       |                               [01;31m[K^[m[K
[2.307s]       |                               [32m[K::[m[K
[2.307s] [01m[K/home/luchino/RT_first_assignment/src/assignment1_rt/src/ui_node.cpp:32:30:[m[K [01;31m[Kerror: [m[Kâ€˜[01m[Kx[m[Kâ€™ has not been declared
[2.307s]    32 |                              [01;31m[Kx[m[K:"
[2.307s]       |                              [01;31m[K^[m[K
[2.307s] [01m[K/home/luchino/RT_first_assignment/src/assignment1_rt/src/ui_node.cpp:35:17:[m[K [01;31m[Kerror: [m[Kexpected â€˜[01m[K;[m[Kâ€™ before â€˜[01m[Kstd[m[Kâ€™
[2.307s]    35 |                 [01;31m[Kstd[m[K::cin >> vel_input.angular.y;
[2.307s]       |                 [01;31m[K^~~[m[K
[2.307s] [01m[K/home/luchino/RT_first_assignment/src/assignment1_rt/src/ui_node.cpp:37:17:[m[K [01;31m[Kerror: [m[Kexpected â€˜[01m[K;[m[Kâ€™ before â€˜[01m[Kstd[m[Kâ€™
[2.307s]    37 |                 [01;31m[Kstd[m[K::cin >> vel_input.angular.z;
[2.307s]       |                 [01;31m[K^~~[m[K
[2.307s] [01m[K/home/luchino/RT_first_assignment/src/assignment1_rt/src/ui_node.cpp:[m[K In member function â€˜[01m[Kvoid Input_Controller::[01;32m[Ktimer_callback[m[K()[m[Kâ€™:
[2.308s] [01m[K/home/luchino/RT_first_assignment/src/assignment1_rt/src/ui_node.cpp:54:13:[m[K [01;31m[Kerror: [m[Kâ€˜[01m[Kdistance[m[Kâ€™ was not declared in this scope; did you mean â€˜[01m[Kstd::distance[m[Kâ€™?
[2.308s]    54 |             [01;31m[Kdistance[m[K = sqrt((pos_t2.x-pos_t1.x)^2 + (pos_t2.y-pos_t1.y)^2);
[2.308s]       |             [01;31m[K^~~~~~~~[m[K
[2.308s]       |             [32m[Kstd::distance[m[K
[2.308s] In file included from [01m[K/usr/include/c++/13/bits/stl_construct.h:62[m[K,
[2.308s]                  from [01m[K/usr/include/c++/13/bits/stl_tempbuf.h:61[m[K,
[2.308s]                  from [01m[K/usr/include/c++/13/memory:66[m[K,
[2.308s]                  from [01m[K/opt/ros/jazzy/include/rclcpp/rclcpp/rclcpp.hpp:169[m[K,
[2.308s]                  from [01m[K/home/luchino/RT_first_assignment/src/assignment1_rt/src/ui_node.cpp:1[m[K:
[2.308s] [01m[K/usr/include/c++/13/bits/stl_iterator_base_funcs.h:148:5:[m[K [01;36m[Knote: [m[Kâ€˜[01m[Kstd::distance[m[Kâ€™ declared here
[2.308s]   148 |     [01;36m[Kdistance[m[K(_InputIterator __first, _InputIterator __last)
[2.308s]       |     [01;36m[K^~~~~~~~[m[K
[2.310s] [01m[K/home/luchino/RT_first_assignment/src/assignment1_rt/src/ui_node.cpp:54:30:[m[K [01;31m[Kerror: [m[Kâ€˜[01m[Kpos_t2[m[Kâ€™ was not declared in this scope; did you mean â€˜[01m[Kfpos_t[m[Kâ€™?
[2.311s]    54 |             distance = sqrt(([01;31m[Kpos_t2[m[K.x-pos_t1.x)^2 + (pos_t2.y-pos_t1.y)^2);
[2.311s]       |                              [01;31m[K^~~~~~[m[K
[2.311s]       |                              [32m[Kfpos_t[m[K
[2.315s] [01m[K/home/luchino/RT_first_assignment/src/assignment1_rt/src/ui_node.cpp:54:39:[m[K [01;31m[Kerror: [m[Kâ€˜[01m[Kpos_t1[m[Kâ€™ was not declared in this scope; did you mean â€˜[01m[Kfpos_t[m[Kâ€™?
[2.315s]    54 |             distance = sqrt((pos_t2.x-[01;31m[Kpos_t1[m[K.x)^2 + (pos_t2.y-pos_t1.y)^2);
[2.315s]       |                                       [01;31m[K^~~~~~[m[K
[2.316s]       |                                       [32m[Kfpos_t[m[K
[2.322s] [01m[K/home/luchino/RT_first_assignment/src/assignment1_rt/src/ui_node.cpp:55:13:[m[K [01;31m[Kerror: [m[Kâ€˜[01m[Kpublisher_[m[Kâ€™ was not declared in this scope; did you mean â€˜[01m[Kt1_publisher_[m[Kâ€™?
[2.322s]    55 |             [01;31m[Kpublisher_[m[K->publish(distance);
[2.322s]       |             [01;31m[K^~~~~~~~~~[m[K
[2.322s]       |             [32m[Kt1_publisher_[m[K
[3.319s] gmake[2]: *** [CMakeFiles/ui.dir/build.make:76: CMakeFiles/ui.dir/src/ui_node.cpp.o] Error 1
[3.319s] gmake[1]: *** [CMakeFiles/Makefile2:139: CMakeFiles/ui.dir/all] Error 2
[3.319s] gmake: *** [Makefile:146: all] Error 2
[3.322s] Invoked command in '/home/luchino/RT_first_assignment/build/assignment1_rt' returned '2': CMAKE_PREFIX_PATH=${CMAKE_PREFIX_PATH}:/home/luchino/ros_ws/install/first_package_py:/opt/ros/jazzy /usr/bin/cmake --build /home/luchino/RT_first_assignment/build/assignment1_rt -- -j8 -l8
