[0.011s] Invoking command in '/home/luchino/RT_first_assignment/build/assignment1_rt': CMAKE_PREFIX_PATH=${CMAKE_PREFIX_PATH}:/home/luchino/ros_ws/install/first_package_py:/opt/ros/jazzy /usr/bin/cmake --build /home/luchino/RT_first_assignment/build/assignment1_rt -- -j8 -l8
[0.067s] [ 25%] [32mBuilding CXX object CMakeFiles/ui.dir/src/ui_node.cpp.o[0m
[0.069s] [ 50%] [32mBuilding CXX object CMakeFiles/distance.dir/src/distance_node.cpp.o[0m
[2.689s] [01m[K/home/luchino/RT_first_assignment/src/assignment1_rt/src/ui_node.cpp:57:50:[m[K [01;35m[Kwarning: [m[KISO C++ does not allow GNU designated initializers [[01;35m[K]8;;https://gcc.gnu.org/onlinedocs/gcc/Warning-Options.html#index-Wpedantic-Wpedantic]8;;[m[K]
[2.689s]    57 |         geometry_msgs::msg::Twist stop_turtle = {[01;35m[Klinear[m[K:{0.0, 0.0, 0.0},angular:{0.0, 0.0, 0.0}};
[2.689s]       |                                                  [01;35m[K^~~~~~[m[K
[2.689s] [01m[K/home/luchino/RT_first_assignment/src/assignment1_rt/src/ui_node.cpp:57:73:[m[K [01;35m[Kwarning: [m[KISO C++ does not allow GNU designated initializers [[01;35m[K]8;;https://gcc.gnu.org/onlinedocs/gcc/Warning-Options.html#index-Wpedantic-Wpedantic]8;;[m[K]
[2.689s]    57 |         geometry_msgs::msg::Twist stop_turtle = {linear:{0.0, 0.0, 0.0},[01;35m[Kangular[m[K:{0.0, 0.0, 0.0}};
[2.689s]       |                                                                         [01;35m[K^~~~~~~[m[K
[2.690s] [01m[K/home/luchino/RT_first_assignment/src/assignment1_rt/src/ui_node.cpp:57:96:[m[K [01;31m[Kerror: [m[Kdesignated initializers cannot be used with a non-aggregate type â€˜[01m[Kgeometry_msgs::msg::Twist[m[Kâ€™ {aka â€˜[01m[Kgeometry_msgs::msg::Twist_<std::allocator<void> >[m[Kâ€™}
[2.690s]    57 |         geometry_msgs::msg::Twist stop_turtle = {linear:{0.0, 0.0, 0.0},angular:{0.0, 0.0, 0.0}[01;31m[K}[m[K;
[2.690s]       |                                                                                                [01;31m[K^[m[K
[2.701s] [01m[K/home/luchino/RT_first_assignment/src/assignment1_rt/src/ui_node.cpp:[m[K In member function â€˜[01m[Kvoid Input_Controller::[01;32m[Ktimer_callback[m[K()[m[Kâ€™:
[2.702s] [01m[K/home/luchino/RT_first_assignment/src/assignment1_rt/src/ui_node.cpp:49:13:[m[K [01;31m[Kerror: [m[Kâ€˜[01m[Kdistance[m[Kâ€™ was not declared in this scope; did you mean â€˜[01m[Kstd::distance[m[Kâ€™?
[2.702s]    49 |             [01;31m[Kdistance[m[K = sqrt((pos_t2.x-pos_t1.x)^2 + (pos_t2.y-pos_t1.y)^2);
[2.702s]       |             [01;31m[K^~~~~~~~[m[K
[2.702s]       |             [32m[Kstd::distance[m[K
[2.702s] In file included from [01m[K/usr/include/c++/13/bits/stl_construct.h:62[m[K,
[2.702s]                  from [01m[K/usr/include/c++/13/bits/stl_tempbuf.h:61[m[K,
[2.702s]                  from [01m[K/usr/include/c++/13/memory:66[m[K,
[2.702s]                  from [01m[K/opt/ros/jazzy/include/rclcpp/rclcpp/rclcpp.hpp:169[m[K,
[2.702s]                  from [01m[K/home/luchino/RT_first_assignment/src/assignment1_rt/src/ui_node.cpp:1[m[K:
[2.702s] [01m[K/usr/include/c++/13/bits/stl_iterator_base_funcs.h:148:5:[m[K [01;36m[Knote: [m[Kâ€˜[01m[Kstd::distance[m[Kâ€™ declared here
[2.703s]   148 |     [01;36m[Kdistance[m[K(_InputIterator __first, _InputIterator __last)
[2.703s]       |     [01;36m[K^~~~~~~~[m[K
[2.707s] [01m[K/home/luchino/RT_first_assignment/src/assignment1_rt/src/ui_node.cpp:49:30:[m[K [01;31m[Kerror: [m[Kâ€˜[01m[Kpos_t2[m[Kâ€™ was not declared in this scope; did you mean â€˜[01m[Kfpos_t[m[Kâ€™?
[2.707s]    49 |             distance = sqrt(([01;31m[Kpos_t2[m[K.x-pos_t1.x)^2 + (pos_t2.y-pos_t1.y)^2);
[2.707s]       |                              [01;31m[K^~~~~~[m[K
[2.707s]       |                              [32m[Kfpos_t[m[K
[2.712s] [01m[K/home/luchino/RT_first_assignment/src/assignment1_rt/src/ui_node.cpp:49:39:[m[K [01;31m[Kerror: [m[Kâ€˜[01m[Kpos_t1[m[Kâ€™ was not declared in this scope; did you mean â€˜[01m[Kfpos_t[m[Kâ€™?
[2.712s]    49 |             distance = sqrt((pos_t2.x-[01;31m[Kpos_t1[m[K.x)^2 + (pos_t2.y-pos_t1.y)^2);
[2.713s]       |                                       [01;31m[K^~~~~~[m[K
[2.713s]       |                                       [32m[Kfpos_t[m[K
[2.719s] [01m[K/home/luchino/RT_first_assignment/src/assignment1_rt/src/ui_node.cpp:50:13:[m[K [01;31m[Kerror: [m[Kâ€˜[01m[Kpublisher_[m[Kâ€™ was not declared in this scope; did you mean â€˜[01m[Kt1_publisher_[m[Kâ€™?
[2.719s]    50 |             [01;31m[Kpublisher_[m[K->publish(distance);
[2.719s]       |             [01;31m[K^~~~~~~~~~[m[K
[2.719s]       |             [32m[Kt1_publisher_[m[K
[2.805s] [01m[K/home/luchino/RT_first_assignment/src/assignment1_rt/src/distance_node.cpp:[m[K In constructor â€˜[01m[KDistance_Check::[01;32m[KDistance_Check[m[K()[m[Kâ€™:
[2.805s] [01m[K/home/luchino/RT_first_assignment/src/assignment1_rt/src/distance_node.cpp:11:145:[m[K [01;31m[Kerror: [m[Kâ€˜[01m[K_1[m[Kâ€™ was not declared in this scope; did you mean â€˜[01m[Kstd::placeholders::_1[m[Kâ€™?
[2.806s]    11 |             turtle1_pose_ = this->create_subscription<turtlesim::msg::Pose>("/turtle2/pose", 10, std::bind(&Distance_Check::turtle1_pose, this, [01;31m[K_1[m[K));
[2.806s]       |                                                                                                                                                 [01;31m[K^~[m[K
[2.806s]       |                                                                                                                                                 [32m[Kstd::placeholders::_1[m[K
[2.806s] In file included from [01m[K/opt/ros/jazzy/include/rclcpp/rclcpp/utilities.hpp:19[m[K,
[2.806s]                  from [01m[K/opt/ros/jazzy/include/rclcpp/rclcpp/logging.hpp:25[m[K,
[2.806s]                  from [01m[K/opt/ros/jazzy/include/rclcpp/rclcpp/copy_all_parameter_values.hpp:27[m[K,
[2.806s]                  from [01m[K/opt/ros/jazzy/include/rclcpp/rclcpp/rclcpp.hpp:171[m[K,
[2.806s]                  from [01m[K/home/luchino/RT_first_assignment/src/assignment1_rt/src/distance_node.cpp:1[m[K:
[2.806s] [01m[K/usr/include/c++/13/functional:294:48:[m[K [01;36m[Knote: [m[Kâ€˜[01m[Kstd::placeholders::_1[m[Kâ€™ declared here
[2.806s]   294 |     _GLIBCXX_PLACEHOLDER const _Placeholder<1> [01;36m[K_1[m[K;
[2.806s]       |                                                [01;36m[K^~[m[K
[2.811s] [01m[K/home/luchino/RT_first_assignment/src/assignment1_rt/src/distance_node.cpp:13:13:[m[K [01;31m[Kerror: [m[Kâ€˜[01m[Ktimer_[m[Kâ€™ was not declared in this scope; did you mean â€˜[01m[Ktimer_t[m[Kâ€™?
[2.811s]    13 |             [01;31m[Ktimer_[m[K = this->create_wall_timer(std::chrono::milliseconds(1000), std::bind(&Distance_Check::timer_callback, this));
[2.811s]       |             [01;31m[K^~~~~~[m[K
[2.811s]       |             [32m[Ktimer_t[m[K
[2.823s] [01m[K/home/luchino/RT_first_assignment/src/assignment1_rt/src/distance_node.cpp:[m[K In member function â€˜[01m[Kvoid Distance_Check::[01;32m[Ktimer_callback[m[K()[m[Kâ€™:
[2.823s] [01m[K/home/luchino/RT_first_assignment/src/assignment1_rt/src/distance_node.cpp:17:48:[m[K [01;31m[Kerror: [m[Kinvalid operands of types â€˜[01m[Kturtlesim::msg::Pose_<std::allocator<void> >::_x_type[m[Kâ€™ {aka â€˜[01m[Kfloat[m[Kâ€™} and â€˜[01m[Kturtlesim::msg::Pose_<std::allocator<void> >::_y_type[m[Kâ€™ {aka â€˜[01m[Kfloat[m[Kâ€™} to binary â€˜[01m[Koperator^[m[Kâ€™
[2.823s]    17 |             distance = sqrt([32m[K(pos_t2.x-pos_t1.x)[m[K[01;31m[K^[m[K[34m[K2 + (pos_t2.y-pos_t1.y)[m[K^2);
[2.823s]       |                             [32m[K~~~~~~~~~~~~~~~~~~~[m[K[01;31m[K^[m[K[34m[K~~~~~~~~~~~~~~~~~~~~~~~[m[K
[2.823s]       |                                      [32m[K|[m[K            [34m[K|[m[K
[2.823s]       |                                      [32m[K|[m[K            [34m[Kturtlesim::msg::Pose_<std::allocator<void> >::_y_type {aka float}[m[K
[2.823s]       |                                      [32m[Kturtlesim::msg::Pose_<std::allocator<void> >::_x_type {aka float}[m[K
[2.823s] [01m[K/home/luchino/RT_first_assignment/src/assignment1_rt/src/distance_node.cpp:17:51:[m[K [01;35m[Kwarning: [m[Ksuggest parentheses around arithmetic in operand of â€˜[01m[K^[m[Kâ€™ [[01;35m[K]8;;https://gcc.gnu.org/onlinedocs/gcc/Warning-Options.html#index-Wparentheses-Wparentheses]8;;[m[K]
[2.823s]    17 |             distance = sqrt((pos_t2.x-pos_t1.x)^[01;35m[K2 + (pos_t2.y-pos_t1.y)[m[K^2);
[2.823s]       |                                                 [01;35m[K~~^~~~~~~~~~~~~~~~~~~~~[m[K
[3.849s] gmake[2]: *** [CMakeFiles/ui.dir/build.make:76: CMakeFiles/ui.dir/src/ui_node.cpp.o] Error 1
[3.849s] gmake[1]: *** [CMakeFiles/Makefile2:139: CMakeFiles/ui.dir/all] Error 2
[3.850s] gmake[1]: *** Waiting for unfinished jobs....
[3.906s] gmake[2]: *** [CMakeFiles/distance.dir/build.make:76: CMakeFiles/distance.dir/src/distance_node.cpp.o] Error 1
[3.906s] gmake[1]: *** [CMakeFiles/Makefile2:165: CMakeFiles/distance.dir/all] Error 2
[3.906s] gmake: *** [Makefile:146: all] Error 2
[3.909s] Invoked command in '/home/luchino/RT_first_assignment/build/assignment1_rt' returned '2': CMAKE_PREFIX_PATH=${CMAKE_PREFIX_PATH}:/home/luchino/ros_ws/install/first_package_py:/opt/ros/jazzy /usr/bin/cmake --build /home/luchino/RT_first_assignment/build/assignment1_rt -- -j8 -l8
