[01m[K/home/luchino/RT_first_assignment/src/prova_rt1/src/ui_node.cpp:[m[K In member function â€˜[01m[Kvoid Input_Controller::[01;32m[Kinput_timer_callback[m[K()[m[Kâ€™:
[01m[K/home/luchino/RT_first_assignment/src/prova_rt1/src/ui_node.cpp:91:17:[m[K [01;31m[Kerror: [m[Kâ€˜[01m[Kboun[m[Kâ€™ was not declared in this scope
   91 |                 [01;31m[Kboun[m[K
      |                 [01;31m[K^~~~[m[K
gmake[2]: *** [CMakeFiles/ui.dir/build.make:76: CMakeFiles/ui.dir/src/ui_node.cpp.o] Error 1
gmake[1]: *** [CMakeFiles/Makefile2:139: CMakeFiles/ui.dir/all] Error 2
gmake: *** [Makefile:146: all] Error 2
