[01m[K/home/luchino/RT_first_assignment/src/assignment1_rt/src/ui_node.cpp:[m[K In constructor â€˜[01m[KInput_Controller::[01;32m[KInput_Controller[m[K()[m[Kâ€™:
[01m[K/home/luchino/RT_first_assignment/src/assignment1_rt/src/ui_node.cpp:20:13:[m[K [01;31m[Kerror: [m[Kexpected â€˜[01m[K;[m[Kâ€™ before â€˜[01m[Kstop_turtle[m[Kâ€™
   20 |             [01;31m[Kstop_turtle[m[K.linear.x = 0.0;
      |             [01;31m[K^~~~~~~~~~~[m[K
[01m[K/home/luchino/RT_first_assignment/src/assignment1_rt/src/ui_node.cpp:[m[K In member function â€˜[01m[Kvoid Input_Controller::[01;32m[Kinput_timer_callback[m[K()[m[Kâ€™:
[01m[K/home/luchino/RT_first_assignment/src/assignment1_rt/src/ui_node.cpp:80:21:[m[K [01;31m[Kerror: [m[Kâ€˜[01m[Kreverse_vel[m[Kâ€™ was not declared in this scope; did you mean â€˜[01m[Kreverse_timer_[m[Kâ€™?
   80 |                     [01;31m[Kreverse_vel[m[K.linear.x = -last_vel_input.linear.x;
      |                     [01;31m[K^~~~~~~~~~~[m[K
      |                     [32m[Kreverse_timer_[m[K
[01m[K/home/luchino/RT_first_assignment/src/assignment1_rt/src/ui_node.cpp:94:54:[m[K [01;31m[Kerror: [m[Kâ€˜[01m[Kreverse_movement_callback[m[Kâ€™ is not a member of â€˜[01m[KInput_Controller[m[Kâ€™
   94 |                         std::bind(&Input_Controller::[01;31m[Kreverse_movement_callback[m[K, this)
      |                                                      [01;31m[K^~~~~~~~~~~~~~~~~~~~~~~~~[m[K
gmake[2]: *** [CMakeFiles/ui.dir/build.make:76: CMakeFiles/ui.dir/src/ui_node.cpp.o] Error 1
gmake[1]: *** [CMakeFiles/Makefile2:139: CMakeFiles/ui.dir/all] Error 2
gmake[1]: *** Waiting for unfinished jobs....
gmake: *** [Makefile:146: all] Error 2
