[01m[K/home/luchino/RT_first_assignment/src/assignment1_rt/src/ui_node.cpp:52:50:[m[K [01;35m[Kwarning: [m[KISO C++ does not allow GNU designated initializers [[01;35m[K]8;;https://gcc.gnu.org/onlinedocs/gcc/Warning-Options.html#index-Wpedantic-Wpedantic]8;;[m[K]
   52 |         geometry_msgs::msg::Twist stop_turtle = {[01;35m[Klinear[m[K:{0.0, 0.0, 0.0},angular:{0.0, 0.0, 0.0}};
      |                                                  [01;35m[K^~~~~~[m[K
[01m[K/home/luchino/RT_first_assignment/src/assignment1_rt/src/ui_node.cpp:52:73:[m[K [01;35m[Kwarning: [m[KISO C++ does not allow GNU designated initializers [[01;35m[K]8;;https://gcc.gnu.org/onlinedocs/gcc/Warning-Options.html#index-Wpedantic-Wpedantic]8;;[m[K]
   52 |         geometry_msgs::msg::Twist stop_turtle = {linear:{0.0, 0.0, 0.0},[01;35m[Kangular[m[K:{0.0, 0.0, 0.0}};
      |                                                                         [01;35m[K^~~~~~~[m[K
[01m[K/home/luchino/RT_first_assignment/src/assignment1_rt/src/ui_node.cpp:52:96:[m[K [01;31m[Kerror: [m[Kdesignated initializers cannot be used with a non-aggregate type â€˜[01m[Kgeometry_msgs::msg::Twist[m[Kâ€™ {aka â€˜[01m[Kgeometry_msgs::msg::Twist_<std::allocator<void> >[m[Kâ€™}
   52 |         geometry_msgs::msg::Twist stop_turtle = {linear:{0.0, 0.0, 0.0},angular:{0.0, 0.0, 0.0}[01;31m[K}[m[K;
      |                                                                                                [01;31m[K^[m[K
[01m[K/home/luchino/RT_first_assignment/src/assignment1_rt/src/distance_node.cpp:[m[K In constructor â€˜[01m[KDistance_Check::[01;32m[KDistance_Check[m[K()[m[Kâ€™:
[01m[K/home/luchino/RT_first_assignment/src/assignment1_rt/src/distance_node.cpp:11:145:[m[K [01;31m[Kerror: [m[Kâ€˜[01m[K_1[m[Kâ€™ was not declared in this scope; did you mean â€˜[01m[Kstd::placeholders::_1[m[Kâ€™?
   11 |             turtle1_pose_ = this->create_subscription<turtlesim::msg::Pose>("/turtle2/pose", 10, std::bind(&Distance_Check::turtle1_pose, this, [01;31m[K_1[m[K));
      |                                                                                                                                                 [01;31m[K^~[m[K
      |                                                                                                                                                 [32m[Kstd::placeholders::_1[m[K
In file included from [01m[K/opt/ros/jazzy/include/rclcpp/rclcpp/utilities.hpp:19[m[K,
                 from [01m[K/opt/ros/jazzy/include/rclcpp/rclcpp/logging.hpp:25[m[K,
                 from [01m[K/opt/ros/jazzy/include/rclcpp/rclcpp/copy_all_parameter_values.hpp:27[m[K,
                 from [01m[K/opt/ros/jazzy/include/rclcpp/rclcpp/rclcpp.hpp:171[m[K,
                 from [01m[K/home/luchino/RT_first_assignment/src/assignment1_rt/src/distance_node.cpp:1[m[K:
[01m[K/usr/include/c++/13/functional:294:48:[m[K [01;36m[Knote: [m[Kâ€˜[01m[Kstd::placeholders::_1[m[Kâ€™ declared here
  294 |     _GLIBCXX_PLACEHOLDER const _Placeholder<1> [01;36m[K_1[m[K;
      |                                                [01;36m[K^~[m[K
[01m[K/home/luchino/RT_first_assignment/src/assignment1_rt/src/distance_node.cpp:13:13:[m[K [01;31m[Kerror: [m[Kâ€˜[01m[Ktimer_[m[Kâ€™ was not declared in this scope; did you mean â€˜[01m[Ktimer_t[m[Kâ€™?
   13 |             [01;31m[Ktimer_[m[K = this->create_wall_timer(std::chrono::milliseconds(1000), std::bind(&Distance_Check::timer_callback, this));
      |             [01;31m[K^~~~~~[m[K
      |             [32m[Ktimer_t[m[K
[01m[K/home/luchino/RT_first_assignment/src/assignment1_rt/src/distance_node.cpp:[m[K In member function â€˜[01m[Kvoid Distance_Check::[01;32m[Ktimer_callback[m[K()[m[Kâ€™:
[01m[K/home/luchino/RT_first_assignment/src/assignment1_rt/src/distance_node.cpp:17:48:[m[K [01;31m[Kerror: [m[Kinvalid operands of types â€˜[01m[Kturtlesim::msg::Pose_<std::allocator<void> >::_x_type[m[Kâ€™ {aka â€˜[01m[Kfloat[m[Kâ€™} and â€˜[01m[Kturtlesim::msg::Pose_<std::allocator<void> >::_y_type[m[Kâ€™ {aka â€˜[01m[Kfloat[m[Kâ€™} to binary â€˜[01m[Koperator^[m[Kâ€™
   17 |             distance = sqrt([32m[K(pos_t2.x-pos_t1.x)[m[K[01;31m[K^[m[K[34m[K2 + (pos_t2.y-pos_t1.y)[m[K^2);
      |                             [32m[K~~~~~~~~~~~~~~~~~~~[m[K[01;31m[K^[m[K[34m[K~~~~~~~~~~~~~~~~~~~~~~~[m[K
      |                                      [32m[K|[m[K            [34m[K|[m[K
      |                                      [32m[K|[m[K            [34m[Kturtlesim::msg::Pose_<std::allocator<void> >::_y_type {aka float}[m[K
      |                                      [32m[Kturtlesim::msg::Pose_<std::allocator<void> >::_x_type {aka float}[m[K
[01m[K/home/luchino/RT_first_assignment/src/assignment1_rt/src/distance_node.cpp:17:51:[m[K [01;35m[Kwarning: [m[Ksuggest parentheses around arithmetic in operand of â€˜[01m[K^[m[Kâ€™ [[01;35m[K]8;;https://gcc.gnu.org/onlinedocs/gcc/Warning-Options.html#index-Wparentheses-Wparentheses]8;;[m[K]
   17 |             distance = sqrt((pos_t2.x-pos_t1.x)^[01;35m[K2 + (pos_t2.y-pos_t1.y)[m[K^2);
      |                                                 [01;35m[K~~^~~~~~~~~~~~~~~~~~~~~[m[K
gmake[2]: *** [CMakeFiles/ui.dir/build.make:76: CMakeFiles/ui.dir/src/ui_node.cpp.o] Error 1
gmake[1]: *** [CMakeFiles/Makefile2:139: CMakeFiles/ui.dir/all] Error 2
gmake[1]: *** Waiting for unfinished jobs....
gmake[2]: *** [CMakeFiles/distance.dir/build.make:76: CMakeFiles/distance.dir/src/distance_node.cpp.o] Error 1
gmake[1]: *** [CMakeFiles/Makefile2:165: CMakeFiles/distance.dir/all] Error 2
gmake: *** [Makefile:146: all] Error 2
