[0.017s] Invoking command in '/home/luchino/RT_first_assignment/build/prova_rt1': CMAKE_PREFIX_PATH=${CMAKE_PREFIX_PATH}:/home/luchino/ros_ws/install/first_package_py:/opt/ros/jazzy /usr/bin/cmake --build /home/luchino/RT_first_assignment/build/prova_rt1 -- -j8 -l8
[0.081s] [ 50%] Built target distance
[0.081s] [ 75%] [32mBuilding CXX object CMakeFiles/ui.dir/src/ui_node.cpp.o[0m
[2.206s] [01m[K/home/luchino/RT_first_assignment/src/prova_rt1/src/ui_node.cpp:[m[K In member function â€˜[01m[Kvoid Input_Controller::[01;32m[Kinput_timer_callback[m[K()[m[Kâ€™:
[2.206s] [01m[K/home/luchino/RT_first_assignment/src/prova_rt1/src/ui_node.cpp:59:43:[m[K [01;31m[Kerror: [m[Kexpected â€˜[01m[K)[m[Kâ€™ before â€˜[01m[K![m[Kâ€™ token
[2.206s]    59 |             if(actual_distance.data > 1.0 [01;31m[K![m[Kboundaries.data){
[2.206s]       |                                           [01;31m[K^[m[K
[2.206s] [01m[K/home/luchino/RT_first_assignment/src/prova_rt1/src/ui_node.cpp:59:15:[m[K [01;36m[Knote: [m[Kto match this â€˜[01m[K([m[Kâ€™
[2.206s]    59 |             if[01;36m[K([m[Kactual_distance.data > 1.0 !boundaries.data){
[2.206s]       |               [01;36m[K^[m[K
[5.071s] gmake[2]: *** [CMakeFiles/ui.dir/build.make:76: CMakeFiles/ui.dir/src/ui_node.cpp.o] Error 1
[5.071s] gmake[1]: *** [CMakeFiles/Makefile2:139: CMakeFiles/ui.dir/all] Error 2
[5.072s] gmake: *** [Makefile:146: all] Error 2
[5.074s] Invoked command in '/home/luchino/RT_first_assignment/build/prova_rt1' returned '2': CMAKE_PREFIX_PATH=${CMAKE_PREFIX_PATH}:/home/luchino/ros_ws/install/first_package_py:/opt/ros/jazzy /usr/bin/cmake --build /home/luchino/RT_first_assignment/build/prova_rt1 -- -j8 -l8
