[0.000000] (-) TimerEvent: {}
[0.000195] (assignment1_rt) JobQueued: {'identifier': 'assignment1_rt', 'dependencies': OrderedDict()}
[0.000468] (prova_rt1) JobQueued: {'identifier': 'prova_rt1', 'dependencies': OrderedDict()}
[0.000617] (assignment1_rt) JobStarted: {'identifier': 'assignment1_rt'}
[0.004713] (prova_rt1) JobStarted: {'identifier': 'prova_rt1'}
[0.010601] (assignment1_rt) JobProgress: {'identifier': 'assignment1_rt', 'progress': 'cmake'}
[0.011538] (assignment1_rt) JobProgress: {'identifier': 'assignment1_rt', 'progress': 'build'}
[0.012665] (assignment1_rt) Command: {'cmd': ['/usr/bin/cmake', '--build', '/home/luchino/RT_first_assignment/build/assignment1_rt', '--', '-j8', '-l8'], 'cwd': '/home/luchino/RT_first_assignment/build/assignment1_rt', 'env': OrderedDict({'PYTHON_BASIC_REPL': '1', 'LESSOPEN': '| /usr/bin/lesspipe %s', 'USER': 'luchino', 'GIT_ASKPASS': '/home/luchino/.vscode-server/bin/cb1933bbc38d329b3595673a600fab5c7368f0a7/extensions/git/dist/askpass.sh', 'SHLVL': '2', 'LD_LIBRARY_PATH': '/opt/ros/jazzy/lib/x86_64-linux-gnu:/opt/ros/jazzy/lib', 'HOME': '/home/luchino', 'OLDPWD': '/home/luchino/RT_first_assignment', 'TERM_PROGRAM_VERSION': '1.106.1', 'VSCODE_IPC_HOOK_CLI': '/run/user/1000/vscode-ipc-fb168649-4305-42c4-9b6d-cabb296f2f4b.sock', 'ROS_PYTHON_VERSION': '3', 'VSCODE_GIT_ASKPASS_MAIN': '/home/luchino/.vscode-server/bin/cb1933bbc38d329b3595673a600fab5c7368f0a7/extensions/git/dist/askpass-main.js', 'VSCODE_GIT_ASKPASS_NODE': '/home/luchino/.vscode-server/bin/cb1933bbc38d329b3595673a600fab5c7368f0a7/node', 'PYDEVD_DISABLE_FILE_VALIDATION': '1', 'BUNDLED_DEBUGPY_PATH': '/home/luchino/.vscode-server/extensions/ms-python.debugpy-2025.16.0/bundled/libs/debugpy', 'VSCODE_PYTHON_AUTOACTIVATE_GUARD': '1', 'DBUS_SESSION_BUS_ADDRESS': 'unix:path=/run/user/1000/bus', 'COLORTERM': 'truecolor', 'WSL_DISTRO_NAME': 'Ubuntu-24.04', 'WAYLAND_DISPLAY': 'wayland-0', 'COLCON_PREFIX_PATH': '/home/luchino/RT_first_assignment/install:/home/luchino/ros_ws/install', 'ROS_DISTRO': 'jazzy', 'LOGNAME': 'luchino', 'NAME': 'Code', 'WSL_INTEROP': '/run/WSL/617_interop', 'PULSE_SERVER': 'unix:/mnt/wslg/PulseServer', '_': '/usr/bin/colcon', 'ROS_VERSION': '2', 'TERM': 'xterm-256color', 'PATH': '/home/luchino/.vscode-server/data/User/globalStorage/github.copilot-chat/debugCommand:/home/luchino/.vscode-server/data/User/globalStorage/github.copilot-chat/copilotCli:/home/luchino/.vscode-server/bin/cb1933bbc38d329b3595673a600fab5c7368f0a7/bin/remote-cli:/opt/ros/jazzy/bin:/usr/local/sbin:/usr/local/bin:/usr/sbin:/usr/bin:/sbin:/bin:/usr/games:/usr/local/games:/usr/lib/wsl/lib:/mnt/c/Program Files/WindowsApps/MicrosoftCorporationII.WindowsSubsystemForLinux_2.6.1.0_x64__8wekyb3d8bbwe:/mnt/c/Python312/Scripts/:/mnt/c/Python312/:/mnt/c/WINDOWS/system32:/mnt/c/WINDOWS:/mnt/c/WINDOWS/System32/Wbem:/mnt/c/WINDOWS/System32/WindowsPowerShell/v1.0/:/mnt/c/WINDOWS/System32/OpenSSH/:/mnt/c/Program Files/dotnet/:/mnt/c/Program Files/nodejs/:/mnt/c/ProgramData/chocolatey/bin:/mnt/c/Program Files/HP/HP One Agent:/mnt/c/Radiance/bin:/mnt/c/Program Files/MySQL/MySQL Server 8.0/bin:/mnt/c/Program Files/MySQL/MySQL Server 9.0/bin:/mnt/c/WINDOWS/system32:/mnt/c/WINDOWS:/mnt/c/WINDOWS/System32/Wbem:/mnt/c/WINDOWS/System32/WindowsPowerShell/v1.0/:/mnt/c/WINDOWS/System32/OpenSSH/:/mnt/c/Program Files/MATLAB/R2025b/runtime/win64:/mnt/c/Program Files/MATLAB/R2025b/bin:/mnt/c/Program Files/Git/cmd:/mnt/c/Program Files/Docker/Docker/resources/bin:/mnt/c/texlive/2024/bin/windows:/mnt/c/Users/lucaa/AppData/Local/Microsoft/WindowsApps:/mnt/c/Users/lucaa/AppData/Roaming/npm:/mnt/c/Users/lucaa/AppData/Local/Programs/MiKTeX/miktex/bin/x64/:/mnt/c/Users/lucaa/AppData/Roaming/Programs/Zero Install:/mnt/c/Users/lucaa/AppData/Local/Microsoft/WindowsApps:/mnt/c/msys64/ucrt64/bin:/mnt/c/Users/lucaa/AppData/Local/Programs/Microsoft VS Code/bin:/snap/bin:/home/luchino/.vscode-server/extensions/ms-python.debugpy-2025.16.0/bundled/scripts/noConfigScripts', 'XDG_RUNTIME_DIR': '/run/user/1000/', 'DISPLAY': ':0', 'VSCODE_DEBUGPY_ADAPTER_ENDPOINTS': '/home/luchino/.vscode-server/extensions/ms-python.debugpy-2025.16.0/.noConfigDebugAdapterEndpoints/endpoint-9a94ca708d272173.txt', 'LANG': 'en_US.UTF-8', 'PYTHONSTARTUP': '/home/luchino/.vscode-server/data/User/workspaceStorage/c8a841b907075387caedaf67b70a8506/ms-python.python/pythonrc.py', 'LS_COLORS': 'rs=0:di=01;34:ln=01;36:mh=00:pi=40;33:so=01;35:do=01;35:bd=40;33;01:cd=40;33;01:or=40;31;01:mi=00:su=37;41:sg=30;43:ca=00:tw=30;42:ow=34;42:st=37;44:ex=01;32:*.tar=01;31:*.tgz=01;31:*.arc=01;31:*.arj=01;31:*.taz=01;31:*.lha=01;31:*.lz4=01;31:*.lzh=01;31:*.lzma=01;31:*.tlz=01;31:*.txz=01;31:*.tzo=01;31:*.t7z=01;31:*.zip=01;31:*.z=01;31:*.dz=01;31:*.gz=01;31:*.lrz=01;31:*.lz=01;31:*.lzo=01;31:*.xz=01;31:*.zst=01;31:*.tzst=01;31:*.bz2=01;31:*.bz=01;31:*.tbz=01;31:*.tbz2=01;31:*.tz=01;31:*.deb=01;31:*.rpm=01;31:*.jar=01;31:*.war=01;31:*.ear=01;31:*.sar=01;31:*.rar=01;31:*.alz=01;31:*.ace=01;31:*.zoo=01;31:*.cpio=01;31:*.7z=01;31:*.rz=01;31:*.cab=01;31:*.wim=01;31:*.swm=01;31:*.dwm=01;31:*.esd=01;31:*.avif=01;35:*.jpg=01;35:*.jpeg=01;35:*.mjpg=01;35:*.mjpeg=01;35:*.gif=01;35:*.bmp=01;35:*.pbm=01;35:*.pgm=01;35:*.ppm=01;35:*.tga=01;35:*.xbm=01;35:*.xpm=01;35:*.tif=01;35:*.tiff=01;35:*.png=01;35:*.svg=01;35:*.svgz=01;35:*.mng=01;35:*.pcx=01;35:*.mov=01;35:*.mpg=01;35:*.mpeg=01;35:*.m2v=01;35:*.mkv=01;35:*.webm=01;35:*.webp=01;35:*.ogm=01;35:*.mp4=01;35:*.m4v=01;35:*.mp4v=01;35:*.vob=01;35:*.qt=01;35:*.nuv=01;35:*.wmv=01;35:*.asf=01;35:*.rm=01;35:*.rmvb=01;35:*.flc=01;35:*.avi=01;35:*.fli=01;35:*.flv=01;35:*.gl=01;35:*.dl=01;35:*.xcf=01;35:*.xwd=01;35:*.yuv=01;35:*.cgm=01;35:*.emf=01;35:*.ogv=01;35:*.ogx=01;35:*.aac=00;36:*.au=00;36:*.flac=00;36:*.m4a=00;36:*.mid=00;36:*.midi=00;36:*.mka=00;36:*.mp3=00;36:*.mpc=00;36:*.ogg=00;36:*.ra=00;36:*.wav=00;36:*.oga=00;36:*.opus=00;36:*.spx=00;36:*.xspf=00;36:*~=00;90:*#=00;90:*.bak=00;90:*.crdownload=00;90:*.dpkg-dist=00;90:*.dpkg-new=00;90:*.dpkg-old=00;90:*.dpkg-tmp=00;90:*.old=00;90:*.orig=00;90:*.part=00;90:*.rej=00;90:*.rpmnew=00;90:*.rpmorig=00;90:*.rpmsave=00;90:*.swp=00;90:*.tmp=00;90:*.ucf-dist=00;90:*.ucf-new=00;90:*.ucf-old=00;90:', 'VSCODE_GIT_IPC_HANDLE': '/run/user/1000/vscode-git-4ff4c84477.sock', 'TERM_PROGRAM': 'vscode', 'AMENT_PREFIX_PATH': '/home/luchino/RT_first_assignment/install/assignment1_rt:/home/luchino/ros_ws/install/turtlesim_controller:/home/luchino/ros_ws/install/first_package_py:/home/luchino/ros_ws/install/first_package_cpp:/opt/ros/jazzy', 'SHELL': '/bin/bash', 'LESSCLOSE': '/usr/bin/lesspipe %s %s', 'ROS_AUTOMATIC_DISCOVERY_RANGE': 'SUBNET', 'VSCODE_GIT_ASKPASS_EXTRA_ARGS': '', 'PWD': '/home/luchino/RT_first_assignment/build/assignment1_rt', 'XDG_DATA_DIRS': '/usr/local/share:/usr/share:/var/lib/snapd/desktop', 'PYTHONPATH': '/home/luchino/ros_ws/install/first_package_py/lib/python3.12/site-packages:/opt/ros/jazzy/lib/python3.12/site-packages', 'COLCON': '1', 'WSL2_GUI_APPS_ENABLED': '1', 'HOSTTYPE': 'x86_64', 'CMAKE_PREFIX_PATH': '/home/luchino/RT_first_assignment/install/assignment1_rt:/home/luchino/ros_ws/install/turtlesim_controller:/home/luchino/ros_ws/install/first_package_cpp:/home/luchino/ros_ws/install/first_package_py:/opt/ros/jazzy', 'WSLENV': 'ELECTRON_RUN_AS_NODE/w:'}), 'shell': False}
[0.017693] (prova_rt1) JobProgress: {'identifier': 'prova_rt1', 'progress': 'cmake'}
[0.019328] (prova_rt1) JobProgress: {'identifier': 'prova_rt1', 'progress': 'build'}
[0.019392] (prova_rt1) Command: {'cmd': ['/usr/bin/cmake', '--build', '/home/luchino/RT_first_assignment/build/prova_rt1', '--', '-j8', '-l8'], 'cwd': '/home/luchino/RT_first_assignment/build/prova_rt1', 'env': OrderedDict({'PYTHON_BASIC_REPL': '1', 'LESSOPEN': '| /usr/bin/lesspipe %s', 'USER': 'luchino', 'GIT_ASKPASS': '/home/luchino/.vscode-server/bin/cb1933bbc38d329b3595673a600fab5c7368f0a7/extensions/git/dist/askpass.sh', 'SHLVL': '2', 'LD_LIBRARY_PATH': '/opt/ros/jazzy/lib/x86_64-linux-gnu:/opt/ros/jazzy/lib', 'HOME': '/home/luchino', 'OLDPWD': '/home/luchino/RT_first_assignment', 'TERM_PROGRAM_VERSION': '1.106.1', 'VSCODE_IPC_HOOK_CLI': '/run/user/1000/vscode-ipc-fb168649-4305-42c4-9b6d-cabb296f2f4b.sock', 'ROS_PYTHON_VERSION': '3', 'VSCODE_GIT_ASKPASS_MAIN': '/home/luchino/.vscode-server/bin/cb1933bbc38d329b3595673a600fab5c7368f0a7/extensions/git/dist/askpass-main.js', 'VSCODE_GIT_ASKPASS_NODE': '/home/luchino/.vscode-server/bin/cb1933bbc38d329b3595673a600fab5c7368f0a7/node', 'PYDEVD_DISABLE_FILE_VALIDATION': '1', 'BUNDLED_DEBUGPY_PATH': '/home/luchino/.vscode-server/extensions/ms-python.debugpy-2025.16.0/bundled/libs/debugpy', 'VSCODE_PYTHON_AUTOACTIVATE_GUARD': '1', 'DBUS_SESSION_BUS_ADDRESS': 'unix:path=/run/user/1000/bus', 'COLORTERM': 'truecolor', 'WSL_DISTRO_NAME': 'Ubuntu-24.04', 'WAYLAND_DISPLAY': 'wayland-0', 'COLCON_PREFIX_PATH': '/home/luchino/RT_first_assignment/install:/home/luchino/ros_ws/install', 'ROS_DISTRO': 'jazzy', 'LOGNAME': 'luchino', 'NAME': 'Code', 'WSL_INTEROP': '/run/WSL/617_interop', 'PULSE_SERVER': 'unix:/mnt/wslg/PulseServer', '_': '/usr/bin/colcon', 'ROS_VERSION': '2', 'TERM': 'xterm-256color', 'PATH': '/home/luchino/.vscode-server/data/User/globalStorage/github.copilot-chat/debugCommand:/home/luchino/.vscode-server/data/User/globalStorage/github.copilot-chat/copilotCli:/home/luchino/.vscode-server/bin/cb1933bbc38d329b3595673a600fab5c7368f0a7/bin/remote-cli:/opt/ros/jazzy/bin:/usr/local/sbin:/usr/local/bin:/usr/sbin:/usr/bin:/sbin:/bin:/usr/games:/usr/local/games:/usr/lib/wsl/lib:/mnt/c/Program Files/WindowsApps/MicrosoftCorporationII.WindowsSubsystemForLinux_2.6.1.0_x64__8wekyb3d8bbwe:/mnt/c/Python312/Scripts/:/mnt/c/Python312/:/mnt/c/WINDOWS/system32:/mnt/c/WINDOWS:/mnt/c/WINDOWS/System32/Wbem:/mnt/c/WINDOWS/System32/WindowsPowerShell/v1.0/:/mnt/c/WINDOWS/System32/OpenSSH/:/mnt/c/Program Files/dotnet/:/mnt/c/Program Files/nodejs/:/mnt/c/ProgramData/chocolatey/bin:/mnt/c/Program Files/HP/HP One Agent:/mnt/c/Radiance/bin:/mnt/c/Program Files/MySQL/MySQL Server 8.0/bin:/mnt/c/Program Files/MySQL/MySQL Server 9.0/bin:/mnt/c/WINDOWS/system32:/mnt/c/WINDOWS:/mnt/c/WINDOWS/System32/Wbem:/mnt/c/WINDOWS/System32/WindowsPowerShell/v1.0/:/mnt/c/WINDOWS/System32/OpenSSH/:/mnt/c/Program Files/MATLAB/R2025b/runtime/win64:/mnt/c/Program Files/MATLAB/R2025b/bin:/mnt/c/Program Files/Git/cmd:/mnt/c/Program Files/Docker/Docker/resources/bin:/mnt/c/texlive/2024/bin/windows:/mnt/c/Users/lucaa/AppData/Local/Microsoft/WindowsApps:/mnt/c/Users/lucaa/AppData/Roaming/npm:/mnt/c/Users/lucaa/AppData/Local/Programs/MiKTeX/miktex/bin/x64/:/mnt/c/Users/lucaa/AppData/Roaming/Programs/Zero Install:/mnt/c/Users/lucaa/AppData/Local/Microsoft/WindowsApps:/mnt/c/msys64/ucrt64/bin:/mnt/c/Users/lucaa/AppData/Local/Programs/Microsoft VS Code/bin:/snap/bin:/home/luchino/.vscode-server/extensions/ms-python.debugpy-2025.16.0/bundled/scripts/noConfigScripts', 'XDG_RUNTIME_DIR': '/run/user/1000/', 'DISPLAY': ':0', 'VSCODE_DEBUGPY_ADAPTER_ENDPOINTS': '/home/luchino/.vscode-server/extensions/ms-python.debugpy-2025.16.0/.noConfigDebugAdapterEndpoints/endpoint-9a94ca708d272173.txt', 'LANG': 'en_US.UTF-8', 'PYTHONSTARTUP': '/home/luchino/.vscode-server/data/User/workspaceStorage/c8a841b907075387caedaf67b70a8506/ms-python.python/pythonrc.py', 'LS_COLORS': 'rs=0:di=01;34:ln=01;36:mh=00:pi=40;33:so=01;35:do=01;35:bd=40;33;01:cd=40;33;01:or=40;31;01:mi=00:su=37;41:sg=30;43:ca=00:tw=30;42:ow=34;42:st=37;44:ex=01;32:*.tar=01;31:*.tgz=01;31:*.arc=01;31:*.arj=01;31:*.taz=01;31:*.lha=01;31:*.lz4=01;31:*.lzh=01;31:*.lzma=01;31:*.tlz=01;31:*.txz=01;31:*.tzo=01;31:*.t7z=01;31:*.zip=01;31:*.z=01;31:*.dz=01;31:*.gz=01;31:*.lrz=01;31:*.lz=01;31:*.lzo=01;31:*.xz=01;31:*.zst=01;31:*.tzst=01;31:*.bz2=01;31:*.bz=01;31:*.tbz=01;31:*.tbz2=01;31:*.tz=01;31:*.deb=01;31:*.rpm=01;31:*.jar=01;31:*.war=01;31:*.ear=01;31:*.sar=01;31:*.rar=01;31:*.alz=01;31:*.ace=01;31:*.zoo=01;31:*.cpio=01;31:*.7z=01;31:*.rz=01;31:*.cab=01;31:*.wim=01;31:*.swm=01;31:*.dwm=01;31:*.esd=01;31:*.avif=01;35:*.jpg=01;35:*.jpeg=01;35:*.mjpg=01;35:*.mjpeg=01;35:*.gif=01;35:*.bmp=01;35:*.pbm=01;35:*.pgm=01;35:*.ppm=01;35:*.tga=01;35:*.xbm=01;35:*.xpm=01;35:*.tif=01;35:*.tiff=01;35:*.png=01;35:*.svg=01;35:*.svgz=01;35:*.mng=01;35:*.pcx=01;35:*.mov=01;35:*.mpg=01;35:*.mpeg=01;35:*.m2v=01;35:*.mkv=01;35:*.webm=01;35:*.webp=01;35:*.ogm=01;35:*.mp4=01;35:*.m4v=01;35:*.mp4v=01;35:*.vob=01;35:*.qt=01;35:*.nuv=01;35:*.wmv=01;35:*.asf=01;35:*.rm=01;35:*.rmvb=01;35:*.flc=01;35:*.avi=01;35:*.fli=01;35:*.flv=01;35:*.gl=01;35:*.dl=01;35:*.xcf=01;35:*.xwd=01;35:*.yuv=01;35:*.cgm=01;35:*.emf=01;35:*.ogv=01;35:*.ogx=01;35:*.aac=00;36:*.au=00;36:*.flac=00;36:*.m4a=00;36:*.mid=00;36:*.midi=00;36:*.mka=00;36:*.mp3=00;36:*.mpc=00;36:*.ogg=00;36:*.ra=00;36:*.wav=00;36:*.oga=00;36:*.opus=00;36:*.spx=00;36:*.xspf=00;36:*~=00;90:*#=00;90:*.bak=00;90:*.crdownload=00;90:*.dpkg-dist=00;90:*.dpkg-new=00;90:*.dpkg-old=00;90:*.dpkg-tmp=00;90:*.old=00;90:*.orig=00;90:*.part=00;90:*.rej=00;90:*.rpmnew=00;90:*.rpmorig=00;90:*.rpmsave=00;90:*.swp=00;90:*.tmp=00;90:*.ucf-dist=00;90:*.ucf-new=00;90:*.ucf-old=00;90:', 'VSCODE_GIT_IPC_HANDLE': '/run/user/1000/vscode-git-4ff4c84477.sock', 'TERM_PROGRAM': 'vscode', 'AMENT_PREFIX_PATH': '/home/luchino/RT_first_assignment/install/assignment1_rt:/home/luchino/ros_ws/install/turtlesim_controller:/home/luchino/ros_ws/install/first_package_py:/home/luchino/ros_ws/install/first_package_cpp:/opt/ros/jazzy', 'SHELL': '/bin/bash', 'LESSCLOSE': '/usr/bin/lesspipe %s %s', 'ROS_AUTOMATIC_DISCOVERY_RANGE': 'SUBNET', 'VSCODE_GIT_ASKPASS_EXTRA_ARGS': '', 'PWD': '/home/luchino/RT_first_assignment/build/prova_rt1', 'XDG_DATA_DIRS': '/usr/local/share:/usr/share:/var/lib/snapd/desktop', 'PYTHONPATH': '/home/luchino/ros_ws/install/first_package_py/lib/python3.12/site-packages:/opt/ros/jazzy/lib/python3.12/site-packages', 'COLCON': '1', 'WSL2_GUI_APPS_ENABLED': '1', 'HOSTTYPE': 'x86_64', 'CMAKE_PREFIX_PATH': '/home/luchino/RT_first_assignment/install/assignment1_rt:/home/luchino/ros_ws/install/turtlesim_controller:/home/luchino/ros_ws/install/first_package_cpp:/home/luchino/ros_ws/install/first_package_py:/opt/ros/jazzy', 'WSLENV': 'ELECTRON_RUN_AS_NODE/w:'}), 'shell': False}
[0.077136] (assignment1_rt) StdoutLine: {'line': b'[ 50%] Built target distance\n'}
[0.078042] (prova_rt1) StdoutLine: {'line': b'[ 50%] Built target distance\n'}
[0.082808] (prova_rt1) StdoutLine: {'line': b'[ 75%] \x1b[32mBuilding CXX object CMakeFiles/ui.dir/src/ui_node.cpp.o\x1b[0m\n'}
[0.087288] (assignment1_rt) StdoutLine: {'line': b'[100%] Built target ui\n'}
[0.099204] (-) TimerEvent: {}
[0.100287] (assignment1_rt) CommandEnded: {'returncode': 0}
[0.101127] (assignment1_rt) JobProgress: {'identifier': 'assignment1_rt', 'progress': 'install'}
[0.112630] (assignment1_rt) Command: {'cmd': ['/usr/bin/cmake', '--install', '/home/luchino/RT_first_assignment/build/assignment1_rt'], 'cwd': '/home/luchino/RT_first_assignment/build/assignment1_rt', 'env': OrderedDict({'PYTHON_BASIC_REPL': '1', 'LESSOPEN': '| /usr/bin/lesspipe %s', 'USER': 'luchino', 'GIT_ASKPASS': '/home/luchino/.vscode-server/bin/cb1933bbc38d329b3595673a600fab5c7368f0a7/extensions/git/dist/askpass.sh', 'SHLVL': '2', 'LD_LIBRARY_PATH': '/opt/ros/jazzy/lib/x86_64-linux-gnu:/opt/ros/jazzy/lib', 'HOME': '/home/luchino', 'OLDPWD': '/home/luchino/RT_first_assignment', 'TERM_PROGRAM_VERSION': '1.106.1', 'VSCODE_IPC_HOOK_CLI': '/run/user/1000/vscode-ipc-fb168649-4305-42c4-9b6d-cabb296f2f4b.sock', 'ROS_PYTHON_VERSION': '3', 'VSCODE_GIT_ASKPASS_MAIN': '/home/luchino/.vscode-server/bin/cb1933bbc38d329b3595673a600fab5c7368f0a7/extensions/git/dist/askpass-main.js', 'VSCODE_GIT_ASKPASS_NODE': '/home/luchino/.vscode-server/bin/cb1933bbc38d329b3595673a600fab5c7368f0a7/node', 'PYDEVD_DISABLE_FILE_VALIDATION': '1', 'BUNDLED_DEBUGPY_PATH': '/home/luchino/.vscode-server/extensions/ms-python.debugpy-2025.16.0/bundled/libs/debugpy', 'VSCODE_PYTHON_AUTOACTIVATE_GUARD': '1', 'DBUS_SESSION_BUS_ADDRESS': 'unix:path=/run/user/1000/bus', 'COLORTERM': 'truecolor', 'WSL_DISTRO_NAME': 'Ubuntu-24.04', 'WAYLAND_DISPLAY': 'wayland-0', 'COLCON_PREFIX_PATH': '/home/luchino/RT_first_assignment/install:/home/luchino/ros_ws/install', 'ROS_DISTRO': 'jazzy', 'LOGNAME': 'luchino', 'NAME': 'Code', 'WSL_INTEROP': '/run/WSL/617_interop', 'PULSE_SERVER': 'unix:/mnt/wslg/PulseServer', '_': '/usr/bin/colcon', 'ROS_VERSION': '2', 'TERM': 'xterm-256color', 'PATH': '/home/luchino/.vscode-server/data/User/globalStorage/github.copilot-chat/debugCommand:/home/luchino/.vscode-server/data/User/globalStorage/github.copilot-chat/copilotCli:/home/luchino/.vscode-server/bin/cb1933bbc38d329b3595673a600fab5c7368f0a7/bin/remote-cli:/opt/ros/jazzy/bin:/usr/local/sbin:/usr/local/bin:/usr/sbin:/usr/bin:/sbin:/bin:/usr/games:/usr/local/games:/usr/lib/wsl/lib:/mnt/c/Program Files/WindowsApps/MicrosoftCorporationII.WindowsSubsystemForLinux_2.6.1.0_x64__8wekyb3d8bbwe:/mnt/c/Python312/Scripts/:/mnt/c/Python312/:/mnt/c/WINDOWS/system32:/mnt/c/WINDOWS:/mnt/c/WINDOWS/System32/Wbem:/mnt/c/WINDOWS/System32/WindowsPowerShell/v1.0/:/mnt/c/WINDOWS/System32/OpenSSH/:/mnt/c/Program Files/dotnet/:/mnt/c/Program Files/nodejs/:/mnt/c/ProgramData/chocolatey/bin:/mnt/c/Program Files/HP/HP One Agent:/mnt/c/Radiance/bin:/mnt/c/Program Files/MySQL/MySQL Server 8.0/bin:/mnt/c/Program Files/MySQL/MySQL Server 9.0/bin:/mnt/c/WINDOWS/system32:/mnt/c/WINDOWS:/mnt/c/WINDOWS/System32/Wbem:/mnt/c/WINDOWS/System32/WindowsPowerShell/v1.0/:/mnt/c/WINDOWS/System32/OpenSSH/:/mnt/c/Program Files/MATLAB/R2025b/runtime/win64:/mnt/c/Program Files/MATLAB/R2025b/bin:/mnt/c/Program Files/Git/cmd:/mnt/c/Program Files/Docker/Docker/resources/bin:/mnt/c/texlive/2024/bin/windows:/mnt/c/Users/lucaa/AppData/Local/Microsoft/WindowsApps:/mnt/c/Users/lucaa/AppData/Roaming/npm:/mnt/c/Users/lucaa/AppData/Local/Programs/MiKTeX/miktex/bin/x64/:/mnt/c/Users/lucaa/AppData/Roaming/Programs/Zero Install:/mnt/c/Users/lucaa/AppData/Local/Microsoft/WindowsApps:/mnt/c/msys64/ucrt64/bin:/mnt/c/Users/lucaa/AppData/Local/Programs/Microsoft VS Code/bin:/snap/bin:/home/luchino/.vscode-server/extensions/ms-python.debugpy-2025.16.0/bundled/scripts/noConfigScripts', 'XDG_RUNTIME_DIR': '/run/user/1000/', 'DISPLAY': ':0', 'VSCODE_DEBUGPY_ADAPTER_ENDPOINTS': '/home/luchino/.vscode-server/extensions/ms-python.debugpy-2025.16.0/.noConfigDebugAdapterEndpoints/endpoint-9a94ca708d272173.txt', 'LANG': 'en_US.UTF-8', 'PYTHONSTARTUP': '/home/luchino/.vscode-server/data/User/workspaceStorage/c8a841b907075387caedaf67b70a8506/ms-python.python/pythonrc.py', 'LS_COLORS': 'rs=0:di=01;34:ln=01;36:mh=00:pi=40;33:so=01;35:do=01;35:bd=40;33;01:cd=40;33;01:or=40;31;01:mi=00:su=37;41:sg=30;43:ca=00:tw=30;42:ow=34;42:st=37;44:ex=01;32:*.tar=01;31:*.tgz=01;31:*.arc=01;31:*.arj=01;31:*.taz=01;31:*.lha=01;31:*.lz4=01;31:*.lzh=01;31:*.lzma=01;31:*.tlz=01;31:*.txz=01;31:*.tzo=01;31:*.t7z=01;31:*.zip=01;31:*.z=01;31:*.dz=01;31:*.gz=01;31:*.lrz=01;31:*.lz=01;31:*.lzo=01;31:*.xz=01;31:*.zst=01;31:*.tzst=01;31:*.bz2=01;31:*.bz=01;31:*.tbz=01;31:*.tbz2=01;31:*.tz=01;31:*.deb=01;31:*.rpm=01;31:*.jar=01;31:*.war=01;31:*.ear=01;31:*.sar=01;31:*.rar=01;31:*.alz=01;31:*.ace=01;31:*.zoo=01;31:*.cpio=01;31:*.7z=01;31:*.rz=01;31:*.cab=01;31:*.wim=01;31:*.swm=01;31:*.dwm=01;31:*.esd=01;31:*.avif=01;35:*.jpg=01;35:*.jpeg=01;35:*.mjpg=01;35:*.mjpeg=01;35:*.gif=01;35:*.bmp=01;35:*.pbm=01;35:*.pgm=01;35:*.ppm=01;35:*.tga=01;35:*.xbm=01;35:*.xpm=01;35:*.tif=01;35:*.tiff=01;35:*.png=01;35:*.svg=01;35:*.svgz=01;35:*.mng=01;35:*.pcx=01;35:*.mov=01;35:*.mpg=01;35:*.mpeg=01;35:*.m2v=01;35:*.mkv=01;35:*.webm=01;35:*.webp=01;35:*.ogm=01;35:*.mp4=01;35:*.m4v=01;35:*.mp4v=01;35:*.vob=01;35:*.qt=01;35:*.nuv=01;35:*.wmv=01;35:*.asf=01;35:*.rm=01;35:*.rmvb=01;35:*.flc=01;35:*.avi=01;35:*.fli=01;35:*.flv=01;35:*.gl=01;35:*.dl=01;35:*.xcf=01;35:*.xwd=01;35:*.yuv=01;35:*.cgm=01;35:*.emf=01;35:*.ogv=01;35:*.ogx=01;35:*.aac=00;36:*.au=00;36:*.flac=00;36:*.m4a=00;36:*.mid=00;36:*.midi=00;36:*.mka=00;36:*.mp3=00;36:*.mpc=00;36:*.ogg=00;36:*.ra=00;36:*.wav=00;36:*.oga=00;36:*.opus=00;36:*.spx=00;36:*.xspf=00;36:*~=00;90:*#=00;90:*.bak=00;90:*.crdownload=00;90:*.dpkg-dist=00;90:*.dpkg-new=00;90:*.dpkg-old=00;90:*.dpkg-tmp=00;90:*.old=00;90:*.orig=00;90:*.part=00;90:*.rej=00;90:*.rpmnew=00;90:*.rpmorig=00;90:*.rpmsave=00;90:*.swp=00;90:*.tmp=00;90:*.ucf-dist=00;90:*.ucf-new=00;90:*.ucf-old=00;90:', 'VSCODE_GIT_IPC_HANDLE': '/run/user/1000/vscode-git-4ff4c84477.sock', 'TERM_PROGRAM': 'vscode', 'AMENT_PREFIX_PATH': '/home/luchino/RT_first_assignment/install/assignment1_rt:/home/luchino/ros_ws/install/turtlesim_controller:/home/luchino/ros_ws/install/first_package_py:/home/luchino/ros_ws/install/first_package_cpp:/opt/ros/jazzy', 'SHELL': '/bin/bash', 'LESSCLOSE': '/usr/bin/lesspipe %s %s', 'ROS_AUTOMATIC_DISCOVERY_RANGE': 'SUBNET', 'VSCODE_GIT_ASKPASS_EXTRA_ARGS': '', 'PWD': '/home/luchino/RT_first_assignment/build/assignment1_rt', 'XDG_DATA_DIRS': '/usr/local/share:/usr/share:/var/lib/snapd/desktop', 'PYTHONPATH': '/home/luchino/ros_ws/install/first_package_py/lib/python3.12/site-packages:/opt/ros/jazzy/lib/python3.12/site-packages', 'COLCON': '1', 'WSL2_GUI_APPS_ENABLED': '1', 'HOSTTYPE': 'x86_64', 'CMAKE_PREFIX_PATH': '/home/luchino/RT_first_assignment/install/assignment1_rt:/home/luchino/ros_ws/install/turtlesim_controller:/home/luchino/ros_ws/install/first_package_cpp:/home/luchino/ros_ws/install/first_package_py:/opt/ros/jazzy', 'WSLENV': 'ELECTRON_RUN_AS_NODE/w:'}), 'shell': False}
[0.120907] (assignment1_rt) StdoutLine: {'line': b'-- Install configuration: ""\n'}
[0.121388] (assignment1_rt) StdoutLine: {'line': b'-- Up-to-date: /home/luchino/RT_first_assignment/install/assignment1_rt/lib/assignment1_rt/ui\n'}
[0.122014] (assignment1_rt) StdoutLine: {'line': b'-- Up-to-date: /home/luchino/RT_first_assignment/install/assignment1_rt/lib/assignment1_rt/distance\n'}
[0.122331] (assignment1_rt) StdoutLine: {'line': b'-- Up-to-date: /home/luchino/RT_first_assignment/install/assignment1_rt/lib/assignment1_rt/turtle_spawn.py\n'}
[0.122482] (assignment1_rt) StdoutLine: {'line': b'-- Up-to-date: /home/luchino/RT_first_assignment/install/assignment1_rt/share/ament_index/resource_index/package_run_dependencies/assignment1_rt\n'}
[0.122627] (assignment1_rt) StdoutLine: {'line': b'-- Up-to-date: /home/luchino/RT_first_assignment/install/assignment1_rt/share/ament_index/resource_index/parent_prefix_path/assignment1_rt\n'}
[0.122909] (assignment1_rt) StdoutLine: {'line': b'-- Up-to-date: /home/luchino/RT_first_assignment/install/assignment1_rt/share/assignment1_rt/environment/ament_prefix_path.sh\n'}
[0.123124] (assignment1_rt) StdoutLine: {'line': b'-- Up-to-date: /home/luchino/RT_first_assignment/install/assignment1_rt/share/assignment1_rt/environment/ament_prefix_path.dsv\n'}
[0.123267] (assignment1_rt) StdoutLine: {'line': b'-- Up-to-date: /home/luchino/RT_first_assignment/install/assignment1_rt/share/assignment1_rt/environment/path.sh\n'}
[0.123433] (assignment1_rt) StdoutLine: {'line': b'-- Up-to-date: /home/luchino/RT_first_assignment/install/assignment1_rt/share/assignment1_rt/environment/path.dsv\n'}
[0.123645] (assignment1_rt) StdoutLine: {'line': b'-- Up-to-date: /home/luchino/RT_first_assignment/install/assignment1_rt/share/assignment1_rt/local_setup.bash\n'}
[0.123963] (assignment1_rt) StdoutLine: {'line': b'-- Up-to-date: /home/luchino/RT_first_assignment/install/assignment1_rt/share/assignment1_rt/local_setup.sh\n'}
[0.124129] (assignment1_rt) StdoutLine: {'line': b'-- Up-to-date: /home/luchino/RT_first_assignment/install/assignment1_rt/share/assignment1_rt/local_setup.zsh\n'}
[0.124265] (assignment1_rt) StdoutLine: {'line': b'-- Up-to-date: /home/luchino/RT_first_assignment/install/assignment1_rt/share/assignment1_rt/local_setup.dsv\n'}
[0.124393] (assignment1_rt) StdoutLine: {'line': b'-- Installing: /home/luchino/RT_first_assignment/install/assignment1_rt/share/assignment1_rt/package.dsv\n'}
[0.124501] (assignment1_rt) StdoutLine: {'line': b'-- Up-to-date: /home/luchino/RT_first_assignment/install/assignment1_rt/share/ament_index/resource_index/packages/assignment1_rt\n'}
[0.124607] (assignment1_rt) StdoutLine: {'line': b'-- Up-to-date: /home/luchino/RT_first_assignment/install/assignment1_rt/share/assignment1_rt/cmake/assignment1_rtConfig.cmake\n'}
[0.124707] (assignment1_rt) StdoutLine: {'line': b'-- Up-to-date: /home/luchino/RT_first_assignment/install/assignment1_rt/share/assignment1_rt/cmake/assignment1_rtConfig-version.cmake\n'}
[0.124815] (assignment1_rt) StdoutLine: {'line': b'-- Up-to-date: /home/luchino/RT_first_assignment/install/assignment1_rt/share/assignment1_rt/package.xml\n'}
[0.126664] (assignment1_rt) CommandEnded: {'returncode': 0}
[0.146608] (assignment1_rt) JobEnded: {'identifier': 'assignment1_rt', 'rc': 0}
[0.199519] (-) TimerEvent: {}
[0.300138] (-) TimerEvent: {}
[0.400649] (-) TimerEvent: {}
[0.501020] (-) TimerEvent: {}
[0.601398] (-) TimerEvent: {}
[0.701985] (-) TimerEvent: {}
[0.802810] (-) TimerEvent: {}
[0.903260] (-) TimerEvent: {}
[1.003682] (-) TimerEvent: {}
[1.104382] (-) TimerEvent: {}
[1.205041] (-) TimerEvent: {}
[1.305526] (-) TimerEvent: {}
[1.406134] (-) TimerEvent: {}
[1.506643] (-) TimerEvent: {}
[1.607079] (-) TimerEvent: {}
[1.707641] (-) TimerEvent: {}
[1.808134] (-) TimerEvent: {}
[1.908609] (-) TimerEvent: {}
[2.009212] (-) TimerEvent: {}
[2.109785] (-) TimerEvent: {}
[2.210246] (-) TimerEvent: {}
[2.310726] (-) TimerEvent: {}
[2.403226] (prova_rt1) StderrLine: {'line': b'\x1b[01m\x1b[K/home/luchino/RT_first_assignment/src/prova_rt1/src/ui_node.cpp:\x1b[m\x1b[K In constructor \xe2\x80\x98\x1b[01m\x1b[KInput_Controller::\x1b[01;32m\x1b[KInput_Controller\x1b[m\x1b[K()\x1b[m\x1b[K\xe2\x80\x99:\n'}
[2.403462] (prova_rt1) StderrLine: {'line': b'\x1b[01m\x1b[K/home/luchino/RT_first_assignment/src/prova_rt1/src/ui_node.cpp:12:13:\x1b[m\x1b[K \x1b[01;31m\x1b[Kerror: \x1b[m\x1b[K\xe2\x80\x98\x1b[01m\x1b[Kt1_publisher_\x1b[m\x1b[K\xe2\x80\x99 was not declared in this scope; did you mean \xe2\x80\x98\x1b[01m\x1b[Krmw_publisher_t\x1b[m\x1b[K\xe2\x80\x99?\n'}
[2.403526] (prova_rt1) StderrLine: {'line': b'   12 |             \x1b[01;31m\x1b[Kt1_publisher_\x1b[m\x1b[K = this->create_publisher<geometry_msgs::msg::Twist>("/turtle1/cmd_vel", 10);\n'}
[2.403591] (prova_rt1) StderrLine: {'line': b'      |             \x1b[01;31m\x1b[K^~~~~~~~~~~~~\x1b[m\x1b[K\n'}
[2.403655] (prova_rt1) StderrLine: {'line': b'      |             \x1b[32m\x1b[Krmw_publisher_t\x1b[m\x1b[K\n'}
[2.410920] (-) TimerEvent: {}
[2.412404] (prova_rt1) StderrLine: {'line': b'\x1b[01m\x1b[K/home/luchino/RT_first_assignment/src/prova_rt1/src/ui_node.cpp:13:13:\x1b[m\x1b[K \x1b[01;31m\x1b[Kerror: \x1b[m\x1b[K\xe2\x80\x98\x1b[01m\x1b[Kt2_publisher_\x1b[m\x1b[K\xe2\x80\x99 was not declared in this scope; did you mean \xe2\x80\x98\x1b[01m\x1b[Krmw_publisher_t\x1b[m\x1b[K\xe2\x80\x99?\n'}
[2.412633] (prova_rt1) StderrLine: {'line': b'   13 |             \x1b[01;31m\x1b[Kt2_publisher_\x1b[m\x1b[K = this->create_publisher<geometry_msgs::msg::Twist>("/turtle2/cmd_vel", 10);\n'}
[2.412693] (prova_rt1) StderrLine: {'line': b'      |             \x1b[01;31m\x1b[K^~~~~~~~~~~~~\x1b[m\x1b[K\n'}
[2.412744] (prova_rt1) StderrLine: {'line': b'      |             \x1b[32m\x1b[Krmw_publisher_t\x1b[m\x1b[K\n'}
[2.420929] (prova_rt1) StderrLine: {'line': b'\x1b[01m\x1b[K/home/luchino/RT_first_assignment/src/prova_rt1/src/ui_node.cpp:14:13:\x1b[m\x1b[K \x1b[01;31m\x1b[Kerror: \x1b[m\x1b[K\xe2\x80\x98\x1b[01m\x1b[Kdistance_sub_\x1b[m\x1b[K\xe2\x80\x99 was not declared in this scope\n'}
[2.421151] (prova_rt1) StderrLine: {'line': b'   14 |             \x1b[01;31m\x1b[Kdistance_sub_\x1b[m\x1b[K = nullptr;\n'}
[2.421205] (prova_rt1) StderrLine: {'line': b'      |             \x1b[01;31m\x1b[K^~~~~~~~~~~~~\x1b[m\x1b[K\n'}
[2.429471] (prova_rt1) StderrLine: {'line': b'\x1b[01m\x1b[K/home/luchino/RT_first_assignment/src/prova_rt1/src/ui_node.cpp:15:13:\x1b[m\x1b[K \x1b[01;31m\x1b[Kerror: \x1b[m\x1b[K\xe2\x80\x98\x1b[01m\x1b[Kboundaries_sub_\x1b[m\x1b[K\xe2\x80\x99 was not declared in this scope\n'}
[2.429739] (prova_rt1) StderrLine: {'line': b'   15 |             \x1b[01;31m\x1b[Kboundaries_sub_\x1b[m\x1b[K = nullptr;\n'}
[2.429843] (prova_rt1) StderrLine: {'line': b'      |             \x1b[01;31m\x1b[K^~~~~~~~~~~~~~~\x1b[m\x1b[K\n'}
[2.437106] (prova_rt1) StderrLine: {'line': b'\x1b[01m\x1b[K/home/luchino/RT_first_assignment/src/prova_rt1/src/ui_node.cpp:16:13:\x1b[m\x1b[K \x1b[01;31m\x1b[Kerror: \x1b[m\x1b[K\xe2\x80\x98\x1b[01m\x1b[Kinput_timer_\x1b[m\x1b[K\xe2\x80\x99 was not declared in this scope\n'}
[2.437389] (prova_rt1) StderrLine: {'line': b'   16 |             \x1b[01;31m\x1b[Kinput_timer_\x1b[m\x1b[K = this->create_wall_timer(std::chrono::milliseconds(1000), std::bind(&Input_Controller::input_timer_callback, this));\n'}
[2.437531] (prova_rt1) StderrLine: {'line': b'      |             \x1b[01;31m\x1b[K^~~~~~~~~~~~\x1b[m\x1b[K\n'}
[2.455189] (prova_rt1) StderrLine: {'line': b'\x1b[01m\x1b[K/home/luchino/RT_first_assignment/src/prova_rt1/src/ui_node.cpp:17:13:\x1b[m\x1b[K \x1b[01;31m\x1b[Kerror: \x1b[m\x1b[K\xe2\x80\x98\x1b[01m\x1b[Kstop_timer_\x1b[m\x1b[K\xe2\x80\x99 was not declared in this scope\n'}
[2.455569] (prova_rt1) StderrLine: {'line': b'   17 |             \x1b[01;31m\x1b[Kstop_timer_\x1b[m\x1b[K = nullptr;\n'}
[2.455680] (prova_rt1) StderrLine: {'line': b'      |             \x1b[01;31m\x1b[K^~~~~~~~~~~\x1b[m\x1b[K\n'}
[2.462270] (prova_rt1) StderrLine: {'line': b'\x1b[01m\x1b[K/home/luchino/RT_first_assignment/src/prova_rt1/src/ui_node.cpp:19:13:\x1b[m\x1b[K \x1b[01;31m\x1b[Kerror: \x1b[m\x1b[K\xe2\x80\x98\x1b[01m\x1b[Kstop_turtle\x1b[m\x1b[K\xe2\x80\x99 was not declared in this scope\n'}
[2.462442] (prova_rt1) StderrLine: {'line': b'   19 |             \x1b[01;31m\x1b[Kstop_turtle\x1b[m\x1b[K.linear.x = 0.0;\n'}
[2.462494] (prova_rt1) StderrLine: {'line': b'      |             \x1b[01;31m\x1b[K^~~~~~~~~~~\x1b[m\x1b[K\n'}
[2.469715] (prova_rt1) StderrLine: {'line': b'\x1b[01m\x1b[K/home/luchino/RT_first_assignment/src/prova_rt1/src/ui_node.cpp:27:13:\x1b[m\x1b[K \x1b[01;31m\x1b[Kerror: \x1b[m\x1b[K\xe2\x80\x98\x1b[01m\x1b[Kactual_distance\x1b[m\x1b[K\xe2\x80\x99 was not declared in this scope; did you mean \xe2\x80\x98\x1b[01m\x1b[Kcheck_distance\x1b[m\x1b[K\xe2\x80\x99?\n'}
[2.469951] (prova_rt1) StderrLine: {'line': b'   27 |             \x1b[01;31m\x1b[Kactual_distance\x1b[m\x1b[K.data =11.0;\n'}
[2.470015] (prova_rt1) StderrLine: {'line': b'      |             \x1b[01;31m\x1b[K^~~~~~~~~~~~~~~\x1b[m\x1b[K\n'}
[2.470065] (prova_rt1) StderrLine: {'line': b'      |             \x1b[32m\x1b[Kcheck_distance\x1b[m\x1b[K\n'}
[2.475869] (prova_rt1) StderrLine: {'line': b'\x1b[01m\x1b[K/home/luchino/RT_first_assignment/src/prova_rt1/src/ui_node.cpp:29:13:\x1b[m\x1b[K \x1b[01;31m\x1b[Kerror: \x1b[m\x1b[K\xe2\x80\x98\x1b[01m\x1b[Kboundaries\x1b[m\x1b[K\xe2\x80\x99 was not declared in this scope\n'}
[2.476098] (prova_rt1) StderrLine: {'line': b'   29 |             \x1b[01;31m\x1b[Kboundaries\x1b[m\x1b[K.data = false;\n'}
[2.476158] (prova_rt1) StderrLine: {'line': b'      |             \x1b[01;31m\x1b[K^~~~~~~~~~\x1b[m\x1b[K\n'}
[2.483502] (prova_rt1) StderrLine: {'line': b'\x1b[01m\x1b[K/home/luchino/RT_first_assignment/src/prova_rt1/src/ui_node.cpp:31:13:\x1b[m\x1b[K \x1b[01;31m\x1b[Kerror: \x1b[m\x1b[K\xe2\x80\x98\x1b[01m\x1b[Kmoving_turtle_\x1b[m\x1b[K\xe2\x80\x99 was not declared in this scope\n'}
[2.483802] (prova_rt1) StderrLine: {'line': b'   31 |             \x1b[01;31m\x1b[Kmoving_turtle_\x1b[m\x1b[K = 0;\n'}
[2.483899] (prova_rt1) StderrLine: {'line': b'      |             \x1b[01;31m\x1b[K^~~~~~~~~~~~~~\x1b[m\x1b[K\n'}
[2.493793] (prova_rt1) StderrLine: {'line': b'\x1b[01m\x1b[K/home/luchino/RT_first_assignment/src/prova_rt1/src/ui_node.cpp:\x1b[m\x1b[K In member function \xe2\x80\x98\x1b[01m\x1b[Kvoid Input_Controller::\x1b[01;32m\x1b[Kcheck_distance\x1b[m\x1b[K(std_msgs::msg::Float32_<std::allocator<void> >::SharedPtr)\x1b[m\x1b[K\xe2\x80\x99:\n'}
[2.494024] (prova_rt1) StderrLine: {'line': b'\x1b[01m\x1b[K/home/luchino/RT_first_assignment/src/prova_rt1/src/ui_node.cpp:38:13:\x1b[m\x1b[K \x1b[01;31m\x1b[Kerror: \x1b[m\x1b[K\xe2\x80\x98\x1b[01m\x1b[Kactual_distance\x1b[m\x1b[K\xe2\x80\x99 was not declared in this scope; did you mean \xe2\x80\x98\x1b[01m\x1b[Kcheck_distance\x1b[m\x1b[K\xe2\x80\x99?\n'}
[2.494104] (prova_rt1) StderrLine: {'line': b'   38 |             \x1b[01;31m\x1b[Kactual_distance\x1b[m\x1b[K.data = msg->data;\n'}
[2.494172] (prova_rt1) StderrLine: {'line': b'      |             \x1b[01;31m\x1b[K^~~~~~~~~~~~~~~\x1b[m\x1b[K\n'}
[2.494233] (prova_rt1) StderrLine: {'line': b'      |             \x1b[32m\x1b[Kcheck_distance\x1b[m\x1b[K\n'}
[2.501767] (prova_rt1) StderrLine: {'line': b'\x1b[01m\x1b[K/home/luchino/RT_first_assignment/src/prova_rt1/src/ui_node.cpp:39:13:\x1b[m\x1b[K \x1b[01;31m\x1b[Kerror: \x1b[m\x1b[K\xe2\x80\x98\x1b[01m\x1b[Kdistance_sub_\x1b[m\x1b[K\xe2\x80\x99 was not declared in this scope\n'}
[2.502062] (prova_rt1) StderrLine: {'line': b'   39 |             \x1b[01;31m\x1b[Kdistance_sub_\x1b[m\x1b[K ->cancel();\n'}
[2.502135] (prova_rt1) StderrLine: {'line': b'      |             \x1b[01;31m\x1b[K^~~~~~~~~~~~~\x1b[m\x1b[K\n'}
[2.510191] (prova_rt1) StderrLine: {'line': b'\x1b[01m\x1b[K/home/luchino/RT_first_assignment/src/prova_rt1/src/ui_node.cpp:\x1b[m\x1b[K In member function \xe2\x80\x98\x1b[01m\x1b[Kvoid Input_Controller::\x1b[01;32m\x1b[Kcheck_boundaries\x1b[m\x1b[K(std_msgs::msg::Bool_<std::allocator<void> >::SharedPtr)\x1b[m\x1b[K\xe2\x80\x99:\n'}
[2.510453] (prova_rt1) StderrLine: {'line': b'\x1b[01m\x1b[K/home/luchino/RT_first_assignment/src/prova_rt1/src/ui_node.cpp:47:13:\x1b[m\x1b[K \x1b[01;31m\x1b[Kerror: \x1b[m\x1b[K\xe2\x80\x98\x1b[01m\x1b[Kboundaries\x1b[m\x1b[K\xe2\x80\x99 was not declared in this scope\n'}
[2.510567] (prova_rt1) StderrLine: {'line': b'   47 |             \x1b[01;31m\x1b[Kboundaries\x1b[m\x1b[K.data = msg->data;\n'}
[2.510639] (prova_rt1) StderrLine: {'line': b'      |             \x1b[01;31m\x1b[K^~~~~~~~~~\x1b[m\x1b[K\n'}
[2.511078] (-) TimerEvent: {}
[2.518433] (prova_rt1) StderrLine: {'line': b'\x1b[01m\x1b[K/home/luchino/RT_first_assignment/src/prova_rt1/src/ui_node.cpp:48:13:\x1b[m\x1b[K \x1b[01;31m\x1b[Kerror: \x1b[m\x1b[K\xe2\x80\x98\x1b[01m\x1b[Kboundaries_sub_\x1b[m\x1b[K\xe2\x80\x99 was not declared in this scope\n'}
[2.518706] (prova_rt1) StderrLine: {'line': b'   48 |             \x1b[01;31m\x1b[Kboundaries_sub_\x1b[m\x1b[K ->cancel();\n'}
[2.518809] (prova_rt1) StderrLine: {'line': b'      |             \x1b[01;31m\x1b[K^~~~~~~~~~~~~~~\x1b[m\x1b[K\n'}
[2.527534] (prova_rt1) StderrLine: {'line': b'\x1b[01m\x1b[K/home/luchino/RT_first_assignment/src/prova_rt1/src/ui_node.cpp:\x1b[m\x1b[K In member function \xe2\x80\x98\x1b[01m\x1b[Kvoid Input_Controller::\x1b[01;32m\x1b[Kstop_timer_callback\x1b[m\x1b[K()\x1b[m\x1b[K\xe2\x80\x99:\n'}
[2.527812] (prova_rt1) StderrLine: {'line': b'\x1b[01m\x1b[K/home/luchino/RT_first_assignment/src/prova_rt1/src/ui_node.cpp:56:16:\x1b[m\x1b[K \x1b[01;31m\x1b[Kerror: \x1b[m\x1b[K\xe2\x80\x98\x1b[01m\x1b[Kmoving_turtle_\x1b[m\x1b[K\xe2\x80\x99 was not declared in this scope\n'}
[2.527907] (prova_rt1) StderrLine: {'line': b'   56 |             if(\x1b[01;31m\x1b[Kmoving_turtle_\x1b[m\x1b[K == 1){\n'}
[2.527964] (prova_rt1) StderrLine: {'line': b'      |                \x1b[01;31m\x1b[K^~~~~~~~~~~~~~\x1b[m\x1b[K\n'}
[2.534404] (prova_rt1) StderrLine: {'line': b'\x1b[01m\x1b[K/home/luchino/RT_first_assignment/src/prova_rt1/src/ui_node.cpp:57:17:\x1b[m\x1b[K \x1b[01;31m\x1b[Kerror: \x1b[m\x1b[K\xe2\x80\x98\x1b[01m\x1b[Kt1_publisher_\x1b[m\x1b[K\xe2\x80\x99 was not declared in this scope; did you mean \xe2\x80\x98\x1b[01m\x1b[Krmw_publisher_t\x1b[m\x1b[K\xe2\x80\x99?\n'}
[2.534656] (prova_rt1) StderrLine: {'line': b'   57 |                 \x1b[01;31m\x1b[Kt1_publisher_\x1b[m\x1b[K->publish(stop_turtle);\n'}
[2.534730] (prova_rt1) StderrLine: {'line': b'      |                 \x1b[01;31m\x1b[K^~~~~~~~~~~~~\x1b[m\x1b[K\n'}
[2.534791] (prova_rt1) StderrLine: {'line': b'      |                 \x1b[32m\x1b[Krmw_publisher_t\x1b[m\x1b[K\n'}
[2.541649] (prova_rt1) StderrLine: {'line': b'\x1b[01m\x1b[K/home/luchino/RT_first_assignment/src/prova_rt1/src/ui_node.cpp:57:40:\x1b[m\x1b[K \x1b[01;31m\x1b[Kerror: \x1b[m\x1b[K\xe2\x80\x98\x1b[01m\x1b[Kstop_turtle\x1b[m\x1b[K\xe2\x80\x99 was not declared in this scope\n'}
[2.541857] (prova_rt1) StderrLine: {'line': b'   57 |                 t1_publisher_->publish(\x1b[01;31m\x1b[Kstop_turtle\x1b[m\x1b[K);\n'}
[2.541939] (prova_rt1) StderrLine: {'line': b'      |                                        \x1b[01;31m\x1b[K^~~~~~~~~~~\x1b[m\x1b[K\n'}
[2.549665] (prova_rt1) StderrLine: {'line': b'\x1b[01m\x1b[K/home/luchino/RT_first_assignment/src/prova_rt1/src/ui_node.cpp:60:17:\x1b[m\x1b[K \x1b[01;31m\x1b[Kerror: \x1b[m\x1b[K\xe2\x80\x98\x1b[01m\x1b[Kt2_publisher_\x1b[m\x1b[K\xe2\x80\x99 was not declared in this scope; did you mean \xe2\x80\x98\x1b[01m\x1b[Krmw_publisher_t\x1b[m\x1b[K\xe2\x80\x99?\n'}
[2.550441] (prova_rt1) StderrLine: {'line': b'   60 |                 \x1b[01;31m\x1b[Kt2_publisher_\x1b[m\x1b[K->publish(stop_turtle);\n'}
[2.550612] (prova_rt1) StderrLine: {'line': b'      |                 \x1b[01;31m\x1b[K^~~~~~~~~~~~~\x1b[m\x1b[K\n'}
[2.550728] (prova_rt1) StderrLine: {'line': b'      |                 \x1b[32m\x1b[Krmw_publisher_t\x1b[m\x1b[K\n'}
[2.557388] (prova_rt1) StderrLine: {'line': b'\x1b[01m\x1b[K/home/luchino/RT_first_assignment/src/prova_rt1/src/ui_node.cpp:60:40:\x1b[m\x1b[K \x1b[01;31m\x1b[Kerror: \x1b[m\x1b[K\xe2\x80\x98\x1b[01m\x1b[Kstop_turtle\x1b[m\x1b[K\xe2\x80\x99 was not declared in this scope\n'}
[2.557597] (prova_rt1) StderrLine: {'line': b'   60 |                 t2_publisher_->publish(\x1b[01;31m\x1b[Kstop_turtle\x1b[m\x1b[K);\n'}
[2.557648] (prova_rt1) StderrLine: {'line': b'      |                                        \x1b[01;31m\x1b[K^~~~~~~~~~~\x1b[m\x1b[K\n'}
[2.564984] (prova_rt1) StderrLine: {'line': b'\x1b[01m\x1b[K/home/luchino/RT_first_assignment/src/prova_rt1/src/ui_node.cpp:63:13:\x1b[m\x1b[K \x1b[01;31m\x1b[Kerror: \x1b[m\x1b[K\xe2\x80\x98\x1b[01m\x1b[Kmoving_turtle_\x1b[m\x1b[K\xe2\x80\x99 was not declared in this scope\n'}
[2.565218] (prova_rt1) StderrLine: {'line': b'   63 |             \x1b[01;31m\x1b[Kmoving_turtle_\x1b[m\x1b[K = 0;\n'}
[2.565298] (prova_rt1) StderrLine: {'line': b'      |             \x1b[01;31m\x1b[K^~~~~~~~~~~~~~\x1b[m\x1b[K\n'}
[2.571878] (prova_rt1) StderrLine: {'line': b'\x1b[01m\x1b[K/home/luchino/RT_first_assignment/src/prova_rt1/src/ui_node.cpp:64:13:\x1b[m\x1b[K \x1b[01;31m\x1b[Kerror: \x1b[m\x1b[K\xe2\x80\x98\x1b[01m\x1b[Kstop_timer_\x1b[m\x1b[K\xe2\x80\x99 was not declared in this scope\n'}
[2.572145] (prova_rt1) StderrLine: {'line': b'   64 |             \x1b[01;31m\x1b[Kstop_timer_\x1b[m\x1b[K->cancel();\n'}
[2.572252] (prova_rt1) StderrLine: {'line': b'      |             \x1b[01;31m\x1b[K^~~~~~~~~~~\x1b[m\x1b[K\n'}
[2.579083] (prova_rt1) StderrLine: {'line': b'\x1b[01m\x1b[K/home/luchino/RT_first_assignment/src/prova_rt1/src/ui_node.cpp:\x1b[m\x1b[K In member function \xe2\x80\x98\x1b[01m\x1b[Kvoid Input_Controller::\x1b[01;32m\x1b[Kinput_timer_callback\x1b[m\x1b[K()\x1b[m\x1b[K\xe2\x80\x99:\n'}
[2.579405] (prova_rt1) StderrLine: {'line': b'\x1b[01m\x1b[K/home/luchino/RT_first_assignment/src/prova_rt1/src/ui_node.cpp:69:13:\x1b[m\x1b[K \x1b[01;31m\x1b[Kerror: \x1b[m\x1b[K\xe2\x80\x98\x1b[01m\x1b[Kdistance_sub_\x1b[m\x1b[K\xe2\x80\x99 was not declared in this scope\n'}
[2.579549] (prova_rt1) StderrLine: {'line': b'   69 |             \x1b[01;31m\x1b[Kdistance_sub_\x1b[m\x1b[K = this->create_subscription<std_msgs::msg::Float32>("distance", 10, std::bind(&Input_Controller::check_distance, this, _1));\n'}
[2.579658] (prova_rt1) StderrLine: {'line': b'      |             \x1b[01;31m\x1b[K^~~~~~~~~~~~~\x1b[m\x1b[K\n'}
[2.611435] (-) TimerEvent: {}
[2.631069] (prova_rt1) StderrLine: {'line': b'\x1b[01m\x1b[K/home/luchino/RT_first_assignment/src/prova_rt1/src/ui_node.cpp:70:13:\x1b[m\x1b[K \x1b[01;31m\x1b[Kerror: \x1b[m\x1b[K\xe2\x80\x98\x1b[01m\x1b[Kboundaries_sub_\x1b[m\x1b[K\xe2\x80\x99 was not declared in this scope\n'}
[2.631400] (prova_rt1) StderrLine: {'line': b'   70 |             \x1b[01;31m\x1b[Kboundaries_sub_\x1b[m\x1b[K = this->create_subscription<std_msgs::msg::Bool>("boundaries", 10, std::bind(&Input_Controller::check_boundaries, this, _1));\n'}
[2.631501] (prova_rt1) StderrLine: {'line': b'      |             \x1b[01;31m\x1b[K^~~~~~~~~~~~~~~\x1b[m\x1b[K\n'}
[2.682286] (prova_rt1) StderrLine: {'line': b'\x1b[01m\x1b[K/home/luchino/RT_first_assignment/src/prova_rt1/src/ui_node.cpp:71:47:\x1b[m\x1b[K \x1b[01;31m\x1b[Kerror: \x1b[m\x1b[K\xe2\x80\x98\x1b[01m\x1b[Kactual_distance\x1b[m\x1b[K\xe2\x80\x99 was not declared in this scope; did you mean \xe2\x80\x98\x1b[01m\x1b[Kcheck_distance\x1b[m\x1b[K\xe2\x80\x99?\n'}
[2.682610] (prova_rt1) StderrLine: {'line': b'   71 |             std::cout<<"actual_distance = "<< \x1b[01;31m\x1b[Kactual_distance\x1b[m\x1b[K.data <<std::endl;\n'}
[2.682704] (prova_rt1) StderrLine: {'line': b'      |                                               \x1b[01;31m\x1b[K^~~~~~~~~~~~~~~\x1b[m\x1b[K\n'}
[2.682805] (prova_rt1) StderrLine: {'line': b'      |                                               \x1b[32m\x1b[Kcheck_distance\x1b[m\x1b[K\n'}
[2.694701] (prova_rt1) StderrLine: {'line': b'\x1b[01m\x1b[K/home/luchino/RT_first_assignment/src/prova_rt1/src/ui_node.cpp:72:42:\x1b[m\x1b[K \x1b[01;31m\x1b[Kerror: \x1b[m\x1b[K\xe2\x80\x98\x1b[01m\x1b[Kboundaries\x1b[m\x1b[K\xe2\x80\x99 was not declared in this scope\n'}
[2.694981] (prova_rt1) StderrLine: {'line': b'   72 |             std::cout<<"boundaries = "<< \x1b[01;31m\x1b[Kboundaries\x1b[m\x1b[K.data <<std::endl;\n'}
[2.695042] (prova_rt1) StderrLine: {'line': b'      |                                          \x1b[01;31m\x1b[K^~~~~~~~~~\x1b[m\x1b[K\n'}
[2.706420] (prova_rt1) StderrLine: {'line': b'\x1b[01m\x1b[K/home/luchino/RT_first_assignment/src/prova_rt1/src/ui_node.cpp:75:25:\x1b[m\x1b[K \x1b[01;31m\x1b[Kerror: \x1b[m\x1b[K\xe2\x80\x98\x1b[01m\x1b[Kn_turtle\x1b[m\x1b[K\xe2\x80\x99 was not declared in this scope\n'}
[2.706665] (prova_rt1) StderrLine: {'line': b'   75 |             std::cin >> \x1b[01;31m\x1b[Kn_turtle\x1b[m\x1b[K;\n'}
[2.706743] (prova_rt1) StderrLine: {'line': b'      |                         \x1b[01;31m\x1b[K^~~~~~~~\x1b[m\x1b[K\n'}
[2.711630] (-) TimerEvent: {}
[2.714539] (prova_rt1) StderrLine: {'line': b'\x1b[01m\x1b[K/home/luchino/RT_first_assignment/src/prova_rt1/src/ui_node.cpp:78:29:\x1b[m\x1b[K \x1b[01;31m\x1b[Kerror: \x1b[m\x1b[K\xe2\x80\x98\x1b[01m\x1b[Kvel_input\x1b[m\x1b[K\xe2\x80\x99 was not declared in this scope\n'}
[2.714863] (prova_rt1) StderrLine: {'line': b'   78 |                 std::cin >> \x1b[01;31m\x1b[Kvel_input\x1b[m\x1b[K.linear.x;\n'}
[2.715055] (prova_rt1) StderrLine: {'line': b'      |                             \x1b[01;31m\x1b[K^~~~~~~~~\x1b[m\x1b[K\n'}
[2.728747] (prova_rt1) StderrLine: {'line': b'\x1b[01m\x1b[K/home/luchino/RT_first_assignment/src/prova_rt1/src/ui_node.cpp:87:17:\x1b[m\x1b[K \x1b[01;31m\x1b[Kerror: \x1b[m\x1b[K\xe2\x80\x98\x1b[01m\x1b[Kmoving_turtle_\x1b[m\x1b[K\xe2\x80\x99 was not declared in this scope\n'}
[2.729015] (prova_rt1) StderrLine: {'line': b'   87 |                 \x1b[01;31m\x1b[Kmoving_turtle_\x1b[m\x1b[K = n_turtle;\n'}
[2.729090] (prova_rt1) StderrLine: {'line': b'      |                 \x1b[01;31m\x1b[K^~~~~~~~~~~~~~\x1b[m\x1b[K\n'}
[2.738158] (prova_rt1) StderrLine: {'line': b'\x1b[01m\x1b[K/home/luchino/RT_first_assignment/src/prova_rt1/src/ui_node.cpp:90:21:\x1b[m\x1b[K \x1b[01;31m\x1b[Kerror: \x1b[m\x1b[K\xe2\x80\x98\x1b[01m\x1b[Kt1_publisher_\x1b[m\x1b[K\xe2\x80\x99 was not declared in this scope; did you mean \xe2\x80\x98\x1b[01m\x1b[Krmw_publisher_t\x1b[m\x1b[K\xe2\x80\x99?\n'}
[2.738429] (prova_rt1) StderrLine: {'line': b'   90 |                     \x1b[01;31m\x1b[Kt1_publisher_\x1b[m\x1b[K->publish(vel_input);\n'}
[2.738508] (prova_rt1) StderrLine: {'line': b'      |                     \x1b[01;31m\x1b[K^~~~~~~~~~~~~\x1b[m\x1b[K\n'}
[2.738565] (prova_rt1) StderrLine: {'line': b'      |                     \x1b[32m\x1b[Krmw_publisher_t\x1b[m\x1b[K\n'}
[2.746771] (prova_rt1) StderrLine: {'line': b'\x1b[01m\x1b[K/home/luchino/RT_first_assignment/src/prova_rt1/src/ui_node.cpp:92:21:\x1b[m\x1b[K \x1b[01;31m\x1b[Kerror: \x1b[m\x1b[K\xe2\x80\x98\x1b[01m\x1b[Kt2_publisher_\x1b[m\x1b[K\xe2\x80\x99 was not declared in this scope; did you mean \xe2\x80\x98\x1b[01m\x1b[Krmw_publisher_t\x1b[m\x1b[K\xe2\x80\x99?\n'}
[2.747076] (prova_rt1) StderrLine: {'line': b'   92 |                     \x1b[01;31m\x1b[Kt2_publisher_\x1b[m\x1b[K->publish(vel_input);\n'}
[2.747170] (prova_rt1) StderrLine: {'line': b'      |                     \x1b[01;31m\x1b[K^~~~~~~~~~~~~\x1b[m\x1b[K\n'}
[2.747245] (prova_rt1) StderrLine: {'line': b'      |                     \x1b[32m\x1b[Krmw_publisher_t\x1b[m\x1b[K\n'}
[2.756656] (prova_rt1) StderrLine: {'line': b'\x1b[01m\x1b[K/home/luchino/RT_first_assignment/src/prova_rt1/src/ui_node.cpp:95:17:\x1b[m\x1b[K \x1b[01;31m\x1b[Kerror: \x1b[m\x1b[K\xe2\x80\x98\x1b[01m\x1b[Kstop_timer_\x1b[m\x1b[K\xe2\x80\x99 was not declared in this scope\n'}
[2.756983] (prova_rt1) StderrLine: {'line': b'   95 |                 \x1b[01;31m\x1b[Kstop_timer_\x1b[m\x1b[K = this->create_wall_timer(\n'}
[2.757096] (prova_rt1) StderrLine: {'line': b'      |                 \x1b[01;31m\x1b[K^~~~~~~~~~~\x1b[m\x1b[K\n'}
[2.762174] (prova_rt1) StderrLine: {'line': b'\x1b[01m\x1b[K/home/luchino/RT_first_assignment/src/prova_rt1/src/ui_node.cpp:\x1b[m\x1b[K At global scope:\n'}
[2.762519] (prova_rt1) StderrLine: {'line': b'\x1b[01m\x1b[K/home/luchino/RT_first_assignment/src/prova_rt1/src/ui_node.cpp:108:9:\x1b[m\x1b[K \x1b[01;31m\x1b[Kerror: \x1b[m\x1b[Kspecializing member \xe2\x80\x98\x1b[01m\x1b[Krclcpp::Publisher<geometry_msgs::msg::Twist_<std::allocator<void> >, std::allocator<void> >::SharedPtr\x1b[m\x1b[K\xe2\x80\x99 requires \xe2\x80\x98\x1b[01m\x1b[Ktemplate<>\x1b[m\x1b[K\xe2\x80\x99 syntax\n'}
[2.762600] (prova_rt1) StderrLine: {'line': b'  108 |         \x1b[01;31m\x1b[Krclcpp\x1b[m\x1b[K::Publisher<geometry_msgs::msg::Twist>::SharedPtr t1_publisher_;\n'}
[2.762810] (prova_rt1) StderrLine: {'line': b'      |         \x1b[01;31m\x1b[K^~~~~~\x1b[m\x1b[K\n'}
[2.763317] (prova_rt1) StderrLine: {'line': b'\x1b[01m\x1b[K/home/luchino/RT_first_assignment/src/prova_rt1/src/ui_node.cpp:127:1:\x1b[m\x1b[K \x1b[01;31m\x1b[Kerror: \x1b[m\x1b[Kexpected declaration before \xe2\x80\x98\x1b[01m\x1b[K}\x1b[m\x1b[K\xe2\x80\x99 token\n'}
[2.763561] (prova_rt1) StderrLine: {'line': b'  127 | \x1b[01;31m\x1b[K}\x1b[m\x1b[K;\n'}
[2.763642] (prova_rt1) StderrLine: {'line': b'      | \x1b[01;31m\x1b[K^\x1b[m\x1b[K\n'}
[2.811849] (-) TimerEvent: {}
[2.912604] (-) TimerEvent: {}
[3.013147] (-) TimerEvent: {}
[3.113746] (-) TimerEvent: {}
[3.214355] (-) TimerEvent: {}
[3.314968] (-) TimerEvent: {}
[3.415679] (-) TimerEvent: {}
[3.516195] (-) TimerEvent: {}
[3.616818] (-) TimerEvent: {}
[3.717331] (-) TimerEvent: {}
[3.817726] (-) TimerEvent: {}
[3.918067] (-) TimerEvent: {}
[4.018432] (-) TimerEvent: {}
[4.118770] (-) TimerEvent: {}
[4.219177] (-) TimerEvent: {}
[4.319612] (-) TimerEvent: {}
[4.420048] (-) TimerEvent: {}
[4.520511] (-) TimerEvent: {}
[4.620918] (-) TimerEvent: {}
[4.721366] (-) TimerEvent: {}
[4.821792] (-) TimerEvent: {}
[4.922109] (-) TimerEvent: {}
[5.022527] (-) TimerEvent: {}
[5.122873] (-) TimerEvent: {}
[5.223249] (-) TimerEvent: {}
[5.323633] (-) TimerEvent: {}
[5.423998] (-) TimerEvent: {}
[5.524432] (-) TimerEvent: {}
[5.553860] (prova_rt1) StderrLine: {'line': b'gmake[2]: *** [CMakeFiles/ui.dir/build.make:76: CMakeFiles/ui.dir/src/ui_node.cpp.o] Error 1\n'}
[5.554173] (prova_rt1) StderrLine: {'line': b'gmake[1]: *** [CMakeFiles/Makefile2:139: CMakeFiles/ui.dir/all] Error 2\n'}
[5.554537] (prova_rt1) StderrLine: {'line': b'gmake: *** [Makefile:146: all] Error 2\n'}
[5.556127] (prova_rt1) CommandEnded: {'returncode': 2}
[5.562552] (prova_rt1) JobEnded: {'identifier': 'prova_rt1', 'rc': 2}
[5.573590] (-) EventReactorShutdown: {}
