[01m[K/home/luchino/RT_first_assignment/src/assignment1_rt/src/ui_node.cpp:[m[K In member function â€˜[01m[Kvoid Input_Controller::[01;32m[Kinput_timer_callback[m[K()[m[Kâ€™:
[01m[K/home/luchino/RT_first_assignment/src/assignment1_rt/src/ui_node.cpp:79:24:[m[K [01;31m[Kerror: [m[Kâ€˜[01m[Klast_vel_input[m[Kâ€™ was not declared in this scope; did you mean â€˜[01m[Kvel_input[m[Kâ€™?
   79 |                     if([01;31m[Klast_vel_input[m[K.linear.x  != 0 && last_vel_input.angular.z !=0){
      |                        [01;31m[K^~~~~~~~~~~~~~[m[K
      |                        [32m[Kvel_input[m[K
[01m[K/home/luchino/RT_first_assignment/src/assignment1_rt/src/ui_node.cpp:80:25:[m[K [01;31m[Kerror: [m[Kâ€˜[01m[Kreverse_vel[m[Kâ€™ was not declared in this scope
   80 |                         [01;31m[Kreverse_vel[m[K.linear.x = -1;
      |                         [01;31m[K^~~~~~~~~~~[m[K
[01m[K/home/luchino/RT_first_assignment/src/assignment1_rt/src/ui_node.cpp:83:25:[m[K [01;31m[Kerror: [m[Kâ€˜[01m[Kreverse_vel[m[Kâ€™ was not declared in this scope
   83 |                         [01;31m[Kreverse_vel[m[K.linear.x = -1;
      |                         [01;31m[K^~~~~~~~~~~[m[K
[01m[K/home/luchino/RT_first_assignment/src/assignment1_rt/src/ui_node.cpp:85:25:[m[K [01;31m[Kerror: [m[Kâ€˜[01m[Kreverse_vel[m[Kâ€™ was not declared in this scope
   85 |                         [01;31m[Kreverse_vel[m[K.linear.x = -1;
      |                         [01;31m[K^~~~~~~~~~~[m[K
[01m[K/home/luchino/RT_first_assignment/src/assignment1_rt/src/ui_node.cpp:95:25:[m[K [01;31m[Kerror: [m[Kâ€˜[01m[Kreverse_timer_[m[Kâ€™ was not declared in this scope
   95 |                     if ([01;31m[Kreverse_timer_[m[K != nullptr) {
      |                         [01;31m[K^~~~~~~~~~~~~~[m[K
[01m[K/home/luchino/RT_first_assignment/src/assignment1_rt/src/ui_node.cpp:98:21:[m[K [01;31m[Kerror: [m[Kâ€˜[01m[Kreverse_timer_[m[Kâ€™ was not declared in this scope
   98 |                     [01;31m[Kreverse_timer_[m[K = this->create_wall_timer(
      |                     [01;31m[K^~~~~~~~~~~~~~[m[K
[01m[K/home/luchino/RT_first_assignment/src/assignment1_rt/src/ui_node.cpp:100:54:[m[K [01;31m[Kerror: [m[Kâ€˜[01m[Kreverse_movement_callback[m[Kâ€™ is not a member of â€˜[01m[KInput_Controller[m[Kâ€™
  100 |                         std::bind(&Input_Controller::[01;31m[Kreverse_movement_callback[m[K, this)
      |                                                      [01;31m[K^~~~~~~~~~~~~~~~~~~~~~~~~[m[K
gmake[2]: *** [CMakeFiles/ui.dir/build.make:76: CMakeFiles/ui.dir/src/ui_node.cpp.o] Error 1
gmake[1]: *** [CMakeFiles/Makefile2:139: CMakeFiles/ui.dir/all] Error 2
gmake: *** [Makefile:146: all] Error 2
